E:\PROJECTS DATA\2512GAME\KIDBUU\CHRISTMASGAME\EXTERNALLIBS\IRRKLANG\PRJ\DEBUG\CIRRKLANGAUDIOSTREAMLOADERMP3.OBJ
E:\PROJECTS DATA\2512GAME\KIDBUU\CHRISTMASGAME\EXTERNALLIBS\IRRKLANG\PRJ\DEBUG\CIRRKLANGAUDIOSTREAMMP3.OBJ
E:\PROJECTS DATA\2512GAME\KIDBUU\CHRISTMASGAME\EXTERNALLIBS\IRRKLANG\PRJ\DEBUG\IKPMP3.OBJ
E:\PROJECTS DATA\2512GAME\KIDBUU\CHRISTMASGAME\EXTERNALLIBS\IRRKLANG\PRJ\DEBUG\VC110.PDB
E:\PROJECTS DATA\2512GAME\KIDBUU\CHRISTMASGAME\EXTERNALLIBS\IRRKLANG\PRJ\DEBUG\BITS.OBJ
E:\PROJECTS DATA\2512GAME\KIDBUU\CHRISTMASGAME\EXTERNALLIBS\IRRKLANG\PRJ\DEBUG\MPAUDEC.OBJ
E:\PROJECTS DATA\THEFIRST\EXTERNALLIBS\IRRKLANG\PRJ\DEBUG\CIRRKLANGAUDIOSTREAMLOADERMP3.OBJ
E:\PROJECTS DATA\THEFIRST\EXTERNALLIBS\IRRKLANG\PRJ\DEBUG\CIRRKLANGAUDIOSTREAMMP3.OBJ
E:\PROJECTS DATA\THEFIRST\EXTERNALLIBS\IRRKLANG\PRJ\DEBUG\IKPMP3.OBJ
E:\PROJECTS DATA\THEFIRST\EXTERNALLIBS\IRRKLANG\PRJ\DEBUG\VC110.PDB
E:\PROJECTS DATA\THEFIRST\EXTERNALLIBS\IRRKLANG\PRJ\DEBUG\BITS.OBJ
E:\PROJECTS DATA\THEFIRST\EXTERNALLIBS\IRRKLANG\PRJ\DEBUG\MPAUDEC.OBJ
E:\PROJECTS DATA\2512GAME\KIDBUU\CHRISTMASGAME\PRJ\DEBUG\IRRKLANG_2012.LIB
E:\PROJECTS DATA\THEFIRST\PRJ\DEBUG\IRRKLANG_2012.LIB
E:\Projects Data\TheFirst\ExternalLibs\irrKlang\prj\Debug\bits.obj
E:\Projects Data\TheFirst\ExternalLibs\irrKlang\prj\Debug\CIrrKlangAudioStreamLoaderMP3.obj
E:\Projects Data\TheFirst\ExternalLibs\irrKlang\prj\Debug\CIrrKlangAudioStreamMP3.obj
E:\Projects Data\TheFirst\ExternalLibs\irrKlang\prj\Debug\ikpMP3.obj
E:\Projects Data\TheFirst\ExternalLibs\irrKlang\prj\Debug\mpaudec.obj
E:\Projects Data\TheFirst\ExternalLibs\irrKlang\prj\Debug\cl.command.1.tlog
E:\Projects Data\TheFirst\ExternalLibs\irrKlang\prj\Debug\CL.read.1.tlog
E:\Projects Data\TheFirst\ExternalLibs\irrKlang\prj\Debug\CL.write.1.tlog
E:\Projects Data\TheFirst\ExternalLibs\irrKlang\prj\Debug\Lib-link.read.1.tlog
E:\Projects Data\TheFirst\ExternalLibs\irrKlang\prj\Debug\Lib-link.write.1.tlog
E:\Projects Data\TheFirst\ExternalLibs\irrKlang\prj\Debug\lib.command.1.tlog
E:\Projects Data\TheFirst\ExternalLibs\irrKlang\prj\Debug\vc110.idb
E:\Projects Data\TheFirst\ExternalLibs\irrKlang\prj\Debug\vc110.pdb
E:\Projects Data\TheFirst\prj\Debug\irrKlang_2012.lib
