E:\PROJECTS DATA\2512GAME\KIDBUU\CHRISTMASGAME\PRJ\DEBUG\APP.OBJ
E:\PROJECTS DATA\2512GAME\KIDBUU\CHRISTMASGAME\PRJ\DEBUG\GAME.OBJ
E:\PROJECTS DATA\2512GAME\KIDBUU\CHRISTMASGAME\PRJ\DEBUG\HELLOWORLD.OBJ
E:\PROJECTS DATA\2512GAME\KIDBUU\CHRISTMASGAME\PRJ\DEBUG\SCENENODE.OBJ
E:\PROJECTS DATA\2512GAME\KIDBUU\CHRISTMASGAME\PRJ\DEBUG\SOUND.OBJ
E:\PROJECTS DATA\2512GAME\KIDBUU\CHRISTMASGAME\PRJ\DEBUG\SOUNDMANAGER.OBJ
E:\PROJECTS DATA\2512GAME\KIDBUU\CHRISTMASGAME\PRJ\DEBUG\SOURCE.OBJ
E:\PROJECTS DATA\2512GAME\KIDBUU\CHRISTMASGAME\PRJ\DEBUG\SIMPLESPRITE.OBJ
E:\PROJECTS DATA\2512GAME\KIDBUU\CHRISTMASGAME\PRJ\DEBUG\GS_LOADINGMENU.OBJ
E:\PROJECTS DATA\2512GAME\KIDBUU\CHRISTMASGAME\PRJ\DEBUG\STATE.OBJ
E:\PROJECTS DATA\2512GAME\KIDBUU\CHRISTMASGAME\PRJ\DEBUG\STATEMGR.OBJ
E:\PROJECTS DATA\2512GAME\KIDBUU\CHRISTMASGAME\PRJ\DEBUG\VC110.PDB
E:\PROJECTS DATA\THEFIRST\PRJ\DEBUG\APP.OBJ
E:\PROJECTS DATA\THEFIRST\PRJ\DEBUG\GAME.OBJ
E:\PROJECTS DATA\THEFIRST\PRJ\DEBUG\HELLOWORLD.OBJ
E:\PROJECTS DATA\THEFIRST\PRJ\DEBUG\SCENENODE.OBJ
E:\PROJECTS DATA\THEFIRST\PRJ\DEBUG\SOUND.OBJ
E:\PROJECTS DATA\THEFIRST\PRJ\DEBUG\SOUNDMANAGER.OBJ
E:\PROJECTS DATA\THEFIRST\PRJ\DEBUG\SOURCE.OBJ
E:\PROJECTS DATA\THEFIRST\PRJ\DEBUG\SIMPLESPRITE.OBJ
E:\PROJECTS DATA\THEFIRST\PRJ\DEBUG\GS_LOADINGMENU.OBJ
E:\PROJECTS DATA\THEFIRST\PRJ\DEBUG\STATE.OBJ
E:\PROJECTS DATA\THEFIRST\PRJ\DEBUG\STATEMGR.OBJ
E:\PROJECTS DATA\THEFIRST\PRJ\DEBUG\VC110.PDB
E:\PROJECTS DATA\THEFIRST\PRJ\DEBUG\LOADINGSTATE.OBJ
E:\Projects Data\2512Game\KidBuu\christmasGame\build\Win32\Game_2012.lib
E:\Projects Data\2512Game\KidBuu\christmasGame\build\Win32\Game_2012.exp
E:\Projects Data\TheFirst\build\Win32\Game_2012.lib
E:\Projects Data\TheFirst\build\Win32\Game_2012.exp
E:\PROJECTS DATA\2512GAME\KIDBUU\CHRISTMASGAME\BUILD\WIN32\GAME_2012.ILK
E:\PROJECTS DATA\2512GAME\KIDBUU\CHRISTMASGAME\BUILD\WIN32\GAME_2012.EXE
E:\PROJECTS DATA\2512GAME\KIDBUU\CHRISTMASGAME\BUILD\WIN32\GAME_2012.PDB
E:\PROJECTS DATA\THEFIRST\BUILD\WIN32\GAME_2012.ILK
E:\PROJECTS DATA\THEFIRST\BUILD\WIN32\GAME_2012.EXE
E:\PROJECTS DATA\THEFIRST\BUILD\WIN32\GAME_2012.PDB
E:\Projects Data\TheFirst\prj\Debug\Game_2012.vcxprojResolveAssemblyReference.cache
E:\Projects Data\TheFirst\prj\Debug\App.obj
E:\Projects Data\TheFirst\prj\Debug\Game.obj
E:\Projects Data\TheFirst\prj\Debug\GS_LoadingMenu.obj
E:\Projects Data\TheFirst\prj\Debug\HelloWorld.obj
E:\Projects Data\TheFirst\prj\Debug\LoadingState.obj
E:\Projects Data\TheFirst\prj\Debug\SceneNode.obj
E:\Projects Data\TheFirst\prj\Debug\SimpleSprite.obj
E:\Projects Data\TheFirst\prj\Debug\Sound.obj
E:\Projects Data\TheFirst\prj\Debug\SoundManager.obj
E:\Projects Data\TheFirst\prj\Debug\Source.obj
E:\Projects Data\TheFirst\prj\Debug\State.obj
E:\Projects Data\TheFirst\prj\Debug\cl.command.1.tlog
E:\Projects Data\TheFirst\prj\Debug\CL.read.1.tlog
E:\Projects Data\TheFirst\prj\Debug\CL.write.1.tlog
E:\Projects Data\TheFirst\prj\Debug\Game_2012.write.1.tlog
E:\Projects Data\TheFirst\prj\Debug\link-cvtres.read.1.tlog
E:\Projects Data\TheFirst\prj\Debug\link-cvtres.write.1.tlog
E:\Projects Data\TheFirst\prj\Debug\link-rc.read.1.tlog
E:\Projects Data\TheFirst\prj\Debug\link-rc.write.1.tlog
E:\Projects Data\TheFirst\prj\Debug\link.command.1.tlog
E:\Projects Data\TheFirst\prj\Debug\link.read.1.tlog
E:\Projects Data\TheFirst\prj\Debug\link.write.1.tlog
E:\Projects Data\TheFirst\prj\Debug\vc110.idb
E:\Projects Data\TheFirst\prj\Debug\vc110.pdb
E:\Projects Data\TheFirst\prj\..\build\Win32\Game_2012.pdb
E:\Projects Data\TheFirst\prj\..\build\Win32\Game_2012.exe
E:\Projects Data\TheFirst\prj\..\build\Win32\Game_2012.ilk
