Build started 11/7/2018 7:36:37 AM.
     1>Project "E:\Projects Data\TheFirst\prj\Game_2012.vcxproj" on node 2 (Rebuild target(s)).
     1>C:\Program Files (x86)\MSBuild\Microsoft.Cpp\v4.0\V110\Microsoft.CppBuild.targets(346,5): warning MSB8004: Output Directory does not end with a trailing slash.  This build instance will add the slash as it is required to allow proper evaluation of the Output Directory.
     1>ClCompile:
         C:\Program Files (x86)\Microsoft Visual Studio 11.0\VC\bin\CL.exe /c /I"E:\Projects Data\TheFirst\prj\..\ExternalLibs\Box2D\include" /I"E:\Projects Data\TheFirst\prj\..\ExternalLibs\Box2D\src" /I"E:\Projects Data\TheFirst\prj\..\ExternalLibs\irrKlang\include" /I"E:\Projects Data\TheFirst\prj\..\ExternalLibs\irrLicht\include" /I"E:\Projects Data\TheFirst\prj\..\ExternalLibs\irrLicht\src" /I"E:\Projects Data\TheFirst\prj\..\src" /ZI /nologo /W4 /WX- /Od /Oy- /D WIN32 /D _DEBUG /D _CONSOLE /D _UNICODE /D UNICODE /Gm /EHsc /RTC1 /MDd /GS /fp:precise /Zc:wchar_t /Zc:forScope /Fo"Debug\\" /Fd"Debug\vc110.pdb" /Gd /TP /analyze- /errorReport:prompt ..\src\App.cpp ..\src\Game.cpp ..\src\HelloWorld.cpp ..\src\SceneNode\SceneNode.cpp ..\src\Sound\Sound.cpp ..\src\Sound\SoundManager.cpp ..\src\Source.cpp ..\src\Sprite\SimpleSprite.cpp ..\src\State\LoadingState.cpp ..\src\State\State.cpp ..\src\State\StateMgr.cpp
         StateMgr.cpp
     1>e:\projects data\thefirst\externallibs\irrlicht\include\smaterial.h(548): warning C4244: '=' : conversion from 'irr::video::E_ANTI_ALIASING_MODE' to 'irr::u8', possible loss of data
     1>e:\projects data\thefirst\externallibs\irrlicht\include\idynamicmeshbuffer.h(53): warning C4100: 'numIndices' : unreferenced formal parameter
     1>e:\projects data\thefirst\externallibs\irrlicht\include\idynamicmeshbuffer.h(53): warning C4100: 'indices' : unreferenced formal parameter
     1>e:\projects data\thefirst\externallibs\irrlicht\include\idynamicmeshbuffer.h(53): warning C4100: 'numVertices' : unreferenced formal parameter
     1>e:\projects data\thefirst\externallibs\irrlicht\include\idynamicmeshbuffer.h(53): warning C4100: 'vertices' : unreferenced formal parameter
     1>e:\projects data\thefirst\externallibs\irrlicht\include\idynamicmeshbuffer.h(61): warning C4100: 'other' : unreferenced formal parameter
     1>e:\projects data\thefirst\externallibs\irrlicht\include\fast_atof.h(157): warning C4127: conditional expression is constant
     1>e:\projects data\thefirst\externallibs\irrlicht\include\fast_atof.h(204): warning C4127: conditional expression is constant
     1>e:\projects data\thefirst\externallibs\irrlicht\include\iattributeexchangingobject.h(58): warning C4100: 'options' : unreferenced formal parameter
     1>e:\projects data\thefirst\externallibs\irrlicht\include\iattributeexchangingobject.h(58): warning C4100: 'out' : unreferenced formal parameter
     1>e:\projects data\thefirst\externallibs\irrlicht\include\iattributeexchangingobject.h(63): warning C4100: 'options' : unreferenced formal parameter
     1>e:\projects data\thefirst\externallibs\irrlicht\include\iattributeexchangingobject.h(63): warning C4100: 'in' : unreferenced formal parameter
     1>e:\projects data\thefirst\externallibs\irrlicht\include\iscenenodeanimator.h(53): warning C4100: 'event' : unreferenced formal parameter
     1>e:\projects data\thefirst\externallibs\irrlicht\include\iscenenode.h(406): warning C4100: 'num' : unreferenced formal parameter
     1>e:\projects data\thefirst\externallibs\irrlicht\include\iscenenode.h(687): warning C4100: 'options' : unreferenced formal parameter
     1>e:\projects data\thefirst\externallibs\irrlicht\include\iscenenode.h(712): warning C4100: 'options' : unreferenced formal parameter
     1>e:\projects data\thefirst\externallibs\irrlicht\include\iscenenode.h(741): warning C4100: 'newManager' : unreferenced formal parameter
     1>e:\projects data\thefirst\externallibs\irrlicht\include\iscenenode.h(741): warning C4100: 'newParent' : unreferenced formal parameter
     1>e:\projects data\thefirst\externallibs\irrlicht\include\icursorcontrol.h(159): warning C4100: 'iconId' : unreferenced formal parameter
     1>e:\projects data\thefirst\externallibs\irrlicht\include\icursorcontrol.h(166): warning C4100: 'icon' : unreferenced formal parameter
     1>e:\projects data\thefirst\externallibs\irrlicht\include\icursorcontrol.h(173): warning C4100: 'sprite' : unreferenced formal parameter
     1>e:\projects data\thefirst\externallibs\irrlicht\include\icursorcontrol.h(173): warning C4100: 'iconId' : unreferenced formal parameter
     1>e:\projects data\thefirst\externallibs\irrlicht\include\icursorcontrol.h(179): warning C4100: 'behavior' : unreferenced formal parameter
     1>e:\projects data\thefirst\externallibs\irrlicht\include\iguielement.h(765): warning C4100: 'options' : unreferenced formal parameter
     1>e:\projects data\thefirst\externallibs\irrlicht\include\iguielement.h(789): warning C4100: 'options' : unreferenced formal parameter
     1>e:\projects data\thefirst\externallibs\irrlicht\include\imaterialrenderer.h(51): warning C4100: 'services' : unreferenced formal parameter
     1>e:\projects data\thefirst\externallibs\irrlicht\include\imaterialrenderer.h(51): warning C4100: 'resetAllRenderstates' : unreferenced formal parameter
     1>e:\projects data\thefirst\externallibs\irrlicht\include\imaterialrenderer.h(50): warning C4100: 'lastMaterial' : unreferenced formal parameter
     1>e:\projects data\thefirst\externallibs\irrlicht\include\imaterialrenderer.h(50): warning C4100: 'material' : unreferenced formal parameter
     1>e:\projects data\thefirst\externallibs\irrlicht\include\imaterialrenderer.h(71): warning C4100: 'vtxtype' : unreferenced formal parameter
     1>e:\projects data\thefirst\externallibs\irrlicht\include\imaterialrenderer.h(71): warning C4100: 'service' : unreferenced formal parameter
     1>e:\projects data\thefirst\externallibs\irrlicht\include\sskinmeshbuffer.h(329): warning C4100: 'numIndices' : unreferenced formal parameter
     1>e:\projects data\thefirst\externallibs\irrlicht\include\sskinmeshbuffer.h(329): warning C4100: 'indices' : unreferenced formal parameter
     1>e:\projects data\thefirst\externallibs\irrlicht\include\sskinmeshbuffer.h(329): warning C4100: 'numVertices' : unreferenced formal parameter
     1>e:\projects data\thefirst\externallibs\irrlicht\include\sskinmeshbuffer.h(329): warning C4100: 'vertices' : unreferenced formal parameter
     1>e:\projects data\thefirst\externallibs\irrlicht\include\sskinmeshbuffer.h(332): warning C4100: 'other' : unreferenced formal parameter
     1>e:\projects data\thefirst\externallibs\irrlicht\include\ishaderconstantsetcallback.h(44): warning C4100: 'material' : unreferenced formal parameter
     1>e:\projects data\thefirst\externallibs\irrlicht\include\sanimatedmesh.h(69): warning C4100: 'endFrameLoop' : unreferenced formal parameter
     1>e:\projects data\thefirst\externallibs\irrlicht\include\sanimatedmesh.h(69): warning C4100: 'startFrameLoop' : unreferenced formal parameter
     1>e:\projects data\thefirst\externallibs\irrlicht\include\sanimatedmesh.h(69): warning C4100: 'detailLevel' : unreferenced formal parameter
     1>e:\projects data\thefirst\externallibs\irrlicht\include\ssharedmeshbuffer.h(171): warning C4100: 'numIndices' : unreferenced formal parameter
     1>e:\projects data\thefirst\externallibs\irrlicht\include\ssharedmeshbuffer.h(171): warning C4100: 'indices' : unreferenced formal parameter
     1>e:\projects data\thefirst\externallibs\irrlicht\include\ssharedmeshbuffer.h(171): warning C4100: 'numVertices' : unreferenced formal parameter
     1>e:\projects data\thefirst\externallibs\irrlicht\include\ssharedmeshbuffer.h(171): warning C4100: 'vertices' : unreferenced formal parameter
     1>e:\projects data\thefirst\externallibs\irrlicht\include\ssharedmeshbuffer.h(174): warning C4100: 'other' : unreferenced formal parameter
     1>e:\projects data\thefirst\src\state\statemgr.cpp(5): warning C4127: conditional expression is constant
     1>e:\projects data\thefirst\src\state\statemgr.cpp(7): error C2059: syntax error : ')'
     1>e:\projects data\thefirst\src\state\statemgr.cpp(8): error C2143: syntax error : missing ';' before '{'
     1>e:\projects data\thefirst\src\state\statemgr.cpp(9): error C2046: illegal case
     1>e:\projects data\thefirst\src\state\statemgr.cpp(11): error C2046: illegal case
         State.cpp
     1>e:\projects data\thefirst\externallibs\irrlicht\include\smaterial.h(548): warning C4244: '=' : conversion from 'irr::video::E_ANTI_ALIASING_MODE' to 'irr::u8', possible loss of data
     1>e:\projects data\thefirst\externallibs\irrlicht\include\idynamicmeshbuffer.h(53): warning C4100: 'numIndices' : unreferenced formal parameter
     1>e:\projects data\thefirst\externallibs\irrlicht\include\idynamicmeshbuffer.h(53): warning C4100: 'indices' : unreferenced formal parameter
     1>e:\projects data\thefirst\externallibs\irrlicht\include\idynamicmeshbuffer.h(53): warning C4100: 'numVertices' : unreferenced formal parameter
     1>e:\projects data\thefirst\externallibs\irrlicht\include\idynamicmeshbuffer.h(53): warning C4100: 'vertices' : unreferenced formal parameter
     1>e:\projects data\thefirst\externallibs\irrlicht\include\idynamicmeshbuffer.h(61): warning C4100: 'other' : unreferenced formal parameter
     1>e:\projects data\thefirst\externallibs\irrlicht\include\fast_atof.h(157): warning C4127: conditional expression is constant
     1>e:\projects data\thefirst\externallibs\irrlicht\include\fast_atof.h(204): warning C4127: conditional expression is constant
     1>e:\projects data\thefirst\externallibs\irrlicht\include\iattributeexchangingobject.h(58): warning C4100: 'options' : unreferenced formal parameter
     1>e:\projects data\thefirst\externallibs\irrlicht\include\iattributeexchangingobject.h(58): warning C4100: 'out' : unreferenced formal parameter
     1>e:\projects data\thefirst\externallibs\irrlicht\include\iattributeexchangingobject.h(63): warning C4100: 'options' : unreferenced formal parameter
     1>e:\projects data\thefirst\externallibs\irrlicht\include\iattributeexchangingobject.h(63): warning C4100: 'in' : unreferenced formal parameter
     1>e:\projects data\thefirst\externallibs\irrlicht\include\iscenenodeanimator.h(53): warning C4100: 'event' : unreferenced formal parameter
     1>e:\projects data\thefirst\externallibs\irrlicht\include\iscenenode.h(406): warning C4100: 'num' : unreferenced formal parameter
     1>e:\projects data\thefirst\externallibs\irrlicht\include\iscenenode.h(687): warning C4100: 'options' : unreferenced formal parameter
     1>e:\projects data\thefirst\externallibs\irrlicht\include\iscenenode.h(712): warning C4100: 'options' : unreferenced formal parameter
     1>e:\projects data\thefirst\externallibs\irrlicht\include\iscenenode.h(741): warning C4100: 'newManager' : unreferenced formal parameter
     1>e:\projects data\thefirst\externallibs\irrlicht\include\iscenenode.h(741): warning C4100: 'newParent' : unreferenced formal parameter
     1>e:\projects data\thefirst\externallibs\irrlicht\include\icursorcontrol.h(159): warning C4100: 'iconId' : unreferenced formal parameter
     1>e:\projects data\thefirst\externallibs\irrlicht\include\icursorcontrol.h(166): warning C4100: 'icon' : unreferenced formal parameter
     1>e:\projects data\thefirst\externallibs\irrlicht\include\icursorcontrol.h(173): warning C4100: 'sprite' : unreferenced formal parameter
     1>e:\projects data\thefirst\externallibs\irrlicht\include\icursorcontrol.h(173): warning C4100: 'iconId' : unreferenced formal parameter
     1>e:\projects data\thefirst\externallibs\irrlicht\include\icursorcontrol.h(179): warning C4100: 'behavior' : unreferenced formal parameter
     1>e:\projects data\thefirst\externallibs\irrlicht\include\iguielement.h(765): warning C4100: 'options' : unreferenced formal parameter
     1>e:\projects data\thefirst\externallibs\irrlicht\include\iguielement.h(789): warning C4100: 'options' : unreferenced formal parameter
     1>e:\projects data\thefirst\externallibs\irrlicht\include\imaterialrenderer.h(51): warning C4100: 'services' : unreferenced formal parameter
     1>e:\projects data\thefirst\externallibs\irrlicht\include\imaterialrenderer.h(51): warning C4100: 'resetAllRenderstates' : unreferenced formal parameter
     1>e:\projects data\thefirst\externallibs\irrlicht\include\imaterialrenderer.h(50): warning C4100: 'lastMaterial' : unreferenced formal parameter
     1>e:\projects data\thefirst\externallibs\irrlicht\include\imaterialrenderer.h(50): warning C4100: 'material' : unreferenced formal parameter
     1>e:\projects data\thefirst\externallibs\irrlicht\include\imaterialrenderer.h(71): warning C4100: 'vtxtype' : unreferenced formal parameter
     1>e:\projects data\thefirst\externallibs\irrlicht\include\imaterialrenderer.h(71): warning C4100: 'service' : unreferenced formal parameter
     1>e:\projects data\thefirst\externallibs\irrlicht\include\sskinmeshbuffer.h(329): warning C4100: 'numIndices' : unreferenced formal parameter
     1>e:\projects data\thefirst\externallibs\irrlicht\include\sskinmeshbuffer.h(329): warning C4100: 'indices' : unreferenced formal parameter
     1>e:\projects data\thefirst\externallibs\irrlicht\include\sskinmeshbuffer.h(329): warning C4100: 'numVertices' : unreferenced formal parameter
     1>e:\projects data\thefirst\externallibs\irrlicht\include\sskinmeshbuffer.h(329): warning C4100: 'vertices' : unreferenced formal parameter
     1>e:\projects data\thefirst\externallibs\irrlicht\include\sskinmeshbuffer.h(332): warning C4100: 'other' : unreferenced formal parameter
     1>e:\projects data\thefirst\externallibs\irrlicht\include\ishaderconstantsetcallback.h(44): warning C4100: 'material' : unreferenced formal parameter
     1>e:\projects data\thefirst\externallibs\irrlicht\include\sanimatedmesh.h(69): warning C4100: 'endFrameLoop' : unreferenced formal parameter
     1>e:\projects data\thefirst\externallibs\irrlicht\include\sanimatedmesh.h(69): warning C4100: 'startFrameLoop' : unreferenced formal parameter
     1>e:\projects data\thefirst\externallibs\irrlicht\include\sanimatedmesh.h(69): warning C4100: 'detailLevel' : unreferenced formal parameter
     1>e:\projects data\thefirst\externallibs\irrlicht\include\ssharedmeshbuffer.h(171): warning C4100: 'numIndices' : unreferenced formal parameter
     1>e:\projects data\thefirst\externallibs\irrlicht\include\ssharedmeshbuffer.h(171): warning C4100: 'indices' : unreferenced formal parameter
     1>e:\projects data\thefirst\externallibs\irrlicht\include\ssharedmeshbuffer.h(171): warning C4100: 'numVertices' : unreferenced formal parameter
     1>e:\projects data\thefirst\externallibs\irrlicht\include\ssharedmeshbuffer.h(171): warning C4100: 'vertices' : unreferenced formal parameter
     1>e:\projects data\thefirst\externallibs\irrlicht\include\ssharedmeshbuffer.h(174): warning C4100: 'other' : unreferenced formal parameter
     1>e:\projects data\thefirst\src\state\state.cpp(24): warning C4100: 'dt' : unreferenced formal parameter
     1>e:\projects data\thefirst\src\state\state.cpp(42): warning C4100: 'event' : unreferenced formal parameter
     1>e:\projects data\thefirst\externallibs\irrlicht\include\irrallocator.h(51): warning C4100: 'ptr' : unreferenced formal parameter
                 e:\projects data\thefirst\externallibs\irrlicht\include\irrallocator.h(52) : while compiling class template member function 'void irr::core::irrAllocator<T>::destruct(T *)'
                 with
                 [
                     T=irr::core::matrix4
                 ]
                 e:\projects data\thefirst\externallibs\irrlicht\include\smateriallayer.h(75) : see reference to function template instantiation 'void irr::core::irrAllocator<T>::destruct(T *)' being compiled
                 with
                 [
                     T=irr::core::matrix4
                 ]
                 e:\projects data\thefirst\externallibs\irrlicht\include\smateriallayer.h(217) : see reference to class template instantiation 'irr::core::irrAllocator<T>' being compiled
                 with
                 [
                     T=irr::core::matrix4
                 ]
     1>e:\projects data\thefirst\externallibs\irrlicht\include\cindexbuffer.h(83): warning C4127: conditional expression is constant
                 e:\projects data\thefirst\externallibs\irrlicht\include\cindexbuffer.h(82) : while compiling class template member function 'irr::video::E_INDEX_TYPE irr::scene::CIndexBuffer::CSpecificIndexList<T>::getType(void) const'
                 with
                 [
                     T=irr::u16
                 ]
                 e:\projects data\thefirst\externallibs\irrlicht\include\cindexbuffer.h(121) : see reference to class template instantiation 'irr::scene::CIndexBuffer::CSpecificIndexList<T>' being compiled
                 with
                 [
                     T=irr::u16
                 ]
     1>e:\projects data\thefirst\externallibs\irrlicht\include\irrstring.h(505): warning C4244: '=' : conversion from 'irr::u32' to 'irr::c8', possible loss of data
                 e:\projects data\thefirst\externallibs\irrlicht\include\irrstring.h(503) : while compiling class template member function 'irr::core::string<T> &irr::core::string<T>::make_lower(void)'
                 with
                 [
                     T=irr::c8
                 ]
                 e:\projects data\thefirst\externallibs\irrlicht\include\path.h(76) : see reference to function template instantiation 'irr::core::string<T> &irr::core::string<T>::make_lower(void)' being compiled
                 with
                 [
                     T=irr::c8
                 ]
                 e:\projects data\thefirst\externallibs\irrlicht\include\path.h(81) : see reference to class template instantiation 'irr::core::string<T>' being compiled
                 with
                 [
                     T=irr::c8
                 ]
     1>e:\projects data\thefirst\externallibs\irrlicht\include\irrstring.h(913): warning C4244: '=' : conversion from 'irr::u32' to 'irr::c8', possible loss of data
                 e:\projects data\thefirst\externallibs\irrlicht\include\irrstring.h(892) : while compiling class template member function 'irr::core::string<T> irr::core::string<T>::subString(irr::u32,irr::s32,bool) const'
                 with
                 [
                     T=irr::c8
                 ]
                 e:\projects data\thefirst\externallibs\irrlicht\include\coreutil.h(52) : see reference to function template instantiation 'irr::core::string<T> irr::core::string<T>::subString(irr::u32,irr::s32,bool) const' being compiled
                 with
                 [
                     T=irr::c8
                 ]
     1>e:\projects data\thefirst\externallibs\irrlicht\include\matrix4.h(2190): warning C4100: 'isDefinitelyIdentityMatrix' : unreferenced formal parameter
                 e:\projects data\thefirst\externallibs\irrlicht\include\matrix4.h(2191) : while compiling class template member function 'void irr::core::CMatrix4<T>::setDefinitelyIdentityMatrix(bool)'
                 with
                 [
                     T=irr::f32
                 ]
                 e:\projects data\thefirst\externallibs\irrlicht\include\quaternion.h(372) : see reference to function template instantiation 'void irr::core::CMatrix4<T>::setDefinitelyIdentityMatrix(bool)' being compiled
                 with
                 [
                     T=irr::f32
                 ]
                 e:\projects data\thefirst\externallibs\irrlicht\include\matrix4.h(2238) : see reference to class template instantiation 'irr::core::CMatrix4<T>' being compiled
                 with
                 [
                     T=irr::f32
                 ]
     1>e:\projects data\thefirst\externallibs\irrlicht\include\imeshmanipulator.h(346): warning C4100: 'typeTest' : unreferenced formal parameter
                 e:\projects data\thefirst\externallibs\irrlicht\include\imeshmanipulator.h(306) : see reference to function template instantiation 'bool irr::scene::IMeshManipulator::apply_<Functor>(const Functor &,irr::scene::IMeshBuffer *,bool,const irr::scene::IVertexManipulator &) const' being compiled
                 with
                 [
                     Functor=irr::scene::SVertexColorSetAlphaManipulator
                 ]
                 e:\projects data\thefirst\externallibs\irrlicht\include\imeshmanipulator.h(52) : see reference to function template instantiation 'bool irr::scene::IMeshManipulator::apply<irr::scene::SVertexColorSetAlphaManipulator>(const Functor &,irr::scene::IMeshBuffer *,bool) const' being compiled
                 with
                 [
                     Functor=irr::scene::SVertexColorSetAlphaManipulator
                 ]
         LoadingState.cpp
     1>e:\projects data\thefirst\externallibs\irrlicht\include\smaterial.h(548): warning C4244: '=' : conversion from 'irr::video::E_ANTI_ALIASING_MODE' to 'irr::u8', possible loss of data
     1>e:\projects data\thefirst\externallibs\irrlicht\include\idynamicmeshbuffer.h(53): warning C4100: 'numIndices' : unreferenced formal parameter
     1>e:\projects data\thefirst\externallibs\irrlicht\include\idynamicmeshbuffer.h(53): warning C4100: 'indices' : unreferenced formal parameter
     1>e:\projects data\thefirst\externallibs\irrlicht\include\idynamicmeshbuffer.h(53): warning C4100: 'numVertices' : unreferenced formal parameter
     1>e:\projects data\thefirst\externallibs\irrlicht\include\idynamicmeshbuffer.h(53): warning C4100: 'vertices' : unreferenced formal parameter
     1>e:\projects data\thefirst\externallibs\irrlicht\include\idynamicmeshbuffer.h(61): warning C4100: 'other' : unreferenced formal parameter
     1>e:\projects data\thefirst\externallibs\irrlicht\include\fast_atof.h(157): warning C4127: conditional expression is constant
     1>e:\projects data\thefirst\externallibs\irrlicht\include\fast_atof.h(204): warning C4127: conditional expression is constant
     1>e:\projects data\thefirst\externallibs\irrlicht\include\iattributeexchangingobject.h(58): warning C4100: 'options' : unreferenced formal parameter
     1>e:\projects data\thefirst\externallibs\irrlicht\include\iattributeexchangingobject.h(58): warning C4100: 'out' : unreferenced formal parameter
     1>e:\projects data\thefirst\externallibs\irrlicht\include\iattributeexchangingobject.h(63): warning C4100: 'options' : unreferenced formal parameter
     1>e:\projects data\thefirst\externallibs\irrlicht\include\iattributeexchangingobject.h(63): warning C4100: 'in' : unreferenced formal parameter
     1>e:\projects data\thefirst\externallibs\irrlicht\include\iscenenodeanimator.h(53): warning C4100: 'event' : unreferenced formal parameter
     1>e:\projects data\thefirst\externallibs\irrlicht\include\iscenenode.h(406): warning C4100: 'num' : unreferenced formal parameter
     1>e:\projects data\thefirst\externallibs\irrlicht\include\iscenenode.h(687): warning C4100: 'options' : unreferenced formal parameter
     1>e:\projects data\thefirst\externallibs\irrlicht\include\iscenenode.h(712): warning C4100: 'options' : unreferenced formal parameter
     1>e:\projects data\thefirst\externallibs\irrlicht\include\iscenenode.h(741): warning C4100: 'newManager' : unreferenced formal parameter
     1>e:\projects data\thefirst\externallibs\irrlicht\include\iscenenode.h(741): warning C4100: 'newParent' : unreferenced formal parameter
     1>e:\projects data\thefirst\externallibs\irrlicht\include\icursorcontrol.h(159): warning C4100: 'iconId' : unreferenced formal parameter
     1>e:\projects data\thefirst\externallibs\irrlicht\include\icursorcontrol.h(166): warning C4100: 'icon' : unreferenced formal parameter
     1>e:\projects data\thefirst\externallibs\irrlicht\include\icursorcontrol.h(173): warning C4100: 'sprite' : unreferenced formal parameter
     1>e:\projects data\thefirst\externallibs\irrlicht\include\icursorcontrol.h(173): warning C4100: 'iconId' : unreferenced formal parameter
     1>e:\projects data\thefirst\externallibs\irrlicht\include\icursorcontrol.h(179): warning C4100: 'behavior' : unreferenced formal parameter
     1>e:\projects data\thefirst\externallibs\irrlicht\include\iguielement.h(765): warning C4100: 'options' : unreferenced formal parameter
     1>e:\projects data\thefirst\externallibs\irrlicht\include\iguielement.h(789): warning C4100: 'options' : unreferenced formal parameter
     1>e:\projects data\thefirst\externallibs\irrlicht\include\imaterialrenderer.h(51): warning C4100: 'services' : unreferenced formal parameter
     1>e:\projects data\thefirst\externallibs\irrlicht\include\imaterialrenderer.h(51): warning C4100: 'resetAllRenderstates' : unreferenced formal parameter
     1>e:\projects data\thefirst\externallibs\irrlicht\include\imaterialrenderer.h(50): warning C4100: 'lastMaterial' : unreferenced formal parameter
     1>e:\projects data\thefirst\externallibs\irrlicht\include\imaterialrenderer.h(50): warning C4100: 'material' : unreferenced formal parameter
     1>e:\projects data\thefirst\externallibs\irrlicht\include\imaterialrenderer.h(71): warning C4100: 'vtxtype' : unreferenced formal parameter
     1>e:\projects data\thefirst\externallibs\irrlicht\include\imaterialrenderer.h(71): warning C4100: 'service' : unreferenced formal parameter
     1>e:\projects data\thefirst\externallibs\irrlicht\include\sskinmeshbuffer.h(329): warning C4100: 'numIndices' : unreferenced formal parameter
     1>e:\projects data\thefirst\externallibs\irrlicht\include\sskinmeshbuffer.h(329): warning C4100: 'indices' : unreferenced formal parameter
     1>e:\projects data\thefirst\externallibs\irrlicht\include\sskinmeshbuffer.h(329): warning C4100: 'numVertices' : unreferenced formal parameter
     1>e:\projects data\thefirst\externallibs\irrlicht\include\sskinmeshbuffer.h(329): warning C4100: 'vertices' : unreferenced formal parameter
     1>e:\projects data\thefirst\externallibs\irrlicht\include\sskinmeshbuffer.h(332): warning C4100: 'other' : unreferenced formal parameter
     1>e:\projects data\thefirst\externallibs\irrlicht\include\ishaderconstantsetcallback.h(44): warning C4100: 'material' : unreferenced formal parameter
     1>e:\projects data\thefirst\externallibs\irrlicht\include\sanimatedmesh.h(69): warning C4100: 'endFrameLoop' : unreferenced formal parameter
     1>e:\projects data\thefirst\externallibs\irrlicht\include\sanimatedmesh.h(69): warning C4100: 'startFrameLoop' : unreferenced formal parameter
     1>e:\projects data\thefirst\externallibs\irrlicht\include\sanimatedmesh.h(69): warning C4100: 'detailLevel' : unreferenced formal parameter
     1>e:\projects data\thefirst\externallibs\irrlicht\include\ssharedmeshbuffer.h(171): warning C4100: 'numIndices' : unreferenced formal parameter
     1>e:\projects data\thefirst\externallibs\irrlicht\include\ssharedmeshbuffer.h(171): warning C4100: 'indices' : unreferenced formal parameter
     1>e:\projects data\thefirst\externallibs\irrlicht\include\ssharedmeshbuffer.h(171): warning C4100: 'numVertices' : unreferenced formal parameter
     1>e:\projects data\thefirst\externallibs\irrlicht\include\ssharedmeshbuffer.h(171): warning C4100: 'vertices' : unreferenced formal parameter
     1>e:\projects data\thefirst\externallibs\irrlicht\include\ssharedmeshbuffer.h(174): warning C4100: 'other' : unreferenced formal parameter
     1>e:\projects data\thefirst\src\state\loadingstate.cpp(31): warning C4100: 'dt' : unreferenced formal parameter
     1>e:\projects data\thefirst\externallibs\irrlicht\include\irrallocator.h(51): warning C4100: 'ptr' : unreferenced formal parameter
                 e:\projects data\thefirst\externallibs\irrlicht\include\irrallocator.h(52) : while compiling class template member function 'void irr::core::irrAllocator<T>::destruct(T *)'
                 with
                 [
                     T=irr::core::matrix4
                 ]
                 e:\projects data\thefirst\externallibs\irrlicht\include\smateriallayer.h(75) : see reference to function template instantiation 'void irr::core::irrAllocator<T>::destruct(T *)' being compiled
                 with
                 [
                     T=irr::core::matrix4
                 ]
                 e:\projects data\thefirst\externallibs\irrlicht\include\smateriallayer.h(217) : see reference to class template instantiation 'irr::core::irrAllocator<T>' being compiled
                 with
                 [
                     T=irr::core::matrix4
                 ]
     1>e:\projects data\thefirst\externallibs\irrlicht\include\cindexbuffer.h(83): warning C4127: conditional expression is constant
                 e:\projects data\thefirst\externallibs\irrlicht\include\cindexbuffer.h(82) : while compiling class template member function 'irr::video::E_INDEX_TYPE irr::scene::CIndexBuffer::CSpecificIndexList<T>::getType(void) const'
                 with
                 [
                     T=irr::u16
                 ]
                 e:\projects data\thefirst\externallibs\irrlicht\include\cindexbuffer.h(121) : see reference to class template instantiation 'irr::scene::CIndexBuffer::CSpecificIndexList<T>' being compiled
                 with
                 [
                     T=irr::u16
                 ]
     1>e:\projects data\thefirst\externallibs\irrlicht\include\irrstring.h(505): warning C4244: '=' : conversion from 'irr::u32' to 'irr::c8', possible loss of data
                 e:\projects data\thefirst\externallibs\irrlicht\include\irrstring.h(503) : while compiling class template member function 'irr::core::string<T> &irr::core::string<T>::make_lower(void)'
                 with
                 [
                     T=irr::c8
                 ]
                 e:\projects data\thefirst\externallibs\irrlicht\include\path.h(76) : see reference to function template instantiation 'irr::core::string<T> &irr::core::string<T>::make_lower(void)' being compiled
                 with
                 [
                     T=irr::c8
                 ]
                 e:\projects data\thefirst\externallibs\irrlicht\include\path.h(81) : see reference to class template instantiation 'irr::core::string<T>' being compiled
                 with
                 [
                     T=irr::c8
                 ]
     1>e:\projects data\thefirst\externallibs\irrlicht\include\irrstring.h(913): warning C4244: '=' : conversion from 'irr::u32' to 'irr::c8', possible loss of data
                 e:\projects data\thefirst\externallibs\irrlicht\include\irrstring.h(892) : while compiling class template member function 'irr::core::string<T> irr::core::string<T>::subString(irr::u32,irr::s32,bool) const'
                 with
                 [
                     T=irr::c8
                 ]
                 e:\projects data\thefirst\externallibs\irrlicht\include\coreutil.h(52) : see reference to function template instantiation 'irr::core::string<T> irr::core::string<T>::subString(irr::u32,irr::s32,bool) const' being compiled
                 with
                 [
                     T=irr::c8
                 ]
     1>e:\projects data\thefirst\externallibs\irrlicht\include\matrix4.h(2190): warning C4100: 'isDefinitelyIdentityMatrix' : unreferenced formal parameter
                 e:\projects data\thefirst\externallibs\irrlicht\include\matrix4.h(2191) : while compiling class template member function 'void irr::core::CMatrix4<T>::setDefinitelyIdentityMatrix(bool)'
                 with
                 [
                     T=irr::f32
                 ]
                 e:\projects data\thefirst\externallibs\irrlicht\include\quaternion.h(372) : see reference to function template instantiation 'void irr::core::CMatrix4<T>::setDefinitelyIdentityMatrix(bool)' being compiled
                 with
                 [
                     T=irr::f32
                 ]
                 e:\projects data\thefirst\externallibs\irrlicht\include\matrix4.h(2238) : see reference to class template instantiation 'irr::core::CMatrix4<T>' being compiled
                 with
                 [
                     T=irr::f32
                 ]
     1>e:\projects data\thefirst\externallibs\irrlicht\include\imeshmanipulator.h(346): warning C4100: 'typeTest' : unreferenced formal parameter
                 e:\projects data\thefirst\externallibs\irrlicht\include\imeshmanipulator.h(306) : see reference to function template instantiation 'bool irr::scene::IMeshManipulator::apply_<Functor>(const Functor &,irr::scene::IMeshBuffer *,bool,const irr::scene::IVertexManipulator &) const' being compiled
                 with
                 [
                     Functor=irr::scene::SVertexColorSetAlphaManipulator
                 ]
                 e:\projects data\thefirst\externallibs\irrlicht\include\imeshmanipulator.h(52) : see reference to function template instantiation 'bool irr::scene::IMeshManipulator::apply<irr::scene::SVertexColorSetAlphaManipulator>(const Functor &,irr::scene::IMeshBuffer *,bool) const' being compiled
                 with
                 [
                     Functor=irr::scene::SVertexColorSetAlphaManipulator
                 ]
         SimpleSprite.cpp
     1>e:\projects data\thefirst\externallibs\irrlicht\include\smaterial.h(548): warning C4244: '=' : conversion from 'irr::video::E_ANTI_ALIASING_MODE' to 'irr::u8', possible loss of data
     1>e:\projects data\thefirst\externallibs\irrlicht\include\icursorcontrol.h(159): warning C4100: 'iconId' : unreferenced formal parameter
     1>e:\projects data\thefirst\externallibs\irrlicht\include\icursorcontrol.h(166): warning C4100: 'icon' : unreferenced formal parameter
     1>e:\projects data\thefirst\externallibs\irrlicht\include\icursorcontrol.h(173): warning C4100: 'sprite' : unreferenced formal parameter
     1>e:\projects data\thefirst\externallibs\irrlicht\include\icursorcontrol.h(173): warning C4100: 'iconId' : unreferenced formal parameter
     1>e:\projects data\thefirst\externallibs\irrlicht\include\icursorcontrol.h(179): warning C4100: 'behavior' : unreferenced formal parameter
     1>e:\projects data\thefirst\externallibs\irrlicht\include\idynamicmeshbuffer.h(53): warning C4100: 'numIndices' : unreferenced formal parameter
     1>e:\projects data\thefirst\externallibs\irrlicht\include\idynamicmeshbuffer.h(53): warning C4100: 'indices' : unreferenced formal parameter
     1>e:\projects data\thefirst\externallibs\irrlicht\include\idynamicmeshbuffer.h(53): warning C4100: 'numVertices' : unreferenced formal parameter
     1>e:\projects data\thefirst\externallibs\irrlicht\include\idynamicmeshbuffer.h(53): warning C4100: 'vertices' : unreferenced formal parameter
     1>e:\projects data\thefirst\externallibs\irrlicht\include\idynamicmeshbuffer.h(61): warning C4100: 'other' : unreferenced formal parameter
     1>e:\projects data\thefirst\externallibs\irrlicht\include\fast_atof.h(157): warning C4127: conditional expression is constant
     1>e:\projects data\thefirst\externallibs\irrlicht\include\fast_atof.h(204): warning C4127: conditional expression is constant
     1>e:\projects data\thefirst\externallibs\irrlicht\include\iattributeexchangingobject.h(58): warning C4100: 'options' : unreferenced formal parameter
     1>e:\projects data\thefirst\externallibs\irrlicht\include\iattributeexchangingobject.h(58): warning C4100: 'out' : unreferenced formal parameter
     1>e:\projects data\thefirst\externallibs\irrlicht\include\iattributeexchangingobject.h(63): warning C4100: 'options' : unreferenced formal parameter
     1>e:\projects data\thefirst\externallibs\irrlicht\include\iattributeexchangingobject.h(63): warning C4100: 'in' : unreferenced formal parameter
     1>e:\projects data\thefirst\externallibs\irrlicht\include\iscenenodeanimator.h(53): warning C4100: 'event' : unreferenced formal parameter
     1>e:\projects data\thefirst\externallibs\irrlicht\include\iscenenode.h(406): warning C4100: 'num' : unreferenced formal parameter
     1>e:\projects data\thefirst\externallibs\irrlicht\include\iscenenode.h(687): warning C4100: 'options' : unreferenced formal parameter
     1>e:\projects data\thefirst\externallibs\irrlicht\include\iscenenode.h(712): warning C4100: 'options' : unreferenced formal parameter
     1>e:\projects data\thefirst\externallibs\irrlicht\include\iscenenode.h(741): warning C4100: 'newManager' : unreferenced formal parameter
     1>e:\projects data\thefirst\externallibs\irrlicht\include\iscenenode.h(741): warning C4100: 'newParent' : unreferenced formal parameter
     1>e:\projects data\thefirst\externallibs\irrlicht\include\iguielement.h(765): warning C4100: 'options' : unreferenced formal parameter
     1>e:\projects data\thefirst\externallibs\irrlicht\include\iguielement.h(789): warning C4100: 'options' : unreferenced formal parameter
     1>e:\projects data\thefirst\externallibs\irrlicht\include\imaterialrenderer.h(51): warning C4100: 'services' : unreferenced formal parameter
     1>e:\projects data\thefirst\externallibs\irrlicht\include\imaterialrenderer.h(51): warning C4100: 'resetAllRenderstates' : unreferenced formal parameter
     1>e:\projects data\thefirst\externallibs\irrlicht\include\imaterialrenderer.h(50): warning C4100: 'lastMaterial' : unreferenced formal parameter
     1>e:\projects data\thefirst\externallibs\irrlicht\include\imaterialrenderer.h(50): warning C4100: 'material' : unreferenced formal parameter
     1>e:\projects data\thefirst\externallibs\irrlicht\include\imaterialrenderer.h(71): warning C4100: 'vtxtype' : unreferenced formal parameter
     1>e:\projects data\thefirst\externallibs\irrlicht\include\imaterialrenderer.h(71): warning C4100: 'service' : unreferenced formal parameter
     1>e:\projects data\thefirst\externallibs\irrlicht\include\sskinmeshbuffer.h(329): warning C4100: 'numIndices' : unreferenced formal parameter
     1>e:\projects data\thefirst\externallibs\irrlicht\include\sskinmeshbuffer.h(329): warning C4100: 'indices' : unreferenced formal parameter
     1>e:\projects data\thefirst\externallibs\irrlicht\include\sskinmeshbuffer.h(329): warning C4100: 'numVertices' : unreferenced formal parameter
     1>e:\projects data\thefirst\externallibs\irrlicht\include\sskinmeshbuffer.h(329): warning C4100: 'vertices' : unreferenced formal parameter
     1>e:\projects data\thefirst\externallibs\irrlicht\include\sskinmeshbuffer.h(332): warning C4100: 'other' : unreferenced formal parameter
     1>e:\projects data\thefirst\externallibs\irrlicht\include\ishaderconstantsetcallback.h(44): warning C4100: 'material' : unreferenced formal parameter
     1>e:\projects data\thefirst\externallibs\irrlicht\include\sanimatedmesh.h(69): warning C4100: 'endFrameLoop' : unreferenced formal parameter
     1>e:\projects data\thefirst\externallibs\irrlicht\include\sanimatedmesh.h(69): warning C4100: 'startFrameLoop' : unreferenced formal parameter
     1>e:\projects data\thefirst\externallibs\irrlicht\include\sanimatedmesh.h(69): warning C4100: 'detailLevel' : unreferenced formal parameter
     1>e:\projects data\thefirst\externallibs\irrlicht\include\ssharedmeshbuffer.h(171): warning C4100: 'numIndices' : unreferenced formal parameter
     1>e:\projects data\thefirst\externallibs\irrlicht\include\ssharedmeshbuffer.h(171): warning C4100: 'indices' : unreferenced formal parameter
     1>e:\projects data\thefirst\externallibs\irrlicht\include\ssharedmeshbuffer.h(171): warning C4100: 'numVertices' : unreferenced formal parameter
     1>e:\projects data\thefirst\externallibs\irrlicht\include\ssharedmeshbuffer.h(171): warning C4100: 'vertices' : unreferenced formal parameter
     1>e:\projects data\thefirst\externallibs\irrlicht\include\ssharedmeshbuffer.h(174): warning C4100: 'other' : unreferenced formal parameter
     1>e:\projects data\thefirst\externallibs\irrlicht\include\irrstring.h(505): warning C4244: '=' : conversion from 'irr::u32' to 'irr::c8', possible loss of data
                 e:\projects data\thefirst\externallibs\irrlicht\include\irrstring.h(503) : while compiling class template member function 'irr::core::string<T> &irr::core::string<T>::make_lower(void)'
                 with
                 [
                     T=irr::c8
                 ]
                 e:\projects data\thefirst\externallibs\irrlicht\include\path.h(76) : see reference to function template instantiation 'irr::core::string<T> &irr::core::string<T>::make_lower(void)' being compiled
                 with
                 [
                     T=irr::c8
                 ]
                 e:\projects data\thefirst\externallibs\irrlicht\include\path.h(81) : see reference to class template instantiation 'irr::core::string<T>' being compiled
                 with
                 [
                     T=irr::c8
                 ]
     1>e:\projects data\thefirst\externallibs\irrlicht\include\irrstring.h(913): warning C4244: '=' : conversion from 'irr::u32' to 'irr::c8', possible loss of data
                 e:\projects data\thefirst\externallibs\irrlicht\include\irrstring.h(892) : while compiling class template member function 'irr::core::string<T> irr::core::string<T>::subString(irr::u32,irr::s32,bool) const'
                 with
                 [
                     T=irr::c8
                 ]
                 e:\projects data\thefirst\externallibs\irrlicht\include\coreutil.h(52) : see reference to function template instantiation 'irr::core::string<T> irr::core::string<T>::subString(irr::u32,irr::s32,bool) const' being compiled
                 with
                 [
                     T=irr::c8
                 ]
     1>e:\projects data\thefirst\externallibs\irrlicht\include\irrallocator.h(51): warning C4100: 'ptr' : unreferenced formal parameter
                 e:\projects data\thefirst\externallibs\irrlicht\include\irrallocator.h(52) : while compiling class template member function 'void irr::core::irrAllocator<T>::destruct(T *)'
                 with
                 [
                     T=irr::core::matrix4
                 ]
                 e:\projects data\thefirst\externallibs\irrlicht\include\smateriallayer.h(75) : see reference to function template instantiation 'void irr::core::irrAllocator<T>::destruct(T *)' being compiled
                 with
                 [
                     T=irr::core::matrix4
                 ]
                 e:\projects data\thefirst\externallibs\irrlicht\include\smateriallayer.h(217) : see reference to class template instantiation 'irr::core::irrAllocator<T>' being compiled
                 with
                 [
                     T=irr::core::matrix4
                 ]
     1>e:\projects data\thefirst\externallibs\irrlicht\include\cindexbuffer.h(83): warning C4127: conditional expression is constant
                 e:\projects data\thefirst\externallibs\irrlicht\include\cindexbuffer.h(82) : while compiling class template member function 'irr::video::E_INDEX_TYPE irr::scene::CIndexBuffer::CSpecificIndexList<T>::getType(void) const'
                 with
                 [
                     T=irr::u16
                 ]
                 e:\projects data\thefirst\externallibs\irrlicht\include\cindexbuffer.h(121) : see reference to class template instantiation 'irr::scene::CIndexBuffer::CSpecificIndexList<T>' being compiled
                 with
                 [
                     T=irr::u16
                 ]
     1>e:\projects data\thefirst\externallibs\irrlicht\include\matrix4.h(2190): warning C4100: 'isDefinitelyIdentityMatrix' : unreferenced formal parameter
                 e:\projects data\thefirst\externallibs\irrlicht\include\matrix4.h(2191) : while compiling class template member function 'void irr::core::CMatrix4<T>::setDefinitelyIdentityMatrix(bool)'
                 with
                 [
                     T=irr::f32
                 ]
                 e:\projects data\thefirst\externallibs\irrlicht\include\quaternion.h(372) : see reference to function template instantiation 'void irr::core::CMatrix4<T>::setDefinitelyIdentityMatrix(bool)' being compiled
                 with
                 [
                     T=irr::f32
                 ]
                 e:\projects data\thefirst\externallibs\irrlicht\include\matrix4.h(2238) : see reference to class template instantiation 'irr::core::CMatrix4<T>' being compiled
                 with
                 [
                     T=irr::f32
                 ]
     1>e:\projects data\thefirst\externallibs\irrlicht\include\imeshmanipulator.h(346): warning C4100: 'typeTest' : unreferenced formal parameter
                 e:\projects data\thefirst\externallibs\irrlicht\include\imeshmanipulator.h(306) : see reference to function template instantiation 'bool irr::scene::IMeshManipulator::apply_<Functor>(const Functor &,irr::scene::IMeshBuffer *,bool,const irr::scene::IVertexManipulator &) const' being compiled
                 with
                 [
                     Functor=irr::scene::SVertexColorSetAlphaManipulator
                 ]
                 e:\projects data\thefirst\externallibs\irrlicht\include\imeshmanipulator.h(52) : see reference to function template instantiation 'bool irr::scene::IMeshManipulator::apply<irr::scene::SVertexColorSetAlphaManipulator>(const Functor &,irr::scene::IMeshBuffer *,bool) const' being compiled
                 with
                 [
                     Functor=irr::scene::SVertexColorSetAlphaManipulator
                 ]
         Source.cpp
         SoundManager.cpp
         Sound.cpp
         SceneNode.cpp
     1>e:\projects data\thefirst\externallibs\irrlicht\include\smaterial.h(548): warning C4244: '=' : conversion from 'irr::video::E_ANTI_ALIASING_MODE' to 'irr::u8', possible loss of data
     1>e:\projects data\thefirst\externallibs\irrlicht\include\idynamicmeshbuffer.h(53): warning C4100: 'numIndices' : unreferenced formal parameter
     1>e:\projects data\thefirst\externallibs\irrlicht\include\idynamicmeshbuffer.h(53): warning C4100: 'indices' : unreferenced formal parameter
     1>e:\projects data\thefirst\externallibs\irrlicht\include\idynamicmeshbuffer.h(53): warning C4100: 'numVertices' : unreferenced formal parameter
     1>e:\projects data\thefirst\externallibs\irrlicht\include\idynamicmeshbuffer.h(53): warning C4100: 'vertices' : unreferenced formal parameter
     1>e:\projects data\thefirst\externallibs\irrlicht\include\idynamicmeshbuffer.h(61): warning C4100: 'other' : unreferenced formal parameter
     1>e:\projects data\thefirst\externallibs\irrlicht\include\fast_atof.h(157): warning C4127: conditional expression is constant
     1>e:\projects data\thefirst\externallibs\irrlicht\include\fast_atof.h(204): warning C4127: conditional expression is constant
     1>e:\projects data\thefirst\externallibs\irrlicht\include\iattributeexchangingobject.h(58): warning C4100: 'options' : unreferenced formal parameter
     1>e:\projects data\thefirst\externallibs\irrlicht\include\iattributeexchangingobject.h(58): warning C4100: 'out' : unreferenced formal parameter
     1>e:\projects data\thefirst\externallibs\irrlicht\include\iattributeexchangingobject.h(63): warning C4100: 'options' : unreferenced formal parameter
     1>e:\projects data\thefirst\externallibs\irrlicht\include\iattributeexchangingobject.h(63): warning C4100: 'in' : unreferenced formal parameter
     1>e:\projects data\thefirst\externallibs\irrlicht\include\iscenenodeanimator.h(53): warning C4100: 'event' : unreferenced formal parameter
     1>e:\projects data\thefirst\externallibs\irrlicht\include\iscenenode.h(406): warning C4100: 'num' : unreferenced formal parameter
     1>e:\projects data\thefirst\externallibs\irrlicht\include\iscenenode.h(687): warning C4100: 'options' : unreferenced formal parameter
     1>e:\projects data\thefirst\externallibs\irrlicht\include\iscenenode.h(712): warning C4100: 'options' : unreferenced formal parameter
     1>e:\projects data\thefirst\externallibs\irrlicht\include\iscenenode.h(741): warning C4100: 'newManager' : unreferenced formal parameter
     1>e:\projects data\thefirst\externallibs\irrlicht\include\iscenenode.h(741): warning C4100: 'newParent' : unreferenced formal parameter
     1>e:\projects data\thefirst\externallibs\irrlicht\include\icursorcontrol.h(159): warning C4100: 'iconId' : unreferenced formal parameter
     1>e:\projects data\thefirst\externallibs\irrlicht\include\icursorcontrol.h(166): warning C4100: 'icon' : unreferenced formal parameter
     1>e:\projects data\thefirst\externallibs\irrlicht\include\icursorcontrol.h(173): warning C4100: 'sprite' : unreferenced formal parameter
     1>e:\projects data\thefirst\externallibs\irrlicht\include\icursorcontrol.h(173): warning C4100: 'iconId' : unreferenced formal parameter
     1>e:\projects data\thefirst\externallibs\irrlicht\include\icursorcontrol.h(179): warning C4100: 'behavior' : unreferenced formal parameter
     1>e:\projects data\thefirst\externallibs\irrlicht\include\iguielement.h(765): warning C4100: 'options' : unreferenced formal parameter
     1>e:\projects data\thefirst\externallibs\irrlicht\include\iguielement.h(789): warning C4100: 'options' : unreferenced formal parameter
     1>e:\projects data\thefirst\externallibs\irrlicht\include\imaterialrenderer.h(51): warning C4100: 'services' : unreferenced formal parameter
     1>e:\projects data\thefirst\externallibs\irrlicht\include\imaterialrenderer.h(51): warning C4100: 'resetAllRenderstates' : unreferenced formal parameter
     1>e:\projects data\thefirst\externallibs\irrlicht\include\imaterialrenderer.h(50): warning C4100: 'lastMaterial' : unreferenced formal parameter
     1>e:\projects data\thefirst\externallibs\irrlicht\include\imaterialrenderer.h(50): warning C4100: 'material' : unreferenced formal parameter
     1>e:\projects data\thefirst\externallibs\irrlicht\include\imaterialrenderer.h(71): warning C4100: 'vtxtype' : unreferenced formal parameter
     1>e:\projects data\thefirst\externallibs\irrlicht\include\imaterialrenderer.h(71): warning C4100: 'service' : unreferenced formal parameter
     1>e:\projects data\thefirst\externallibs\irrlicht\include\sskinmeshbuffer.h(329): warning C4100: 'numIndices' : unreferenced formal parameter
     1>e:\projects data\thefirst\externallibs\irrlicht\include\sskinmeshbuffer.h(329): warning C4100: 'indices' : unreferenced formal parameter
     1>e:\projects data\thefirst\externallibs\irrlicht\include\sskinmeshbuffer.h(329): warning C4100: 'numVertices' : unreferenced formal parameter
     1>e:\projects data\thefirst\externallibs\irrlicht\include\sskinmeshbuffer.h(329): warning C4100: 'vertices' : unreferenced formal parameter
     1>e:\projects data\thefirst\externallibs\irrlicht\include\sskinmeshbuffer.h(332): warning C4100: 'other' : unreferenced formal parameter
     1>e:\projects data\thefirst\externallibs\irrlicht\include\ishaderconstantsetcallback.h(44): warning C4100: 'material' : unreferenced formal parameter
     1>e:\projects data\thefirst\externallibs\irrlicht\include\sanimatedmesh.h(69): warning C4100: 'endFrameLoop' : unreferenced formal parameter
     1>e:\projects data\thefirst\externallibs\irrlicht\include\sanimatedmesh.h(69): warning C4100: 'startFrameLoop' : unreferenced formal parameter
     1>e:\projects data\thefirst\externallibs\irrlicht\include\sanimatedmesh.h(69): warning C4100: 'detailLevel' : unreferenced formal parameter
     1>e:\projects data\thefirst\externallibs\irrlicht\include\ssharedmeshbuffer.h(171): warning C4100: 'numIndices' : unreferenced formal parameter
     1>e:\projects data\thefirst\externallibs\irrlicht\include\ssharedmeshbuffer.h(171): warning C4100: 'indices' : unreferenced formal parameter
     1>e:\projects data\thefirst\externallibs\irrlicht\include\ssharedmeshbuffer.h(171): warning C4100: 'numVertices' : unreferenced formal parameter
     1>e:\projects data\thefirst\externallibs\irrlicht\include\ssharedmeshbuffer.h(171): warning C4100: 'vertices' : unreferenced formal parameter
     1>e:\projects data\thefirst\externallibs\irrlicht\include\ssharedmeshbuffer.h(174): warning C4100: 'other' : unreferenced formal parameter
     1>e:\projects data\thefirst\src\scenenode\scenenode.h(30): warning C4100: 'i' : unreferenced formal parameter
     1>e:\projects data\thefirst\externallibs\irrlicht\include\irrallocator.h(51): warning C4100: 'ptr' : unreferenced formal parameter
                 e:\projects data\thefirst\externallibs\irrlicht\include\irrallocator.h(52) : while compiling class template member function 'void irr::core::irrAllocator<T>::destruct(T *)'
                 with
                 [
                     T=irr::core::matrix4
                 ]
                 e:\projects data\thefirst\externallibs\irrlicht\include\smateriallayer.h(75) : see reference to function template instantiation 'void irr::core::irrAllocator<T>::destruct(T *)' being compiled
                 with
                 [
                     T=irr::core::matrix4
                 ]
                 e:\projects data\thefirst\externallibs\irrlicht\include\smateriallayer.h(217) : see reference to class template instantiation 'irr::core::irrAllocator<T>' being compiled
                 with
                 [
                     T=irr::core::matrix4
                 ]
     1>e:\projects data\thefirst\externallibs\irrlicht\include\cindexbuffer.h(83): warning C4127: conditional expression is constant
                 e:\projects data\thefirst\externallibs\irrlicht\include\cindexbuffer.h(82) : while compiling class template member function 'irr::video::E_INDEX_TYPE irr::scene::CIndexBuffer::CSpecificIndexList<T>::getType(void) const'
                 with
                 [
                     T=irr::u16
                 ]
                 e:\projects data\thefirst\externallibs\irrlicht\include\cindexbuffer.h(121) : see reference to class template instantiation 'irr::scene::CIndexBuffer::CSpecificIndexList<T>' being compiled
                 with
                 [
                     T=irr::u16
                 ]
     1>e:\projects data\thefirst\externallibs\irrlicht\include\irrstring.h(505): warning C4244: '=' : conversion from 'irr::u32' to 'irr::c8', possible loss of data
                 e:\projects data\thefirst\externallibs\irrlicht\include\irrstring.h(503) : while compiling class template member function 'irr::core::string<T> &irr::core::string<T>::make_lower(void)'
                 with
                 [
                     T=irr::c8
                 ]
                 e:\projects data\thefirst\externallibs\irrlicht\include\path.h(76) : see reference to function template instantiation 'irr::core::string<T> &irr::core::string<T>::make_lower(void)' being compiled
                 with
                 [
                     T=irr::c8
                 ]
                 e:\projects data\thefirst\externallibs\irrlicht\include\path.h(81) : see reference to class template instantiation 'irr::core::string<T>' being compiled
                 with
                 [
                     T=irr::c8
                 ]
     1>e:\projects data\thefirst\externallibs\irrlicht\include\irrstring.h(913): warning C4244: '=' : conversion from 'irr::u32' to 'irr::c8', possible loss of data
                 e:\projects data\thefirst\externallibs\irrlicht\include\irrstring.h(892) : while compiling class template member function 'irr::core::string<T> irr::core::string<T>::subString(irr::u32,irr::s32,bool) const'
                 with
                 [
                     T=irr::c8
                 ]
                 e:\projects data\thefirst\externallibs\irrlicht\include\coreutil.h(52) : see reference to function template instantiation 'irr::core::string<T> irr::core::string<T>::subString(irr::u32,irr::s32,bool) const' being compiled
                 with
                 [
                     T=irr::c8
                 ]
     1>e:\projects data\thefirst\externallibs\irrlicht\include\matrix4.h(2190): warning C4100: 'isDefinitelyIdentityMatrix' : unreferenced formal parameter
                 e:\projects data\thefirst\externallibs\irrlicht\include\matrix4.h(2191) : while compiling class template member function 'void irr::core::CMatrix4<T>::setDefinitelyIdentityMatrix(bool)'
                 with
                 [
                     T=irr::f32
                 ]
                 e:\projects data\thefirst\externallibs\irrlicht\include\quaternion.h(372) : see reference to function template instantiation 'void irr::core::CMatrix4<T>::setDefinitelyIdentityMatrix(bool)' being compiled
                 with
                 [
                     T=irr::f32
                 ]
                 e:\projects data\thefirst\externallibs\irrlicht\include\matrix4.h(2238) : see reference to class template instantiation 'irr::core::CMatrix4<T>' being compiled
                 with
                 [
                     T=irr::f32
                 ]
     1>e:\projects data\thefirst\externallibs\irrlicht\include\imeshmanipulator.h(346): warning C4100: 'typeTest' : unreferenced formal parameter
                 e:\projects data\thefirst\externallibs\irrlicht\include\imeshmanipulator.h(306) : see reference to function template instantiation 'bool irr::scene::IMeshManipulator::apply_<Functor>(const Functor &,irr::scene::IMeshBuffer *,bool,const irr::scene::IVertexManipulator &) const' being compiled
                 with
                 [
                     Functor=irr::scene::SVertexColorSetAlphaManipulator
                 ]
                 e:\projects data\thefirst\externallibs\irrlicht\include\imeshmanipulator.h(52) : see reference to function template instantiation 'bool irr::scene::IMeshManipulator::apply<irr::scene::SVertexColorSetAlphaManipulator>(const Functor &,irr::scene::IMeshBuffer *,bool) const' being compiled
                 with
                 [
                     Functor=irr::scene::SVertexColorSetAlphaManipulator
                 ]
         HelloWorld.cpp
     1>e:\projects data\thefirst\externallibs\irrlicht\include\smaterial.h(548): warning C4244: '=' : conversion from 'irr::video::E_ANTI_ALIASING_MODE' to 'irr::u8', possible loss of data
     1>e:\projects data\thefirst\externallibs\irrlicht\include\idynamicmeshbuffer.h(53): warning C4100: 'numIndices' : unreferenced formal parameter
     1>e:\projects data\thefirst\externallibs\irrlicht\include\idynamicmeshbuffer.h(53): warning C4100: 'indices' : unreferenced formal parameter
     1>e:\projects data\thefirst\externallibs\irrlicht\include\idynamicmeshbuffer.h(53): warning C4100: 'numVertices' : unreferenced formal parameter
     1>e:\projects data\thefirst\externallibs\irrlicht\include\idynamicmeshbuffer.h(53): warning C4100: 'vertices' : unreferenced formal parameter
     1>e:\projects data\thefirst\externallibs\irrlicht\include\idynamicmeshbuffer.h(61): warning C4100: 'other' : unreferenced formal parameter
     1>e:\projects data\thefirst\externallibs\irrlicht\include\fast_atof.h(157): warning C4127: conditional expression is constant
     1>e:\projects data\thefirst\externallibs\irrlicht\include\fast_atof.h(204): warning C4127: conditional expression is constant
     1>e:\projects data\thefirst\externallibs\irrlicht\include\iattributeexchangingobject.h(58): warning C4100: 'options' : unreferenced formal parameter
     1>e:\projects data\thefirst\externallibs\irrlicht\include\iattributeexchangingobject.h(58): warning C4100: 'out' : unreferenced formal parameter
     1>e:\projects data\thefirst\externallibs\irrlicht\include\iattributeexchangingobject.h(63): warning C4100: 'options' : unreferenced formal parameter
     1>e:\projects data\thefirst\externallibs\irrlicht\include\iattributeexchangingobject.h(63): warning C4100: 'in' : unreferenced formal parameter
     1>e:\projects data\thefirst\externallibs\irrlicht\include\iscenenodeanimator.h(53): warning C4100: 'event' : unreferenced formal parameter
     1>e:\projects data\thefirst\externallibs\irrlicht\include\iscenenode.h(406): warning C4100: 'num' : unreferenced formal parameter
     1>e:\projects data\thefirst\externallibs\irrlicht\include\iscenenode.h(687): warning C4100: 'options' : unreferenced formal parameter
     1>e:\projects data\thefirst\externallibs\irrlicht\include\iscenenode.h(712): warning C4100: 'options' : unreferenced formal parameter
     1>e:\projects data\thefirst\externallibs\irrlicht\include\iscenenode.h(741): warning C4100: 'newManager' : unreferenced formal parameter
     1>e:\projects data\thefirst\externallibs\irrlicht\include\iscenenode.h(741): warning C4100: 'newParent' : unreferenced formal parameter
     1>e:\projects data\thefirst\externallibs\irrlicht\include\icursorcontrol.h(159): warning C4100: 'iconId' : unreferenced formal parameter
     1>e:\projects data\thefirst\externallibs\irrlicht\include\icursorcontrol.h(166): warning C4100: 'icon' : unreferenced formal parameter
     1>e:\projects data\thefirst\externallibs\irrlicht\include\icursorcontrol.h(173): warning C4100: 'sprite' : unreferenced formal parameter
     1>e:\projects data\thefirst\externallibs\irrlicht\include\icursorcontrol.h(173): warning C4100: 'iconId' : unreferenced formal parameter
     1>e:\projects data\thefirst\externallibs\irrlicht\include\icursorcontrol.h(179): warning C4100: 'behavior' : unreferenced formal parameter
     1>e:\projects data\thefirst\externallibs\irrlicht\include\iguielement.h(765): warning C4100: 'options' : unreferenced formal parameter
     1>e:\projects data\thefirst\externallibs\irrlicht\include\iguielement.h(789): warning C4100: 'options' : unreferenced formal parameter
     1>e:\projects data\thefirst\externallibs\irrlicht\include\imaterialrenderer.h(51): warning C4100: 'services' : unreferenced formal parameter
     1>e:\projects data\thefirst\externallibs\irrlicht\include\imaterialrenderer.h(51): warning C4100: 'resetAllRenderstates' : unreferenced formal parameter
     1>e:\projects data\thefirst\externallibs\irrlicht\include\imaterialrenderer.h(50): warning C4100: 'lastMaterial' : unreferenced formal parameter
     1>e:\projects data\thefirst\externallibs\irrlicht\include\imaterialrenderer.h(50): warning C4100: 'material' : unreferenced formal parameter
     1>e:\projects data\thefirst\externallibs\irrlicht\include\imaterialrenderer.h(71): warning C4100: 'vtxtype' : unreferenced formal parameter
     1>e:\projects data\thefirst\externallibs\irrlicht\include\imaterialrenderer.h(71): warning C4100: 'service' : unreferenced formal parameter
     1>e:\projects data\thefirst\externallibs\irrlicht\include\sskinmeshbuffer.h(329): warning C4100: 'numIndices' : unreferenced formal parameter
     1>e:\projects data\thefirst\externallibs\irrlicht\include\sskinmeshbuffer.h(329): warning C4100: 'indices' : unreferenced formal parameter
     1>e:\projects data\thefirst\externallibs\irrlicht\include\sskinmeshbuffer.h(329): warning C4100: 'numVertices' : unreferenced formal parameter
     1>e:\projects data\thefirst\externallibs\irrlicht\include\sskinmeshbuffer.h(329): warning C4100: 'vertices' : unreferenced formal parameter
     1>e:\projects data\thefirst\externallibs\irrlicht\include\sskinmeshbuffer.h(332): warning C4100: 'other' : unreferenced formal parameter
     1>e:\projects data\thefirst\externallibs\irrlicht\include\ishaderconstantsetcallback.h(44): warning C4100: 'material' : unreferenced formal parameter
     1>e:\projects data\thefirst\externallibs\irrlicht\include\sanimatedmesh.h(69): warning C4100: 'endFrameLoop' : unreferenced formal parameter
     1>e:\projects data\thefirst\externallibs\irrlicht\include\sanimatedmesh.h(69): warning C4100: 'startFrameLoop' : unreferenced formal parameter
     1>e:\projects data\thefirst\externallibs\irrlicht\include\sanimatedmesh.h(69): warning C4100: 'detailLevel' : unreferenced formal parameter
     1>e:\projects data\thefirst\externallibs\irrlicht\include\ssharedmeshbuffer.h(171): warning C4100: 'numIndices' : unreferenced formal parameter
     1>e:\projects data\thefirst\externallibs\irrlicht\include\ssharedmeshbuffer.h(171): warning C4100: 'indices' : unreferenced formal parameter
     1>e:\projects data\thefirst\externallibs\irrlicht\include\ssharedmeshbuffer.h(171): warning C4100: 'numVertices' : unreferenced formal parameter
     1>e:\projects data\thefirst\externallibs\irrlicht\include\ssharedmeshbuffer.h(171): warning C4100: 'vertices' : unreferenced formal parameter
     1>e:\projects data\thefirst\externallibs\irrlicht\include\ssharedmeshbuffer.h(174): warning C4100: 'other' : unreferenced formal parameter
     1>e:\projects data\thefirst\src\scenenode\scenenode.h(30): warning C4100: 'i' : unreferenced formal parameter
     1>e:\projects data\thefirst\src\helloworld.cpp(158): warning C4172: returning address of local variable or temporary
     1>e:\projects data\thefirst\src\helloworld.cpp(155): warning C4100: 'number' : unreferenced formal parameter
     1>e:\projects data\thefirst\src\helloworld.cpp(214): warning C4189: 'meshSydney' : local variable is initialized but not referenced
     1>e:\projects data\thefirst\src\helloworld.cpp(245): warning C4189: 'aim2' : local variable is initialized but not referenced
     1>e:\projects data\thefirst\src\helloworld.cpp(285): warning C4189: 'fps' : local variable is initialized but not referenced
     1>e:\projects data\thefirst\externallibs\irrlicht\include\irrallocator.h(51): warning C4100: 'ptr' : unreferenced formal parameter
                 e:\projects data\thefirst\externallibs\irrlicht\include\irrallocator.h(52) : while compiling class template member function 'void irr::core::irrAllocator<T>::destruct(T *)'
                 with
                 [
                     T=irr::core::matrix4
                 ]
                 e:\projects data\thefirst\externallibs\irrlicht\include\smateriallayer.h(75) : see reference to function template instantiation 'void irr::core::irrAllocator<T>::destruct(T *)' being compiled
                 with
                 [
                     T=irr::core::matrix4
                 ]
                 e:\projects data\thefirst\externallibs\irrlicht\include\smateriallayer.h(217) : see reference to class template instantiation 'irr::core::irrAllocator<T>' being compiled
                 with
                 [
                     T=irr::core::matrix4
                 ]
     1>e:\projects data\thefirst\externallibs\irrlicht\include\cindexbuffer.h(83): warning C4127: conditional expression is constant
                 e:\projects data\thefirst\externallibs\irrlicht\include\cindexbuffer.h(82) : while compiling class template member function 'irr::video::E_INDEX_TYPE irr::scene::CIndexBuffer::CSpecificIndexList<T>::getType(void) const'
                 with
                 [
                     T=irr::u16
                 ]
                 e:\projects data\thefirst\externallibs\irrlicht\include\cindexbuffer.h(121) : see reference to class template instantiation 'irr::scene::CIndexBuffer::CSpecificIndexList<T>' being compiled
                 with
                 [
                     T=irr::u16
                 ]
     1>e:\projects data\thefirst\externallibs\irrlicht\include\irrstring.h(505): warning C4244: '=' : conversion from 'irr::u32' to 'irr::c8', possible loss of data
                 e:\projects data\thefirst\externallibs\irrlicht\include\irrstring.h(503) : while compiling class template member function 'irr::core::string<T> &irr::core::string<T>::make_lower(void)'
                 with
                 [
                     T=irr::c8
                 ]
                 e:\projects data\thefirst\externallibs\irrlicht\include\path.h(76) : see reference to function template instantiation 'irr::core::string<T> &irr::core::string<T>::make_lower(void)' being compiled
                 with
                 [
                     T=irr::c8
                 ]
                 e:\projects data\thefirst\externallibs\irrlicht\include\path.h(81) : see reference to class template instantiation 'irr::core::string<T>' being compiled
                 with
                 [
                     T=irr::c8
                 ]
     1>e:\projects data\thefirst\externallibs\irrlicht\include\irrstring.h(913): warning C4244: '=' : conversion from 'irr::u32' to 'irr::c8', possible loss of data
                 e:\projects data\thefirst\externallibs\irrlicht\include\irrstring.h(892) : while compiling class template member function 'irr::core::string<T> irr::core::string<T>::subString(irr::u32,irr::s32,bool) const'
                 with
                 [
                     T=irr::c8
                 ]
                 e:\projects data\thefirst\externallibs\irrlicht\include\coreutil.h(52) : see reference to function template instantiation 'irr::core::string<T> irr::core::string<T>::subString(irr::u32,irr::s32,bool) const' being compiled
                 with
                 [
                     T=irr::c8
                 ]
     1>e:\projects data\thefirst\externallibs\irrlicht\include\matrix4.h(2190): warning C4100: 'isDefinitelyIdentityMatrix' : unreferenced formal parameter
                 e:\projects data\thefirst\externallibs\irrlicht\include\matrix4.h(2191) : while compiling class template member function 'void irr::core::CMatrix4<T>::setDefinitelyIdentityMatrix(bool)'
                 with
                 [
                     T=irr::f32
                 ]
                 e:\projects data\thefirst\externallibs\irrlicht\include\quaternion.h(372) : see reference to function template instantiation 'void irr::core::CMatrix4<T>::setDefinitelyIdentityMatrix(bool)' being compiled
                 with
                 [
                     T=irr::f32
                 ]
                 e:\projects data\thefirst\externallibs\irrlicht\include\matrix4.h(2238) : see reference to class template instantiation 'irr::core::CMatrix4<T>' being compiled
                 with
                 [
                     T=irr::f32
                 ]
     1>e:\projects data\thefirst\externallibs\irrlicht\include\imeshmanipulator.h(346): warning C4100: 'typeTest' : unreferenced formal parameter
                 e:\projects data\thefirst\externallibs\irrlicht\include\imeshmanipulator.h(306) : see reference to function template instantiation 'bool irr::scene::IMeshManipulator::apply_<Functor>(const Functor &,irr::scene::IMeshBuffer *,bool,const irr::scene::IVertexManipulator &) const' being compiled
                 with
                 [
                     Functor=irr::scene::SVertexColorSetAlphaManipulator
                 ]
                 e:\projects data\thefirst\externallibs\irrlicht\include\imeshmanipulator.h(52) : see reference to function template instantiation 'bool irr::scene::IMeshManipulator::apply<irr::scene::SVertexColorSetAlphaManipulator>(const Functor &,irr::scene::IMeshBuffer *,bool) const' being compiled
                 with
                 [
                     Functor=irr::scene::SVertexColorSetAlphaManipulator
                 ]
     1>e:\projects data\thefirst\externallibs\irrlicht\include\driverchoice.h(18): warning C4505: 'irr::driverChoiceConsole' : unreferenced local function has been removed
         Game.cpp
     1>e:\projects data\thefirst\externallibs\irrlicht\include\smaterial.h(548): warning C4244: '=' : conversion from 'irr::video::E_ANTI_ALIASING_MODE' to 'irr::u8', possible loss of data
     1>e:\projects data\thefirst\externallibs\irrlicht\include\icursorcontrol.h(159): warning C4100: 'iconId' : unreferenced formal parameter
     1>e:\projects data\thefirst\externallibs\irrlicht\include\icursorcontrol.h(166): warning C4100: 'icon' : unreferenced formal parameter
     1>e:\projects data\thefirst\externallibs\irrlicht\include\icursorcontrol.h(173): warning C4100: 'sprite' : unreferenced formal parameter
     1>e:\projects data\thefirst\externallibs\irrlicht\include\icursorcontrol.h(173): warning C4100: 'iconId' : unreferenced formal parameter
     1>e:\projects data\thefirst\externallibs\irrlicht\include\icursorcontrol.h(179): warning C4100: 'behavior' : unreferenced formal parameter
     1>e:\projects data\thefirst\externallibs\irrlicht\include\idynamicmeshbuffer.h(53): warning C4100: 'numIndices' : unreferenced formal parameter
     1>e:\projects data\thefirst\externallibs\irrlicht\include\idynamicmeshbuffer.h(53): warning C4100: 'indices' : unreferenced formal parameter
     1>e:\projects data\thefirst\externallibs\irrlicht\include\idynamicmeshbuffer.h(53): warning C4100: 'numVertices' : unreferenced formal parameter
     1>e:\projects data\thefirst\externallibs\irrlicht\include\idynamicmeshbuffer.h(53): warning C4100: 'vertices' : unreferenced formal parameter
     1>e:\projects data\thefirst\externallibs\irrlicht\include\idynamicmeshbuffer.h(61): warning C4100: 'other' : unreferenced formal parameter
     1>e:\projects data\thefirst\externallibs\irrlicht\include\fast_atof.h(157): warning C4127: conditional expression is constant
     1>e:\projects data\thefirst\externallibs\irrlicht\include\fast_atof.h(204): warning C4127: conditional expression is constant
     1>e:\projects data\thefirst\externallibs\irrlicht\include\iattributeexchangingobject.h(58): warning C4100: 'options' : unreferenced formal parameter
     1>e:\projects data\thefirst\externallibs\irrlicht\include\iattributeexchangingobject.h(58): warning C4100: 'out' : unreferenced formal parameter
     1>e:\projects data\thefirst\externallibs\irrlicht\include\iattributeexchangingobject.h(63): warning C4100: 'options' : unreferenced formal parameter
     1>e:\projects data\thefirst\externallibs\irrlicht\include\iattributeexchangingobject.h(63): warning C4100: 'in' : unreferenced formal parameter
     1>e:\projects data\thefirst\externallibs\irrlicht\include\iscenenodeanimator.h(53): warning C4100: 'event' : unreferenced formal parameter
     1>e:\projects data\thefirst\externallibs\irrlicht\include\iscenenode.h(406): warning C4100: 'num' : unreferenced formal parameter
     1>e:\projects data\thefirst\externallibs\irrlicht\include\iscenenode.h(687): warning C4100: 'options' : unreferenced formal parameter
     1>e:\projects data\thefirst\externallibs\irrlicht\include\iscenenode.h(712): warning C4100: 'options' : unreferenced formal parameter
     1>e:\projects data\thefirst\externallibs\irrlicht\include\iscenenode.h(741): warning C4100: 'newManager' : unreferenced formal parameter
     1>e:\projects data\thefirst\externallibs\irrlicht\include\iscenenode.h(741): warning C4100: 'newParent' : unreferenced formal parameter
     1>e:\projects data\thefirst\externallibs\irrlicht\include\iguielement.h(765): warning C4100: 'options' : unreferenced formal parameter
     1>e:\projects data\thefirst\externallibs\irrlicht\include\iguielement.h(789): warning C4100: 'options' : unreferenced formal parameter
     1>e:\projects data\thefirst\externallibs\irrlicht\include\imaterialrenderer.h(51): warning C4100: 'services' : unreferenced formal parameter
     1>e:\projects data\thefirst\externallibs\irrlicht\include\imaterialrenderer.h(51): warning C4100: 'resetAllRenderstates' : unreferenced formal parameter
     1>e:\projects data\thefirst\externallibs\irrlicht\include\imaterialrenderer.h(50): warning C4100: 'lastMaterial' : unreferenced formal parameter
     1>e:\projects data\thefirst\externallibs\irrlicht\include\imaterialrenderer.h(50): warning C4100: 'material' : unreferenced formal parameter
     1>e:\projects data\thefirst\externallibs\irrlicht\include\imaterialrenderer.h(71): warning C4100: 'vtxtype' : unreferenced formal parameter
     1>e:\projects data\thefirst\externallibs\irrlicht\include\imaterialrenderer.h(71): warning C4100: 'service' : unreferenced formal parameter
     1>e:\projects data\thefirst\externallibs\irrlicht\include\sskinmeshbuffer.h(329): warning C4100: 'numIndices' : unreferenced formal parameter
     1>e:\projects data\thefirst\externallibs\irrlicht\include\sskinmeshbuffer.h(329): warning C4100: 'indices' : unreferenced formal parameter
     1>e:\projects data\thefirst\externallibs\irrlicht\include\sskinmeshbuffer.h(329): warning C4100: 'numVertices' : unreferenced formal parameter
     1>e:\projects data\thefirst\externallibs\irrlicht\include\sskinmeshbuffer.h(329): warning C4100: 'vertices' : unreferenced formal parameter
     1>e:\projects data\thefirst\externallibs\irrlicht\include\sskinmeshbuffer.h(332): warning C4100: 'other' : unreferenced formal parameter
     1>e:\projects data\thefirst\externallibs\irrlicht\include\ishaderconstantsetcallback.h(44): warning C4100: 'material' : unreferenced formal parameter
     1>e:\projects data\thefirst\externallibs\irrlicht\include\sanimatedmesh.h(69): warning C4100: 'endFrameLoop' : unreferenced formal parameter
     1>e:\projects data\thefirst\externallibs\irrlicht\include\sanimatedmesh.h(69): warning C4100: 'startFrameLoop' : unreferenced formal parameter
     1>e:\projects data\thefirst\externallibs\irrlicht\include\sanimatedmesh.h(69): warning C4100: 'detailLevel' : unreferenced formal parameter
     1>e:\projects data\thefirst\externallibs\irrlicht\include\ssharedmeshbuffer.h(171): warning C4100: 'numIndices' : unreferenced formal parameter
     1>e:\projects data\thefirst\externallibs\irrlicht\include\ssharedmeshbuffer.h(171): warning C4100: 'indices' : unreferenced formal parameter
     1>e:\projects data\thefirst\externallibs\irrlicht\include\ssharedmeshbuffer.h(171): warning C4100: 'numVertices' : unreferenced formal parameter
     1>e:\projects data\thefirst\externallibs\irrlicht\include\ssharedmeshbuffer.h(171): warning C4100: 'vertices' : unreferenced formal parameter
     1>e:\projects data\thefirst\externallibs\irrlicht\include\ssharedmeshbuffer.h(174): warning C4100: 'other' : unreferenced formal parameter
     1>e:\projects data\thefirst\src\game.cpp(74): warning C4100: 'keyCode' : unreferenced formal parameter
     1>e:\projects data\thefirst\src\game.cpp(81): warning C4100: 'mouseEvent' : unreferenced formal parameter
     1>e:\projects data\thefirst\externallibs\irrlicht\include\irrstring.h(505): warning C4244: '=' : conversion from 'irr::u32' to 'irr::c8', possible loss of data
                 e:\projects data\thefirst\externallibs\irrlicht\include\irrstring.h(503) : while compiling class template member function 'irr::core::string<T> &irr::core::string<T>::make_lower(void)'
                 with
                 [
                     T=irr::c8
                 ]
                 e:\projects data\thefirst\externallibs\irrlicht\include\path.h(76) : see reference to function template instantiation 'irr::core::string<T> &irr::core::string<T>::make_lower(void)' being compiled
                 with
                 [
                     T=irr::c8
                 ]
                 e:\projects data\thefirst\externallibs\irrlicht\include\path.h(81) : see reference to class template instantiation 'irr::core::string<T>' being compiled
                 with
                 [
                     T=irr::c8
                 ]
     1>e:\projects data\thefirst\externallibs\irrlicht\include\irrstring.h(913): warning C4244: '=' : conversion from 'irr::u32' to 'irr::c8', possible loss of data
                 e:\projects data\thefirst\externallibs\irrlicht\include\irrstring.h(892) : while compiling class template member function 'irr::core::string<T> irr::core::string<T>::subString(irr::u32,irr::s32,bool) const'
                 with
                 [
                     T=irr::c8
                 ]
                 e:\projects data\thefirst\externallibs\irrlicht\include\coreutil.h(52) : see reference to function template instantiation 'irr::core::string<T> irr::core::string<T>::subString(irr::u32,irr::s32,bool) const' being compiled
                 with
                 [
                     T=irr::c8
                 ]
     1>e:\projects data\thefirst\externallibs\irrlicht\include\irrallocator.h(51): warning C4100: 'ptr' : unreferenced formal parameter
                 e:\projects data\thefirst\externallibs\irrlicht\include\irrallocator.h(52) : while compiling class template member function 'void irr::core::irrAllocator<T>::destruct(T *)'
                 with
                 [
                     T=irr::core::matrix4
                 ]
                 e:\projects data\thefirst\externallibs\irrlicht\include\smateriallayer.h(75) : see reference to function template instantiation 'void irr::core::irrAllocator<T>::destruct(T *)' being compiled
                 with
                 [
                     T=irr::core::matrix4
                 ]
                 e:\projects data\thefirst\externallibs\irrlicht\include\smateriallayer.h(217) : see reference to class template instantiation 'irr::core::irrAllocator<T>' being compiled
                 with
                 [
                     T=irr::core::matrix4
                 ]
     1>e:\projects data\thefirst\externallibs\irrlicht\include\cindexbuffer.h(83): warning C4127: conditional expression is constant
                 e:\projects data\thefirst\externallibs\irrlicht\include\cindexbuffer.h(82) : while compiling class template member function 'irr::video::E_INDEX_TYPE irr::scene::CIndexBuffer::CSpecificIndexList<T>::getType(void) const'
                 with
                 [
                     T=irr::u16
                 ]
                 e:\projects data\thefirst\externallibs\irrlicht\include\cindexbuffer.h(121) : see reference to class template instantiation 'irr::scene::CIndexBuffer::CSpecificIndexList<T>' being compiled
                 with
                 [
                     T=irr::u16
                 ]
     1>e:\projects data\thefirst\externallibs\irrlicht\include\matrix4.h(2190): warning C4100: 'isDefinitelyIdentityMatrix' : unreferenced formal parameter
                 e:\projects data\thefirst\externallibs\irrlicht\include\matrix4.h(2191) : while compiling class template member function 'void irr::core::CMatrix4<T>::setDefinitelyIdentityMatrix(bool)'
                 with
                 [
                     T=irr::f32
                 ]
                 e:\projects data\thefirst\externallibs\irrlicht\include\quaternion.h(372) : see reference to function template instantiation 'void irr::core::CMatrix4<T>::setDefinitelyIdentityMatrix(bool)' being compiled
                 with
                 [
                     T=irr::f32
                 ]
                 e:\projects data\thefirst\externallibs\irrlicht\include\matrix4.h(2238) : see reference to class template instantiation 'irr::core::CMatrix4<T>' being compiled
                 with
                 [
                     T=irr::f32
                 ]
     1>e:\projects data\thefirst\externallibs\irrlicht\include\imeshmanipulator.h(346): warning C4100: 'typeTest' : unreferenced formal parameter
                 e:\projects data\thefirst\externallibs\irrlicht\include\imeshmanipulator.h(306) : see reference to function template instantiation 'bool irr::scene::IMeshManipulator::apply_<Functor>(const Functor &,irr::scene::IMeshBuffer *,bool,const irr::scene::IVertexManipulator &) const' being compiled
                 with
                 [
                     Functor=irr::scene::SVertexColorSetAlphaManipulator
                 ]
                 e:\projects data\thefirst\externallibs\irrlicht\include\imeshmanipulator.h(52) : see reference to function template instantiation 'bool irr::scene::IMeshManipulator::apply<irr::scene::SVertexColorSetAlphaManipulator>(const Functor &,irr::scene::IMeshBuffer *,bool) const' being compiled
                 with
                 [
                     Functor=irr::scene::SVertexColorSetAlphaManipulator
                 ]
         App.cpp
     1>e:\projects data\thefirst\externallibs\irrlicht\include\smaterial.h(548): warning C4244: '=' : conversion from 'irr::video::E_ANTI_ALIASING_MODE' to 'irr::u8', possible loss of data
     1>e:\projects data\thefirst\externallibs\irrlicht\include\idynamicmeshbuffer.h(53): warning C4100: 'numIndices' : unreferenced formal parameter
     1>e:\projects data\thefirst\externallibs\irrlicht\include\idynamicmeshbuffer.h(53): warning C4100: 'indices' : unreferenced formal parameter
     1>e:\projects data\thefirst\externallibs\irrlicht\include\idynamicmeshbuffer.h(53): warning C4100: 'numVertices' : unreferenced formal parameter
     1>e:\projects data\thefirst\externallibs\irrlicht\include\idynamicmeshbuffer.h(53): warning C4100: 'vertices' : unreferenced formal parameter
     1>e:\projects data\thefirst\externallibs\irrlicht\include\idynamicmeshbuffer.h(61): warning C4100: 'other' : unreferenced formal parameter
     1>e:\projects data\thefirst\externallibs\irrlicht\include\fast_atof.h(157): warning C4127: conditional expression is constant
     1>e:\projects data\thefirst\externallibs\irrlicht\include\fast_atof.h(204): warning C4127: conditional expression is constant
     1>e:\projects data\thefirst\externallibs\irrlicht\include\iattributeexchangingobject.h(58): warning C4100: 'options' : unreferenced formal parameter
     1>e:\projects data\thefirst\externallibs\irrlicht\include\iattributeexchangingobject.h(58): warning C4100: 'out' : unreferenced formal parameter
     1>e:\projects data\thefirst\externallibs\irrlicht\include\iattributeexchangingobject.h(63): warning C4100: 'options' : unreferenced formal parameter
     1>e:\projects data\thefirst\externallibs\irrlicht\include\iattributeexchangingobject.h(63): warning C4100: 'in' : unreferenced formal parameter
     1>e:\projects data\thefirst\externallibs\irrlicht\include\iscenenodeanimator.h(53): warning C4100: 'event' : unreferenced formal parameter
     1>e:\projects data\thefirst\externallibs\irrlicht\include\iscenenode.h(406): warning C4100: 'num' : unreferenced formal parameter
     1>e:\projects data\thefirst\externallibs\irrlicht\include\iscenenode.h(687): warning C4100: 'options' : unreferenced formal parameter
     1>e:\projects data\thefirst\externallibs\irrlicht\include\iscenenode.h(712): warning C4100: 'options' : unreferenced formal parameter
     1>e:\projects data\thefirst\externallibs\irrlicht\include\iscenenode.h(741): warning C4100: 'newManager' : unreferenced formal parameter
     1>e:\projects data\thefirst\externallibs\irrlicht\include\iscenenode.h(741): warning C4100: 'newParent' : unreferenced formal parameter
     1>e:\projects data\thefirst\externallibs\irrlicht\include\icursorcontrol.h(159): warning C4100: 'iconId' : unreferenced formal parameter
     1>e:\projects data\thefirst\externallibs\irrlicht\include\icursorcontrol.h(166): warning C4100: 'icon' : unreferenced formal parameter
     1>e:\projects data\thefirst\externallibs\irrlicht\include\icursorcontrol.h(173): warning C4100: 'sprite' : unreferenced formal parameter
     1>e:\projects data\thefirst\externallibs\irrlicht\include\icursorcontrol.h(173): warning C4100: 'iconId' : unreferenced formal parameter
     1>e:\projects data\thefirst\externallibs\irrlicht\include\icursorcontrol.h(179): warning C4100: 'behavior' : unreferenced formal parameter
     1>e:\projects data\thefirst\externallibs\irrlicht\include\iguielement.h(765): warning C4100: 'options' : unreferenced formal parameter
     1>e:\projects data\thefirst\externallibs\irrlicht\include\iguielement.h(789): warning C4100: 'options' : unreferenced formal parameter
     1>e:\projects data\thefirst\externallibs\irrlicht\include\imaterialrenderer.h(51): warning C4100: 'services' : unreferenced formal parameter
     1>e:\projects data\thefirst\externallibs\irrlicht\include\imaterialrenderer.h(51): warning C4100: 'resetAllRenderstates' : unreferenced formal parameter
     1>e:\projects data\thefirst\externallibs\irrlicht\include\imaterialrenderer.h(50): warning C4100: 'lastMaterial' : unreferenced formal parameter
     1>e:\projects data\thefirst\externallibs\irrlicht\include\imaterialrenderer.h(50): warning C4100: 'material' : unreferenced formal parameter
     1>e:\projects data\thefirst\externallibs\irrlicht\include\imaterialrenderer.h(71): warning C4100: 'vtxtype' : unreferenced formal parameter
     1>e:\projects data\thefirst\externallibs\irrlicht\include\imaterialrenderer.h(71): warning C4100: 'service' : unreferenced formal parameter
     1>e:\projects data\thefirst\externallibs\irrlicht\include\sskinmeshbuffer.h(329): warning C4100: 'numIndices' : unreferenced formal parameter
     1>e:\projects data\thefirst\externallibs\irrlicht\include\sskinmeshbuffer.h(329): warning C4100: 'indices' : unreferenced formal parameter
     1>e:\projects data\thefirst\externallibs\irrlicht\include\sskinmeshbuffer.h(329): warning C4100: 'numVertices' : unreferenced formal parameter
     1>e:\projects data\thefirst\externallibs\irrlicht\include\sskinmeshbuffer.h(329): warning C4100: 'vertices' : unreferenced formal parameter
     1>e:\projects data\thefirst\externallibs\irrlicht\include\sskinmeshbuffer.h(332): warning C4100: 'other' : unreferenced formal parameter
     1>e:\projects data\thefirst\externallibs\irrlicht\include\ishaderconstantsetcallback.h(44): warning C4100: 'material' : unreferenced formal parameter
     1>e:\projects data\thefirst\externallibs\irrlicht\include\sanimatedmesh.h(69): warning C4100: 'endFrameLoop' : unreferenced formal parameter
     1>e:\projects data\thefirst\externallibs\irrlicht\include\sanimatedmesh.h(69): warning C4100: 'startFrameLoop' : unreferenced formal parameter
     1>e:\projects data\thefirst\externallibs\irrlicht\include\sanimatedmesh.h(69): warning C4100: 'detailLevel' : unreferenced formal parameter
     1>e:\projects data\thefirst\externallibs\irrlicht\include\ssharedmeshbuffer.h(171): warning C4100: 'numIndices' : unreferenced formal parameter
     1>e:\projects data\thefirst\externallibs\irrlicht\include\ssharedmeshbuffer.h(171): warning C4100: 'indices' : unreferenced formal parameter
     1>e:\projects data\thefirst\externallibs\irrlicht\include\ssharedmeshbuffer.h(171): warning C4100: 'numVertices' : unreferenced formal parameter
     1>e:\projects data\thefirst\externallibs\irrlicht\include\ssharedmeshbuffer.h(171): warning C4100: 'vertices' : unreferenced formal parameter
     1>e:\projects data\thefirst\externallibs\irrlicht\include\ssharedmeshbuffer.h(174): warning C4100: 'other' : unreferenced formal parameter
     1>e:\projects data\thefirst\src\app.cpp(61): warning C4100: 'argv' : unreferenced formal parameter
     1>e:\projects data\thefirst\src\app.cpp(61): warning C4100: 'argc' : unreferenced formal parameter
     1>e:\projects data\thefirst\externallibs\irrlicht\include\irrallocator.h(51): warning C4100: 'ptr' : unreferenced formal parameter
                 e:\projects data\thefirst\externallibs\irrlicht\include\irrallocator.h(52) : while compiling class template member function 'void irr::core::irrAllocator<T>::destruct(T *)'
                 with
                 [
                     T=irr::core::matrix4
                 ]
                 e:\projects data\thefirst\externallibs\irrlicht\include\smateriallayer.h(75) : see reference to function template instantiation 'void irr::core::irrAllocator<T>::destruct(T *)' being compiled
                 with
                 [
                     T=irr::core::matrix4
                 ]
                 e:\projects data\thefirst\externallibs\irrlicht\include\smateriallayer.h(217) : see reference to class template instantiation 'irr::core::irrAllocator<T>' being compiled
                 with
                 [
                     T=irr::core::matrix4
                 ]
     1>e:\projects data\thefirst\externallibs\irrlicht\include\cindexbuffer.h(83): warning C4127: conditional expression is constant
                 e:\projects data\thefirst\externallibs\irrlicht\include\cindexbuffer.h(82) : while compiling class template member function 'irr::video::E_INDEX_TYPE irr::scene::CIndexBuffer::CSpecificIndexList<T>::getType(void) const'
                 with
                 [
                     T=irr::u16
                 ]
                 e:\projects data\thefirst\externallibs\irrlicht\include\cindexbuffer.h(121) : see reference to class template instantiation 'irr::scene::CIndexBuffer::CSpecificIndexList<T>' being compiled
                 with
                 [
                     T=irr::u16
                 ]
     1>e:\projects data\thefirst\externallibs\irrlicht\include\irrstring.h(505): warning C4244: '=' : conversion from 'irr::u32' to 'irr::c8', possible loss of data
                 e:\projects data\thefirst\externallibs\irrlicht\include\irrstring.h(503) : while compiling class template member function 'irr::core::string<T> &irr::core::string<T>::make_lower(void)'
                 with
                 [
                     T=irr::c8
                 ]
                 e:\projects data\thefirst\externallibs\irrlicht\include\path.h(76) : see reference to function template instantiation 'irr::core::string<T> &irr::core::string<T>::make_lower(void)' being compiled
                 with
                 [
                     T=irr::c8
                 ]
                 e:\projects data\thefirst\externallibs\irrlicht\include\path.h(81) : see reference to class template instantiation 'irr::core::string<T>' being compiled
                 with
                 [
                     T=irr::c8
                 ]
     1>e:\projects data\thefirst\externallibs\irrlicht\include\irrstring.h(913): warning C4244: '=' : conversion from 'irr::u32' to 'irr::c8', possible loss of data
                 e:\projects data\thefirst\externallibs\irrlicht\include\irrstring.h(892) : while compiling class template member function 'irr::core::string<T> irr::core::string<T>::subString(irr::u32,irr::s32,bool) const'
                 with
                 [
                     T=irr::c8
                 ]
                 e:\projects data\thefirst\externallibs\irrlicht\include\coreutil.h(52) : see reference to function template instantiation 'irr::core::string<T> irr::core::string<T>::subString(irr::u32,irr::s32,bool) const' being compiled
                 with
                 [
                     T=irr::c8
                 ]
     1>e:\projects data\thefirst\externallibs\irrlicht\include\matrix4.h(2190): warning C4100: 'isDefinitelyIdentityMatrix' : unreferenced formal parameter
                 e:\projects data\thefirst\externallibs\irrlicht\include\matrix4.h(2191) : while compiling class template member function 'void irr::core::CMatrix4<T>::setDefinitelyIdentityMatrix(bool)'
                 with
                 [
                     T=irr::f32
                 ]
                 e:\projects data\thefirst\externallibs\irrlicht\include\quaternion.h(372) : see reference to function template instantiation 'void irr::core::CMatrix4<T>::setDefinitelyIdentityMatrix(bool)' being compiled
                 with
                 [
                     T=irr::f32
                 ]
                 e:\projects data\thefirst\externallibs\irrlicht\include\matrix4.h(2238) : see reference to class template instantiation 'irr::core::CMatrix4<T>' being compiled
                 with
                 [
                     T=irr::f32
                 ]
     1>e:\projects data\thefirst\externallibs\irrlicht\include\imeshmanipulator.h(346): warning C4100: 'typeTest' : unreferenced formal parameter
                 e:\projects data\thefirst\externallibs\irrlicht\include\imeshmanipulator.h(306) : see reference to function template instantiation 'bool irr::scene::IMeshManipulator::apply_<Functor>(const Functor &,irr::scene::IMeshBuffer *,bool,const irr::scene::IVertexManipulator &) const' being compiled
                 with
                 [
                     Functor=irr::scene::SVertexColorSetAlphaManipulator
                 ]
                 e:\projects data\thefirst\externallibs\irrlicht\include\imeshmanipulator.h(52) : see reference to function template instantiation 'bool irr::scene::IMeshManipulator::apply<irr::scene::SVertexColorSetAlphaManipulator>(const Functor &,irr::scene::IMeshBuffer *,bool) const' being compiled
                 with
                 [
                     Functor=irr::scene::SVertexColorSetAlphaManipulator
                 ]
         Generating Code...
     1>e:\projects data\thefirst\src\sound\soundmanager.cpp(71): warning C4715: 'SoundManager::getSingleton' : not all control paths return a value
     1>e:\projects data\thefirst\src\sound\soundmanager.cpp(52): warning C4715: 'SoundManager::getEngineSound' : not all control paths return a value
     1>e:\projects data\thefirst\src\sound\soundmanager.cpp(62): warning C4715: 'SoundManager::createSingleton' : not all control paths return a value
     1>Done Building Project "E:\Projects Data\TheFirst\prj\Game_2012.vcxproj" (Rebuild target(s)) -- FAILED.

Build FAILED.

Time Elapsed 00:00:04.78
