E:\PROJECTS DATA\2512GAME\KIDBUU\CHRISTMASGAME\EXTERNALLIBS\BOX2D\PRJ\DEBUG\B2CIRCLECONTACT.OBJ
E:\PROJECTS DATA\2512GAME\KIDBUU\CHRISTMASGAME\EXTERNALLIBS\BOX2D\PRJ\DEBUG\B2CONTACT.OBJ
E:\PROJECTS DATA\2512GAME\KIDBUU\CHRISTMASGAME\EXTERNALLIBS\BOX2D\PRJ\DEBUG\B2CONTACTSOLVER.OBJ
E:\PROJECTS DATA\2512GAME\KIDBUU\CHRISTMASGAME\EXTERNALLIBS\BOX2D\PRJ\DEBUG\B2EDGEANDCIRCLECONTACT.OBJ
E:\PROJECTS DATA\2512GAME\KIDBUU\CHRISTMASGAME\EXTERNALLIBS\BOX2D\PRJ\DEBUG\B2EDGEANDPOLYGONCONTACT.OBJ
E:\PROJECTS DATA\2512GAME\KIDBUU\CHRISTMASGAME\EXTERNALLIBS\BOX2D\PRJ\DEBUG\B2POLYGONANDCIRCLECONTACT.OBJ
E:\PROJECTS DATA\2512GAME\KIDBUU\CHRISTMASGAME\EXTERNALLIBS\BOX2D\PRJ\DEBUG\B2POLYGONCONTACT.OBJ
E:\PROJECTS DATA\2512GAME\KIDBUU\CHRISTMASGAME\EXTERNALLIBS\BOX2D\PRJ\DEBUG\B2DISTANCEJOINT.OBJ
E:\PROJECTS DATA\2512GAME\KIDBUU\CHRISTMASGAME\EXTERNALLIBS\BOX2D\PRJ\DEBUG\B2FRICTIONJOINT.OBJ
E:\PROJECTS DATA\2512GAME\KIDBUU\CHRISTMASGAME\EXTERNALLIBS\BOX2D\PRJ\DEBUG\B2GEARJOINT.OBJ
E:\PROJECTS DATA\2512GAME\KIDBUU\CHRISTMASGAME\EXTERNALLIBS\BOX2D\PRJ\DEBUG\B2JOINT.OBJ
E:\PROJECTS DATA\2512GAME\KIDBUU\CHRISTMASGAME\EXTERNALLIBS\BOX2D\PRJ\DEBUG\B2MOTORJOINT.OBJ
E:\PROJECTS DATA\2512GAME\KIDBUU\CHRISTMASGAME\EXTERNALLIBS\BOX2D\PRJ\DEBUG\B2MOUSEJOINT.OBJ
E:\PROJECTS DATA\2512GAME\KIDBUU\CHRISTMASGAME\EXTERNALLIBS\BOX2D\PRJ\DEBUG\B2PRISMATICJOINT.OBJ
E:\PROJECTS DATA\2512GAME\KIDBUU\CHRISTMASGAME\EXTERNALLIBS\BOX2D\PRJ\DEBUG\B2PULLEYJOINT.OBJ
E:\PROJECTS DATA\2512GAME\KIDBUU\CHRISTMASGAME\EXTERNALLIBS\BOX2D\PRJ\DEBUG\B2REVOLUTEJOINT.OBJ
E:\PROJECTS DATA\2512GAME\KIDBUU\CHRISTMASGAME\EXTERNALLIBS\BOX2D\PRJ\DEBUG\B2ROPEJOINT.OBJ
E:\PROJECTS DATA\2512GAME\KIDBUU\CHRISTMASGAME\EXTERNALLIBS\BOX2D\PRJ\DEBUG\B2WELDJOINT.OBJ
E:\PROJECTS DATA\2512GAME\KIDBUU\CHRISTMASGAME\EXTERNALLIBS\BOX2D\PRJ\DEBUG\B2WHEELJOINT.OBJ
E:\PROJECTS DATA\2512GAME\KIDBUU\CHRISTMASGAME\EXTERNALLIBS\BOX2D\PRJ\DEBUG\B2ROPE.OBJ
E:\PROJECTS DATA\2512GAME\KIDBUU\CHRISTMASGAME\EXTERNALLIBS\BOX2D\PRJ\DEBUG\B2DYNAMICTREE.OBJ
E:\PROJECTS DATA\2512GAME\KIDBUU\CHRISTMASGAME\EXTERNALLIBS\BOX2D\PRJ\DEBUG\B2TIMEOFIMPACT.OBJ
E:\PROJECTS DATA\2512GAME\KIDBUU\CHRISTMASGAME\EXTERNALLIBS\BOX2D\PRJ\DEBUG\B2CHAINSHAPE.OBJ
E:\PROJECTS DATA\2512GAME\KIDBUU\CHRISTMASGAME\EXTERNALLIBS\BOX2D\PRJ\DEBUG\B2CIRCLESHAPE.OBJ
E:\PROJECTS DATA\2512GAME\KIDBUU\CHRISTMASGAME\EXTERNALLIBS\BOX2D\PRJ\DEBUG\B2EDGESHAPE.OBJ
E:\PROJECTS DATA\2512GAME\KIDBUU\CHRISTMASGAME\EXTERNALLIBS\BOX2D\PRJ\DEBUG\B2POLYGONSHAPE.OBJ
E:\PROJECTS DATA\2512GAME\KIDBUU\CHRISTMASGAME\EXTERNALLIBS\BOX2D\PRJ\DEBUG\B2BLOCKALLOCATOR.OBJ
E:\PROJECTS DATA\2512GAME\KIDBUU\CHRISTMASGAME\EXTERNALLIBS\BOX2D\PRJ\DEBUG\B2DRAW.OBJ
E:\PROJECTS DATA\2512GAME\KIDBUU\CHRISTMASGAME\EXTERNALLIBS\BOX2D\PRJ\DEBUG\B2MATH.OBJ
E:\PROJECTS DATA\2512GAME\KIDBUU\CHRISTMASGAME\EXTERNALLIBS\BOX2D\PRJ\DEBUG\B2SETTINGS.OBJ
E:\PROJECTS DATA\2512GAME\KIDBUU\CHRISTMASGAME\EXTERNALLIBS\BOX2D\PRJ\DEBUG\B2STACKALLOCATOR.OBJ
E:\PROJECTS DATA\2512GAME\KIDBUU\CHRISTMASGAME\EXTERNALLIBS\BOX2D\PRJ\DEBUG\B2TIMER.OBJ
E:\PROJECTS DATA\2512GAME\KIDBUU\CHRISTMASGAME\EXTERNALLIBS\BOX2D\PRJ\DEBUG\B2BODY.OBJ
E:\PROJECTS DATA\2512GAME\KIDBUU\CHRISTMASGAME\EXTERNALLIBS\BOX2D\PRJ\DEBUG\B2CONTACTMANAGER.OBJ
E:\PROJECTS DATA\2512GAME\KIDBUU\CHRISTMASGAME\EXTERNALLIBS\BOX2D\PRJ\DEBUG\B2FIXTURE.OBJ
E:\PROJECTS DATA\2512GAME\KIDBUU\CHRISTMASGAME\EXTERNALLIBS\BOX2D\PRJ\DEBUG\B2ISLAND.OBJ
E:\PROJECTS DATA\2512GAME\KIDBUU\CHRISTMASGAME\EXTERNALLIBS\BOX2D\PRJ\DEBUG\B2WORLD.OBJ
E:\PROJECTS DATA\2512GAME\KIDBUU\CHRISTMASGAME\EXTERNALLIBS\BOX2D\PRJ\DEBUG\B2WORLDCALLBACKS.OBJ
E:\PROJECTS DATA\2512GAME\KIDBUU\CHRISTMASGAME\EXTERNALLIBS\BOX2D\PRJ\DEBUG\B2CHAINANDCIRCLECONTACT.OBJ
E:\PROJECTS DATA\2512GAME\KIDBUU\CHRISTMASGAME\EXTERNALLIBS\BOX2D\PRJ\DEBUG\B2CHAINANDPOLYGONCONTACT.OBJ
E:\PROJECTS DATA\2512GAME\KIDBUU\CHRISTMASGAME\EXTERNALLIBS\BOX2D\PRJ\DEBUG\B2BROADPHASE.OBJ
E:\PROJECTS DATA\2512GAME\KIDBUU\CHRISTMASGAME\EXTERNALLIBS\BOX2D\PRJ\DEBUG\B2COLLIDECIRCLE.OBJ
E:\PROJECTS DATA\2512GAME\KIDBUU\CHRISTMASGAME\EXTERNALLIBS\BOX2D\PRJ\DEBUG\B2COLLIDEEDGE.OBJ
E:\PROJECTS DATA\2512GAME\KIDBUU\CHRISTMASGAME\EXTERNALLIBS\BOX2D\PRJ\DEBUG\B2COLLIDEPOLYGON.OBJ
E:\PROJECTS DATA\2512GAME\KIDBUU\CHRISTMASGAME\EXTERNALLIBS\BOX2D\PRJ\DEBUG\B2COLLISION.OBJ
E:\PROJECTS DATA\2512GAME\KIDBUU\CHRISTMASGAME\EXTERNALLIBS\BOX2D\PRJ\DEBUG\B2DISTANCE.OBJ
E:\PROJECTS DATA\2512GAME\KIDBUU\CHRISTMASGAME\EXTERNALLIBS\BOX2D\PRJ\DEBUG\VC110.PDB
E:\PROJECTS DATA\THEFIRST\EXTERNALLIBS\BOX2D\PRJ\DEBUG\B2CIRCLECONTACT.OBJ
E:\PROJECTS DATA\THEFIRST\EXTERNALLIBS\BOX2D\PRJ\DEBUG\B2CONTACT.OBJ
E:\PROJECTS DATA\THEFIRST\EXTERNALLIBS\BOX2D\PRJ\DEBUG\B2CONTACTSOLVER.OBJ
E:\PROJECTS DATA\THEFIRST\EXTERNALLIBS\BOX2D\PRJ\DEBUG\B2EDGEANDCIRCLECONTACT.OBJ
E:\PROJECTS DATA\THEFIRST\EXTERNALLIBS\BOX2D\PRJ\DEBUG\B2EDGEANDPOLYGONCONTACT.OBJ
E:\PROJECTS DATA\THEFIRST\EXTERNALLIBS\BOX2D\PRJ\DEBUG\B2POLYGONANDCIRCLECONTACT.OBJ
E:\PROJECTS DATA\THEFIRST\EXTERNALLIBS\BOX2D\PRJ\DEBUG\B2POLYGONCONTACT.OBJ
E:\PROJECTS DATA\THEFIRST\EXTERNALLIBS\BOX2D\PRJ\DEBUG\B2DISTANCEJOINT.OBJ
E:\PROJECTS DATA\THEFIRST\EXTERNALLIBS\BOX2D\PRJ\DEBUG\B2FRICTIONJOINT.OBJ
E:\PROJECTS DATA\THEFIRST\EXTERNALLIBS\BOX2D\PRJ\DEBUG\B2GEARJOINT.OBJ
E:\PROJECTS DATA\THEFIRST\EXTERNALLIBS\BOX2D\PRJ\DEBUG\B2JOINT.OBJ
E:\PROJECTS DATA\THEFIRST\EXTERNALLIBS\BOX2D\PRJ\DEBUG\B2MOTORJOINT.OBJ
E:\PROJECTS DATA\THEFIRST\EXTERNALLIBS\BOX2D\PRJ\DEBUG\B2MOUSEJOINT.OBJ
E:\PROJECTS DATA\THEFIRST\EXTERNALLIBS\BOX2D\PRJ\DEBUG\B2PRISMATICJOINT.OBJ
E:\PROJECTS DATA\THEFIRST\EXTERNALLIBS\BOX2D\PRJ\DEBUG\B2PULLEYJOINT.OBJ
E:\PROJECTS DATA\THEFIRST\EXTERNALLIBS\BOX2D\PRJ\DEBUG\B2REVOLUTEJOINT.OBJ
E:\PROJECTS DATA\THEFIRST\EXTERNALLIBS\BOX2D\PRJ\DEBUG\B2ROPEJOINT.OBJ
E:\PROJECTS DATA\THEFIRST\EXTERNALLIBS\BOX2D\PRJ\DEBUG\B2WELDJOINT.OBJ
E:\PROJECTS DATA\THEFIRST\EXTERNALLIBS\BOX2D\PRJ\DEBUG\B2WHEELJOINT.OBJ
E:\PROJECTS DATA\THEFIRST\EXTERNALLIBS\BOX2D\PRJ\DEBUG\B2ROPE.OBJ
E:\PROJECTS DATA\THEFIRST\EXTERNALLIBS\BOX2D\PRJ\DEBUG\B2DYNAMICTREE.OBJ
E:\PROJECTS DATA\THEFIRST\EXTERNALLIBS\BOX2D\PRJ\DEBUG\B2TIMEOFIMPACT.OBJ
E:\PROJECTS DATA\THEFIRST\EXTERNALLIBS\BOX2D\PRJ\DEBUG\B2CHAINSHAPE.OBJ
E:\PROJECTS DATA\THEFIRST\EXTERNALLIBS\BOX2D\PRJ\DEBUG\B2CIRCLESHAPE.OBJ
E:\PROJECTS DATA\THEFIRST\EXTERNALLIBS\BOX2D\PRJ\DEBUG\B2EDGESHAPE.OBJ
E:\PROJECTS DATA\THEFIRST\EXTERNALLIBS\BOX2D\PRJ\DEBUG\B2POLYGONSHAPE.OBJ
E:\PROJECTS DATA\THEFIRST\EXTERNALLIBS\BOX2D\PRJ\DEBUG\B2BLOCKALLOCATOR.OBJ
E:\PROJECTS DATA\THEFIRST\EXTERNALLIBS\BOX2D\PRJ\DEBUG\B2DRAW.OBJ
E:\PROJECTS DATA\THEFIRST\EXTERNALLIBS\BOX2D\PRJ\DEBUG\B2MATH.OBJ
E:\PROJECTS DATA\THEFIRST\EXTERNALLIBS\BOX2D\PRJ\DEBUG\B2SETTINGS.OBJ
E:\PROJECTS DATA\THEFIRST\EXTERNALLIBS\BOX2D\PRJ\DEBUG\B2STACKALLOCATOR.OBJ
E:\PROJECTS DATA\THEFIRST\EXTERNALLIBS\BOX2D\PRJ\DEBUG\B2TIMER.OBJ
E:\PROJECTS DATA\THEFIRST\EXTERNALLIBS\BOX2D\PRJ\DEBUG\B2BODY.OBJ
E:\PROJECTS DATA\THEFIRST\EXTERNALLIBS\BOX2D\PRJ\DEBUG\B2CONTACTMANAGER.OBJ
E:\PROJECTS DATA\THEFIRST\EXTERNALLIBS\BOX2D\PRJ\DEBUG\B2FIXTURE.OBJ
E:\PROJECTS DATA\THEFIRST\EXTERNALLIBS\BOX2D\PRJ\DEBUG\B2ISLAND.OBJ
E:\PROJECTS DATA\THEFIRST\EXTERNALLIBS\BOX2D\PRJ\DEBUG\B2WORLD.OBJ
E:\PROJECTS DATA\THEFIRST\EXTERNALLIBS\BOX2D\PRJ\DEBUG\B2WORLDCALLBACKS.OBJ
E:\PROJECTS DATA\THEFIRST\EXTERNALLIBS\BOX2D\PRJ\DEBUG\B2CHAINANDCIRCLECONTACT.OBJ
E:\PROJECTS DATA\THEFIRST\EXTERNALLIBS\BOX2D\PRJ\DEBUG\B2CHAINANDPOLYGONCONTACT.OBJ
E:\PROJECTS DATA\THEFIRST\EXTERNALLIBS\BOX2D\PRJ\DEBUG\B2BROADPHASE.OBJ
E:\PROJECTS DATA\THEFIRST\EXTERNALLIBS\BOX2D\PRJ\DEBUG\B2COLLIDECIRCLE.OBJ
E:\PROJECTS DATA\THEFIRST\EXTERNALLIBS\BOX2D\PRJ\DEBUG\B2COLLIDEEDGE.OBJ
E:\PROJECTS DATA\THEFIRST\EXTERNALLIBS\BOX2D\PRJ\DEBUG\B2COLLIDEPOLYGON.OBJ
E:\PROJECTS DATA\THEFIRST\EXTERNALLIBS\BOX2D\PRJ\DEBUG\B2COLLISION.OBJ
E:\PROJECTS DATA\THEFIRST\EXTERNALLIBS\BOX2D\PRJ\DEBUG\B2DISTANCE.OBJ
E:\PROJECTS DATA\THEFIRST\EXTERNALLIBS\BOX2D\PRJ\DEBUG\VC110.PDB
E:\PROJECTS DATA\2512GAME\KIDBUU\CHRISTMASGAME\PRJ\DEBUG\BOX2D_2012.LIB
E:\PROJECTS DATA\THEFIRST\PRJ\DEBUG\BOX2D_2012.LIB
E:\Projects Data\TheFirst\ExternalLibs\Box2D\prj\Debug\b2BlockAllocator.obj
E:\Projects Data\TheFirst\ExternalLibs\Box2D\prj\Debug\b2Body.obj
E:\Projects Data\TheFirst\ExternalLibs\Box2D\prj\Debug\b2BroadPhase.obj
E:\Projects Data\TheFirst\ExternalLibs\Box2D\prj\Debug\b2ChainAndCircleContact.obj
E:\Projects Data\TheFirst\ExternalLibs\Box2D\prj\Debug\b2ChainAndPolygonContact.obj
E:\Projects Data\TheFirst\ExternalLibs\Box2D\prj\Debug\b2ChainShape.obj
E:\Projects Data\TheFirst\ExternalLibs\Box2D\prj\Debug\b2CircleContact.obj
E:\Projects Data\TheFirst\ExternalLibs\Box2D\prj\Debug\b2CircleShape.obj
E:\Projects Data\TheFirst\ExternalLibs\Box2D\prj\Debug\b2CollideCircle.obj
E:\Projects Data\TheFirst\ExternalLibs\Box2D\prj\Debug\b2CollideEdge.obj
E:\Projects Data\TheFirst\ExternalLibs\Box2D\prj\Debug\b2CollidePolygon.obj
E:\Projects Data\TheFirst\ExternalLibs\Box2D\prj\Debug\b2Collision.obj
E:\Projects Data\TheFirst\ExternalLibs\Box2D\prj\Debug\b2Contact.obj
E:\Projects Data\TheFirst\ExternalLibs\Box2D\prj\Debug\b2ContactManager.obj
E:\Projects Data\TheFirst\ExternalLibs\Box2D\prj\Debug\b2ContactSolver.obj
E:\Projects Data\TheFirst\ExternalLibs\Box2D\prj\Debug\b2Distance.obj
E:\Projects Data\TheFirst\ExternalLibs\Box2D\prj\Debug\b2DistanceJoint.obj
E:\Projects Data\TheFirst\ExternalLibs\Box2D\prj\Debug\b2Draw.obj
E:\Projects Data\TheFirst\ExternalLibs\Box2D\prj\Debug\b2DynamicTree.obj
E:\Projects Data\TheFirst\ExternalLibs\Box2D\prj\Debug\b2EdgeAndCircleContact.obj
E:\Projects Data\TheFirst\ExternalLibs\Box2D\prj\Debug\b2EdgeAndPolygonContact.obj
E:\Projects Data\TheFirst\ExternalLibs\Box2D\prj\Debug\b2EdgeShape.obj
E:\Projects Data\TheFirst\ExternalLibs\Box2D\prj\Debug\b2Fixture.obj
E:\Projects Data\TheFirst\ExternalLibs\Box2D\prj\Debug\b2FrictionJoint.obj
E:\Projects Data\TheFirst\ExternalLibs\Box2D\prj\Debug\b2GearJoint.obj
E:\Projects Data\TheFirst\ExternalLibs\Box2D\prj\Debug\b2Island.obj
E:\Projects Data\TheFirst\ExternalLibs\Box2D\prj\Debug\b2Joint.obj
E:\Projects Data\TheFirst\ExternalLibs\Box2D\prj\Debug\b2Math.obj
E:\Projects Data\TheFirst\ExternalLibs\Box2D\prj\Debug\b2MotorJoint.obj
E:\Projects Data\TheFirst\ExternalLibs\Box2D\prj\Debug\b2MouseJoint.obj
E:\Projects Data\TheFirst\ExternalLibs\Box2D\prj\Debug\b2PolygonAndCircleContact.obj
E:\Projects Data\TheFirst\ExternalLibs\Box2D\prj\Debug\b2PolygonContact.obj
E:\Projects Data\TheFirst\ExternalLibs\Box2D\prj\Debug\b2PolygonShape.obj
E:\Projects Data\TheFirst\ExternalLibs\Box2D\prj\Debug\b2PrismaticJoint.obj
E:\Projects Data\TheFirst\ExternalLibs\Box2D\prj\Debug\b2PulleyJoint.obj
E:\Projects Data\TheFirst\ExternalLibs\Box2D\prj\Debug\b2RevoluteJoint.obj
E:\Projects Data\TheFirst\ExternalLibs\Box2D\prj\Debug\b2Rope.obj
E:\Projects Data\TheFirst\ExternalLibs\Box2D\prj\Debug\b2RopeJoint.obj
E:\Projects Data\TheFirst\ExternalLibs\Box2D\prj\Debug\b2Settings.obj
E:\Projects Data\TheFirst\ExternalLibs\Box2D\prj\Debug\b2StackAllocator.obj
E:\Projects Data\TheFirst\ExternalLibs\Box2D\prj\Debug\b2TimeOfImpact.obj
E:\Projects Data\TheFirst\ExternalLibs\Box2D\prj\Debug\b2Timer.obj
E:\Projects Data\TheFirst\ExternalLibs\Box2D\prj\Debug\b2WeldJoint.obj
E:\Projects Data\TheFirst\ExternalLibs\Box2D\prj\Debug\b2WheelJoint.obj
E:\Projects Data\TheFirst\ExternalLibs\Box2D\prj\Debug\b2World.obj
E:\Projects Data\TheFirst\ExternalLibs\Box2D\prj\Debug\b2WorldCallbacks.obj
E:\Projects Data\TheFirst\ExternalLibs\Box2D\prj\Debug\cl.command.1.tlog
E:\Projects Data\TheFirst\ExternalLibs\Box2D\prj\Debug\CL.read.1.tlog
E:\Projects Data\TheFirst\ExternalLibs\Box2D\prj\Debug\CL.write.1.tlog
E:\Projects Data\TheFirst\ExternalLibs\Box2D\prj\Debug\Lib-link.read.1.tlog
E:\Projects Data\TheFirst\ExternalLibs\Box2D\prj\Debug\Lib-link.write.1.tlog
E:\Projects Data\TheFirst\ExternalLibs\Box2D\prj\Debug\lib.command.1.tlog
E:\Projects Data\TheFirst\ExternalLibs\Box2D\prj\Debug\vc110.idb
E:\Projects Data\TheFirst\ExternalLibs\Box2D\prj\Debug\vc110.pdb
E:\Projects Data\TheFirst\prj\Debug\Box2D_2012.lib
