E:\PROJECTS DATA\2512GAME\KIDBUU\CHRISTMASGAME\EXTERNALLIBS\IRRLICHT\PRJ\DEBUG\COPENGLDRIVER.OBJ
E:\PROJECTS DATA\2512GAME\KIDBUU\CHRISTMASGAME\EXTERNALLIBS\IRRLICHT\PRJ\DEBUG\COPENGLEXTENSIONHANDLER.OBJ
E:\PROJECTS DATA\2512GAME\KIDBUU\CHRISTMASGAME\EXTERNALLIBS\IRRLICHT\PRJ\DEBUG\COPENGLNORMALMAPRENDERER.OBJ
E:\PROJECTS DATA\2512GAME\KIDBUU\CHRISTMASGAME\EXTERNALLIBS\IRRLICHT\PRJ\DEBUG\COPENGLPARALLAXMAPRENDERER.OBJ
E:\PROJECTS DATA\2512GAME\KIDBUU\CHRISTMASGAME\EXTERNALLIBS\IRRLICHT\PRJ\DEBUG\COPENGLSHADERMATERIALRENDERER.OBJ
E:\PROJECTS DATA\2512GAME\KIDBUU\CHRISTMASGAME\EXTERNALLIBS\IRRLICHT\PRJ\DEBUG\COPENGLSLMATERIALRENDERER.OBJ
E:\PROJECTS DATA\2512GAME\KIDBUU\CHRISTMASGAME\EXTERNALLIBS\IRRLICHT\PRJ\DEBUG\COPENGLTEXTURE.OBJ
E:\PROJECTS DATA\2512GAME\KIDBUU\CHRISTMASGAME\EXTERNALLIBS\IRRLICHT\PRJ\DEBUG\CSOFTWAREDRIVER.OBJ
E:\PROJECTS DATA\2512GAME\KIDBUU\CHRISTMASGAME\EXTERNALLIBS\IRRLICHT\PRJ\DEBUG\CSOFTWARETEXTURE.OBJ
E:\PROJECTS DATA\2512GAME\KIDBUU\CHRISTMASGAME\EXTERNALLIBS\IRRLICHT\PRJ\DEBUG\CTRFLAT.OBJ
E:\PROJECTS DATA\2512GAME\KIDBUU\CHRISTMASGAME\EXTERNALLIBS\IRRLICHT\PRJ\DEBUG\CTRFLATWIRE.OBJ
E:\PROJECTS DATA\2512GAME\KIDBUU\CHRISTMASGAME\EXTERNALLIBS\IRRLICHT\PRJ\DEBUG\CTRGOURAUD.OBJ
E:\PROJECTS DATA\2512GAME\KIDBUU\CHRISTMASGAME\EXTERNALLIBS\IRRLICHT\PRJ\DEBUG\CTRGOURAUDWIRE.OBJ
E:\PROJECTS DATA\2512GAME\KIDBUU\CHRISTMASGAME\EXTERNALLIBS\IRRLICHT\PRJ\DEBUG\CTRTEXTUREFLAT.OBJ
E:\PROJECTS DATA\2512GAME\KIDBUU\CHRISTMASGAME\EXTERNALLIBS\IRRLICHT\PRJ\DEBUG\CTRTEXTUREFLATWIRE.OBJ
E:\PROJECTS DATA\2512GAME\KIDBUU\CHRISTMASGAME\EXTERNALLIBS\IRRLICHT\PRJ\DEBUG\CTRTEXTUREGOURAUD.OBJ
E:\PROJECTS DATA\2512GAME\KIDBUU\CHRISTMASGAME\EXTERNALLIBS\IRRLICHT\PRJ\DEBUG\CTRTEXTUREGOURAUDADD.OBJ
E:\PROJECTS DATA\2512GAME\KIDBUU\CHRISTMASGAME\EXTERNALLIBS\IRRLICHT\PRJ\DEBUG\CTRTEXTUREGOURAUDALPHANOZ.OBJ
E:\PROJECTS DATA\2512GAME\KIDBUU\CHRISTMASGAME\EXTERNALLIBS\IRRLICHT\PRJ\DEBUG\CTRTEXTUREGOURAUDWIRE.OBJ
E:\PROJECTS DATA\2512GAME\KIDBUU\CHRISTMASGAME\EXTERNALLIBS\IRRLICHT\PRJ\DEBUG\CZBUFFER.OBJ
E:\PROJECTS DATA\2512GAME\KIDBUU\CHRISTMASGAME\EXTERNALLIBS\IRRLICHT\PRJ\DEBUG\CIMAGE.OBJ
E:\PROJECTS DATA\2512GAME\KIDBUU\CHRISTMASGAME\EXTERNALLIBS\IRRLICHT\PRJ\DEBUG\CNULLDRIVER.OBJ
E:\PROJECTS DATA\2512GAME\KIDBUU\CHRISTMASGAME\EXTERNALLIBS\IRRLICHT\PRJ\DEBUG\CIMAGELOADERBMP.OBJ
E:\PROJECTS DATA\2512GAME\KIDBUU\CHRISTMASGAME\EXTERNALLIBS\IRRLICHT\PRJ\DEBUG\CIMAGELOADERDDS.OBJ
E:\PROJECTS DATA\2512GAME\KIDBUU\CHRISTMASGAME\EXTERNALLIBS\IRRLICHT\PRJ\DEBUG\CIMAGELOADERJPG.OBJ
E:\PROJECTS DATA\2512GAME\KIDBUU\CHRISTMASGAME\EXTERNALLIBS\IRRLICHT\PRJ\DEBUG\CIMAGELOADERPCX.OBJ
E:\PROJECTS DATA\2512GAME\KIDBUU\CHRISTMASGAME\EXTERNALLIBS\IRRLICHT\PRJ\DEBUG\CIMAGELOADERPNG.OBJ
E:\PROJECTS DATA\2512GAME\KIDBUU\CHRISTMASGAME\EXTERNALLIBS\IRRLICHT\PRJ\DEBUG\CIMAGELOADERPPM.OBJ
E:\PROJECTS DATA\2512GAME\KIDBUU\CHRISTMASGAME\EXTERNALLIBS\IRRLICHT\PRJ\DEBUG\CIMAGELOADERPSD.OBJ
E:\PROJECTS DATA\2512GAME\KIDBUU\CHRISTMASGAME\EXTERNALLIBS\IRRLICHT\PRJ\DEBUG\CIMAGELOADERRGB.OBJ
E:\PROJECTS DATA\2512GAME\KIDBUU\CHRISTMASGAME\EXTERNALLIBS\IRRLICHT\PRJ\DEBUG\CIMAGELOADERTGA.OBJ
E:\PROJECTS DATA\2512GAME\KIDBUU\CHRISTMASGAME\EXTERNALLIBS\IRRLICHT\PRJ\DEBUG\CIMAGELOADERWAL.OBJ
E:\PROJECTS DATA\2512GAME\KIDBUU\CHRISTMASGAME\EXTERNALLIBS\IRRLICHT\PRJ\DEBUG\CIMAGEWRITERBMP.OBJ
E:\PROJECTS DATA\2512GAME\KIDBUU\CHRISTMASGAME\EXTERNALLIBS\IRRLICHT\PRJ\DEBUG\CIMAGEWRITERJPG.OBJ
E:\PROJECTS DATA\2512GAME\KIDBUU\CHRISTMASGAME\EXTERNALLIBS\IRRLICHT\PRJ\DEBUG\CIMAGEWRITERPCX.OBJ
E:\PROJECTS DATA\2512GAME\KIDBUU\CHRISTMASGAME\EXTERNALLIBS\IRRLICHT\PRJ\DEBUG\CIMAGEWRITERPNG.OBJ
E:\PROJECTS DATA\2512GAME\KIDBUU\CHRISTMASGAME\EXTERNALLIBS\IRRLICHT\PRJ\DEBUG\CIMAGEWRITERPPM.OBJ
E:\PROJECTS DATA\2512GAME\KIDBUU\CHRISTMASGAME\EXTERNALLIBS\IRRLICHT\PRJ\DEBUG\CIMAGEWRITERPSD.OBJ
E:\PROJECTS DATA\2512GAME\KIDBUU\CHRISTMASGAME\EXTERNALLIBS\IRRLICHT\PRJ\DEBUG\CIMAGEWRITERTGA.OBJ
E:\PROJECTS DATA\2512GAME\KIDBUU\CHRISTMASGAME\EXTERNALLIBS\IRRLICHT\PRJ\DEBUG\COPENGLCGMATERIALRENDERER.OBJ
E:\PROJECTS DATA\2512GAME\KIDBUU\CHRISTMASGAME\EXTERNALLIBS\IRRLICHT\PRJ\DEBUG\CTRTEXTURELIGHTMAP2_M4.OBJ
E:\PROJECTS DATA\2512GAME\KIDBUU\CHRISTMASGAME\EXTERNALLIBS\IRRLICHT\PRJ\DEBUG\CTRTEXTURELIGHTMAPGOURAUD2_M4.OBJ
E:\PROJECTS DATA\2512GAME\KIDBUU\CHRISTMASGAME\EXTERNALLIBS\IRRLICHT\PRJ\DEBUG\CTRTEXTUREWIRE2.OBJ
E:\PROJECTS DATA\2512GAME\KIDBUU\CHRISTMASGAME\EXTERNALLIBS\IRRLICHT\PRJ\DEBUG\IBURNINGSHADER.OBJ
E:\PROJECTS DATA\2512GAME\KIDBUU\CHRISTMASGAME\EXTERNALLIBS\IRRLICHT\PRJ\DEBUG\CCGMATERIALRENDERER.OBJ
E:\PROJECTS DATA\2512GAME\KIDBUU\CHRISTMASGAME\EXTERNALLIBS\IRRLICHT\PRJ\DEBUG\CVIDEOMODELIST.OBJ
E:\PROJECTS DATA\2512GAME\KIDBUU\CHRISTMASGAME\EXTERNALLIBS\IRRLICHT\PRJ\DEBUG\CD3D8DRIVER.OBJ
E:\PROJECTS DATA\2512GAME\KIDBUU\CHRISTMASGAME\EXTERNALLIBS\IRRLICHT\PRJ\DEBUG\CD3D8NORMALMAPRENDERER.OBJ
E:\PROJECTS DATA\2512GAME\KIDBUU\CHRISTMASGAME\EXTERNALLIBS\IRRLICHT\PRJ\DEBUG\CD3D8PARALLAXMAPRENDERER.OBJ
E:\PROJECTS DATA\2512GAME\KIDBUU\CHRISTMASGAME\EXTERNALLIBS\IRRLICHT\PRJ\DEBUG\CD3D8SHADERMATERIALRENDERER.OBJ
E:\PROJECTS DATA\2512GAME\KIDBUU\CHRISTMASGAME\EXTERNALLIBS\IRRLICHT\PRJ\DEBUG\CD3D8TEXTURE.OBJ
E:\PROJECTS DATA\2512GAME\KIDBUU\CHRISTMASGAME\EXTERNALLIBS\IRRLICHT\PRJ\DEBUG\CD3D9CGMATERIALRENDERER.OBJ
E:\PROJECTS DATA\2512GAME\KIDBUU\CHRISTMASGAME\EXTERNALLIBS\IRRLICHT\PRJ\DEBUG\CD3D9DRIVER.OBJ
E:\PROJECTS DATA\2512GAME\KIDBUU\CHRISTMASGAME\EXTERNALLIBS\IRRLICHT\PRJ\DEBUG\CD3D9HLSLMATERIALRENDERER.OBJ
E:\PROJECTS DATA\2512GAME\KIDBUU\CHRISTMASGAME\EXTERNALLIBS\IRRLICHT\PRJ\DEBUG\CD3D9NORMALMAPRENDERER.OBJ
E:\PROJECTS DATA\2512GAME\KIDBUU\CHRISTMASGAME\EXTERNALLIBS\IRRLICHT\PRJ\DEBUG\CD3D9PARALLAXMAPRENDERER.OBJ
E:\PROJECTS DATA\2512GAME\KIDBUU\CHRISTMASGAME\EXTERNALLIBS\IRRLICHT\PRJ\DEBUG\CD3D9SHADERMATERIALRENDERER.OBJ
E:\PROJECTS DATA\2512GAME\KIDBUU\CHRISTMASGAME\EXTERNALLIBS\IRRLICHT\PRJ\DEBUG\CD3D9TEXTURE.OBJ
E:\PROJECTS DATA\2512GAME\KIDBUU\CHRISTMASGAME\EXTERNALLIBS\IRRLICHT\PRJ\DEBUG\CCOLORCONVERTER.OBJ
E:\PROJECTS DATA\2512GAME\KIDBUU\CHRISTMASGAME\EXTERNALLIBS\IRRLICHT\PRJ\DEBUG\CFPSCOUNTER.OBJ
E:\PROJECTS DATA\2512GAME\KIDBUU\CHRISTMASGAME\EXTERNALLIBS\IRRLICHT\PRJ\DEBUG\CDEPTHBUFFER.OBJ
E:\PROJECTS DATA\2512GAME\KIDBUU\CHRISTMASGAME\EXTERNALLIBS\IRRLICHT\PRJ\DEBUG\CSOFTWAREDRIVER2.OBJ
E:\PROJECTS DATA\2512GAME\KIDBUU\CHRISTMASGAME\EXTERNALLIBS\IRRLICHT\PRJ\DEBUG\CSOFTWARETEXTURE2.OBJ
E:\PROJECTS DATA\2512GAME\KIDBUU\CHRISTMASGAME\EXTERNALLIBS\IRRLICHT\PRJ\DEBUG\CTRGOURAUD2.OBJ
E:\PROJECTS DATA\2512GAME\KIDBUU\CHRISTMASGAME\EXTERNALLIBS\IRRLICHT\PRJ\DEBUG\CTRGOURAUDALPHA2.OBJ
E:\PROJECTS DATA\2512GAME\KIDBUU\CHRISTMASGAME\EXTERNALLIBS\IRRLICHT\PRJ\DEBUG\CTRGOURAUDALPHANOZ2.OBJ
E:\PROJECTS DATA\2512GAME\KIDBUU\CHRISTMASGAME\EXTERNALLIBS\IRRLICHT\PRJ\DEBUG\CTRNORMALMAP.OBJ
E:\PROJECTS DATA\2512GAME\KIDBUU\CHRISTMASGAME\EXTERNALLIBS\IRRLICHT\PRJ\DEBUG\CTRSTENCILSHADOW.OBJ
E:\PROJECTS DATA\2512GAME\KIDBUU\CHRISTMASGAME\EXTERNALLIBS\IRRLICHT\PRJ\DEBUG\CTRTEXTUREBLEND.OBJ
E:\PROJECTS DATA\2512GAME\KIDBUU\CHRISTMASGAME\EXTERNALLIBS\IRRLICHT\PRJ\DEBUG\CTRTEXTUREDETAILMAP2.OBJ
E:\PROJECTS DATA\2512GAME\KIDBUU\CHRISTMASGAME\EXTERNALLIBS\IRRLICHT\PRJ\DEBUG\CTRTEXTUREGOURAUD2.OBJ
E:\PROJECTS DATA\2512GAME\KIDBUU\CHRISTMASGAME\EXTERNALLIBS\IRRLICHT\PRJ\DEBUG\CTRTEXTUREGOURAUDADD2.OBJ
E:\PROJECTS DATA\2512GAME\KIDBUU\CHRISTMASGAME\EXTERNALLIBS\IRRLICHT\PRJ\DEBUG\CTRTEXTUREGOURAUDADDNOZ2.OBJ
E:\PROJECTS DATA\2512GAME\KIDBUU\CHRISTMASGAME\EXTERNALLIBS\IRRLICHT\PRJ\DEBUG\CTRTEXTUREGOURAUDALPHA.OBJ
E:\PROJECTS DATA\2512GAME\KIDBUU\CHRISTMASGAME\EXTERNALLIBS\IRRLICHT\PRJ\DEBUG\CTRTEXTUREGOURAUDNOZ.OBJ
E:\PROJECTS DATA\2512GAME\KIDBUU\CHRISTMASGAME\EXTERNALLIBS\IRRLICHT\PRJ\DEBUG\CTRTEXTUREGOURAUDNOZ2.OBJ
E:\PROJECTS DATA\2512GAME\KIDBUU\CHRISTMASGAME\EXTERNALLIBS\IRRLICHT\PRJ\DEBUG\CTRTEXTUREGOURAUDVERTEXALPHA2.OBJ
E:\PROJECTS DATA\2512GAME\KIDBUU\CHRISTMASGAME\EXTERNALLIBS\IRRLICHT\PRJ\DEBUG\CTRTEXTURELIGHTMAP2_ADD.OBJ
E:\PROJECTS DATA\2512GAME\KIDBUU\CHRISTMASGAME\EXTERNALLIBS\IRRLICHT\PRJ\DEBUG\CTRTEXTURELIGHTMAP2_M1.OBJ
E:\PROJECTS DATA\2512GAME\KIDBUU\CHRISTMASGAME\EXTERNALLIBS\IRRLICHT\PRJ\DEBUG\CTRTEXTURELIGHTMAP2_M2.OBJ
E:\PROJECTS DATA\2512GAME\KIDBUU\CHRISTMASGAME\EXTERNALLIBS\IRRLICHT\PRJ\DEBUG\CDUMMYTRANSFORMATIONSCENENODE.OBJ
E:\PROJECTS DATA\2512GAME\KIDBUU\CHRISTMASGAME\EXTERNALLIBS\IRRLICHT\PRJ\DEBUG\CEMPTYSCENENODE.OBJ
E:\PROJECTS DATA\2512GAME\KIDBUU\CHRISTMASGAME\EXTERNALLIBS\IRRLICHT\PRJ\DEBUG\CLIGHTSCENENODE.OBJ
E:\PROJECTS DATA\2512GAME\KIDBUU\CHRISTMASGAME\EXTERNALLIBS\IRRLICHT\PRJ\DEBUG\CMESHSCENENODE.OBJ
E:\PROJECTS DATA\2512GAME\KIDBUU\CHRISTMASGAME\EXTERNALLIBS\IRRLICHT\PRJ\DEBUG\COCTREESCENENODE.OBJ
E:\PROJECTS DATA\2512GAME\KIDBUU\CHRISTMASGAME\EXTERNALLIBS\IRRLICHT\PRJ\DEBUG\CQUAKE3SHADERSCENENODE.OBJ
E:\PROJECTS DATA\2512GAME\KIDBUU\CHRISTMASGAME\EXTERNALLIBS\IRRLICHT\PRJ\DEBUG\CSHADOWVOLUMESCENENODE.OBJ
E:\PROJECTS DATA\2512GAME\KIDBUU\CHRISTMASGAME\EXTERNALLIBS\IRRLICHT\PRJ\DEBUG\CSKYBOXSCENENODE.OBJ
E:\PROJECTS DATA\2512GAME\KIDBUU\CHRISTMASGAME\EXTERNALLIBS\IRRLICHT\PRJ\DEBUG\CSKYDOMESCENENODE.OBJ
E:\PROJECTS DATA\2512GAME\KIDBUU\CHRISTMASGAME\EXTERNALLIBS\IRRLICHT\PRJ\DEBUG\CSPHERESCENENODE.OBJ
E:\PROJECTS DATA\2512GAME\KIDBUU\CHRISTMASGAME\EXTERNALLIBS\IRRLICHT\PRJ\DEBUG\CTERRAINSCENENODE.OBJ
E:\PROJECTS DATA\2512GAME\KIDBUU\CHRISTMASGAME\EXTERNALLIBS\IRRLICHT\PRJ\DEBUG\CTEXTSCENENODE.OBJ
E:\PROJECTS DATA\2512GAME\KIDBUU\CHRISTMASGAME\EXTERNALLIBS\IRRLICHT\PRJ\DEBUG\CVOLUMELIGHTSCENENODE.OBJ
E:\PROJECTS DATA\2512GAME\KIDBUU\CHRISTMASGAME\EXTERNALLIBS\IRRLICHT\PRJ\DEBUG\CWATERSURFACESCENENODE.OBJ
E:\PROJECTS DATA\2512GAME\KIDBUU\CHRISTMASGAME\EXTERNALLIBS\IRRLICHT\PRJ\DEBUG\CCOLLADAMESHWRITER.OBJ
E:\PROJECTS DATA\2512GAME\KIDBUU\CHRISTMASGAME\EXTERNALLIBS\IRRLICHT\PRJ\DEBUG\CIRRMESHWRITER.OBJ
E:\PROJECTS DATA\2512GAME\KIDBUU\CHRISTMASGAME\EXTERNALLIBS\IRRLICHT\PRJ\DEBUG\COBJMESHWRITER.OBJ
E:\PROJECTS DATA\2512GAME\KIDBUU\CHRISTMASGAME\EXTERNALLIBS\IRRLICHT\PRJ\DEBUG\CPLYMESHWRITER.OBJ
E:\PROJECTS DATA\2512GAME\KIDBUU\CHRISTMASGAME\EXTERNALLIBS\IRRLICHT\PRJ\DEBUG\CSTLMESHWRITER.OBJ
E:\PROJECTS DATA\2512GAME\KIDBUU\CHRISTMASGAME\EXTERNALLIBS\IRRLICHT\PRJ\DEBUG\CBURNINGSHADER_RASTER_REFERENCE.OBJ
E:\PROJECTS DATA\2512GAME\KIDBUU\CHRISTMASGAME\EXTERNALLIBS\IRRLICHT\PRJ\DEBUG\CSTLMESHFILELOADER.OBJ
E:\PROJECTS DATA\2512GAME\KIDBUU\CHRISTMASGAME\EXTERNALLIBS\IRRLICHT\PRJ\DEBUG\CXMESHFILELOADER.OBJ
E:\PROJECTS DATA\2512GAME\KIDBUU\CHRISTMASGAME\EXTERNALLIBS\IRRLICHT\PRJ\DEBUG\CPARTICLEANIMATEDMESHSCENENODEEMITTER.OBJ
E:\PROJECTS DATA\2512GAME\KIDBUU\CHRISTMASGAME\EXTERNALLIBS\IRRLICHT\PRJ\DEBUG\CPARTICLEATTRACTIONAFFECTOR.OBJ
E:\PROJECTS DATA\2512GAME\KIDBUU\CHRISTMASGAME\EXTERNALLIBS\IRRLICHT\PRJ\DEBUG\CPARTICLEBOXEMITTER.OBJ
E:\PROJECTS DATA\2512GAME\KIDBUU\CHRISTMASGAME\EXTERNALLIBS\IRRLICHT\PRJ\DEBUG\CPARTICLECYLINDEREMITTER.OBJ
E:\PROJECTS DATA\2512GAME\KIDBUU\CHRISTMASGAME\EXTERNALLIBS\IRRLICHT\PRJ\DEBUG\CPARTICLEFADEOUTAFFECTOR.OBJ
E:\PROJECTS DATA\2512GAME\KIDBUU\CHRISTMASGAME\EXTERNALLIBS\IRRLICHT\PRJ\DEBUG\CPARTICLEGRAVITYAFFECTOR.OBJ
E:\PROJECTS DATA\2512GAME\KIDBUU\CHRISTMASGAME\EXTERNALLIBS\IRRLICHT\PRJ\DEBUG\CPARTICLEMESHEMITTER.OBJ
E:\PROJECTS DATA\2512GAME\KIDBUU\CHRISTMASGAME\EXTERNALLIBS\IRRLICHT\PRJ\DEBUG\CPARTICLEPOINTEMITTER.OBJ
E:\PROJECTS DATA\2512GAME\KIDBUU\CHRISTMASGAME\EXTERNALLIBS\IRRLICHT\PRJ\DEBUG\CPARTICLERINGEMITTER.OBJ
E:\PROJECTS DATA\2512GAME\KIDBUU\CHRISTMASGAME\EXTERNALLIBS\IRRLICHT\PRJ\DEBUG\CPARTICLEROTATIONAFFECTOR.OBJ
E:\PROJECTS DATA\2512GAME\KIDBUU\CHRISTMASGAME\EXTERNALLIBS\IRRLICHT\PRJ\DEBUG\CPARTICLESCALEAFFECTOR.OBJ
E:\PROJECTS DATA\2512GAME\KIDBUU\CHRISTMASGAME\EXTERNALLIBS\IRRLICHT\PRJ\DEBUG\CPARTICLESPHEREEMITTER.OBJ
E:\PROJECTS DATA\2512GAME\KIDBUU\CHRISTMASGAME\EXTERNALLIBS\IRRLICHT\PRJ\DEBUG\CPARTICLESYSTEMSCENENODE.OBJ
E:\PROJECTS DATA\2512GAME\KIDBUU\CHRISTMASGAME\EXTERNALLIBS\IRRLICHT\PRJ\DEBUG\CANIMATEDMESHSCENENODE.OBJ
E:\PROJECTS DATA\2512GAME\KIDBUU\CHRISTMASGAME\EXTERNALLIBS\IRRLICHT\PRJ\DEBUG\CBILLBOARDSCENENODE.OBJ
E:\PROJECTS DATA\2512GAME\KIDBUU\CHRISTMASGAME\EXTERNALLIBS\IRRLICHT\PRJ\DEBUG\CBONESCENENODE.OBJ
E:\PROJECTS DATA\2512GAME\KIDBUU\CHRISTMASGAME\EXTERNALLIBS\IRRLICHT\PRJ\DEBUG\CCAMERASCENENODE.OBJ
E:\PROJECTS DATA\2512GAME\KIDBUU\CHRISTMASGAME\EXTERNALLIBS\IRRLICHT\PRJ\DEBUG\CCUBESCENENODE.OBJ
E:\PROJECTS DATA\2512GAME\KIDBUU\CHRISTMASGAME\EXTERNALLIBS\IRRLICHT\PRJ\DEBUG\CANIMATEDMESHMD3.OBJ
E:\PROJECTS DATA\2512GAME\KIDBUU\CHRISTMASGAME\EXTERNALLIBS\IRRLICHT\PRJ\DEBUG\CB3DMESHFILELOADER.OBJ
E:\PROJECTS DATA\2512GAME\KIDBUU\CHRISTMASGAME\EXTERNALLIBS\IRRLICHT\PRJ\DEBUG\CBSPMESHFILELOADER.OBJ
E:\PROJECTS DATA\2512GAME\KIDBUU\CHRISTMASGAME\EXTERNALLIBS\IRRLICHT\PRJ\DEBUG\CCOLLADAFILELOADER.OBJ
E:\PROJECTS DATA\2512GAME\KIDBUU\CHRISTMASGAME\EXTERNALLIBS\IRRLICHT\PRJ\DEBUG\CCSMLOADER.OBJ
E:\PROJECTS DATA\2512GAME\KIDBUU\CHRISTMASGAME\EXTERNALLIBS\IRRLICHT\PRJ\DEBUG\CDMFLOADER.OBJ
E:\PROJECTS DATA\2512GAME\KIDBUU\CHRISTMASGAME\EXTERNALLIBS\IRRLICHT\PRJ\DEBUG\CIRRMESHFILELOADER.OBJ
E:\PROJECTS DATA\2512GAME\KIDBUU\CHRISTMASGAME\EXTERNALLIBS\IRRLICHT\PRJ\DEBUG\CLMTSMESHFILELOADER.OBJ
E:\PROJECTS DATA\2512GAME\KIDBUU\CHRISTMASGAME\EXTERNALLIBS\IRRLICHT\PRJ\DEBUG\CLWOMESHFILELOADER.OBJ
E:\PROJECTS DATA\2512GAME\KIDBUU\CHRISTMASGAME\EXTERNALLIBS\IRRLICHT\PRJ\DEBUG\CMD2MESHFILELOADER.OBJ
E:\PROJECTS DATA\2512GAME\KIDBUU\CHRISTMASGAME\EXTERNALLIBS\IRRLICHT\PRJ\DEBUG\CMD3MESHFILELOADER.OBJ
E:\PROJECTS DATA\2512GAME\KIDBUU\CHRISTMASGAME\EXTERNALLIBS\IRRLICHT\PRJ\DEBUG\CMS3DMESHFILELOADER.OBJ
E:\PROJECTS DATA\2512GAME\KIDBUU\CHRISTMASGAME\EXTERNALLIBS\IRRLICHT\PRJ\DEBUG\CMY3DMESHFILELOADER.OBJ
E:\PROJECTS DATA\2512GAME\KIDBUU\CHRISTMASGAME\EXTERNALLIBS\IRRLICHT\PRJ\DEBUG\COBJMESHFILELOADER.OBJ
E:\PROJECTS DATA\2512GAME\KIDBUU\CHRISTMASGAME\EXTERNALLIBS\IRRLICHT\PRJ\DEBUG\COCTLOADER.OBJ
E:\PROJECTS DATA\2512GAME\KIDBUU\CHRISTMASGAME\EXTERNALLIBS\IRRLICHT\PRJ\DEBUG\COGREMESHFILELOADER.OBJ
E:\PROJECTS DATA\2512GAME\KIDBUU\CHRISTMASGAME\EXTERNALLIBS\IRRLICHT\PRJ\DEBUG\CPLYMESHFILELOADER.OBJ
E:\PROJECTS DATA\2512GAME\KIDBUU\CHRISTMASGAME\EXTERNALLIBS\IRRLICHT\PRJ\DEBUG\CQ3LEVELMESH.OBJ
E:\PROJECTS DATA\2512GAME\KIDBUU\CHRISTMASGAME\EXTERNALLIBS\IRRLICHT\PRJ\DEBUG\CSKINNEDMESH.OBJ
E:\PROJECTS DATA\2512GAME\KIDBUU\CHRISTMASGAME\EXTERNALLIBS\IRRLICHT\PRJ\DEBUG\CSMFMESHFILELOADER.OBJ
E:\PROJECTS DATA\2512GAME\KIDBUU\CHRISTMASGAME\EXTERNALLIBS\IRRLICHT\PRJ\DEBUG\CSCENENODEANIMATORFLYSTRAIGHT.OBJ
E:\PROJECTS DATA\2512GAME\KIDBUU\CHRISTMASGAME\EXTERNALLIBS\IRRLICHT\PRJ\DEBUG\CSCENENODEANIMATORFOLLOWSPLINE.OBJ
E:\PROJECTS DATA\2512GAME\KIDBUU\CHRISTMASGAME\EXTERNALLIBS\IRRLICHT\PRJ\DEBUG\CSCENENODEANIMATORROTATION.OBJ
E:\PROJECTS DATA\2512GAME\KIDBUU\CHRISTMASGAME\EXTERNALLIBS\IRRLICHT\PRJ\DEBUG\CSCENENODEANIMATORTEXTURE.OBJ
E:\PROJECTS DATA\2512GAME\KIDBUU\CHRISTMASGAME\EXTERNALLIBS\IRRLICHT\PRJ\DEBUG\CDEFAULTSCENENODEANIMATORFACTORY.OBJ
E:\PROJECTS DATA\2512GAME\KIDBUU\CHRISTMASGAME\EXTERNALLIBS\IRRLICHT\PRJ\DEBUG\CDEFAULTSCENENODEFACTORY.OBJ
E:\PROJECTS DATA\2512GAME\KIDBUU\CHRISTMASGAME\EXTERNALLIBS\IRRLICHT\PRJ\DEBUG\CGEOMETRYCREATOR.OBJ
E:\PROJECTS DATA\2512GAME\KIDBUU\CHRISTMASGAME\EXTERNALLIBS\IRRLICHT\PRJ\DEBUG\CMESHCACHE.OBJ
E:\PROJECTS DATA\2512GAME\KIDBUU\CHRISTMASGAME\EXTERNALLIBS\IRRLICHT\PRJ\DEBUG\CMESHMANIPULATOR.OBJ
E:\PROJECTS DATA\2512GAME\KIDBUU\CHRISTMASGAME\EXTERNALLIBS\IRRLICHT\PRJ\DEBUG\CMETATRIANGLESELECTOR.OBJ
E:\PROJECTS DATA\2512GAME\KIDBUU\CHRISTMASGAME\EXTERNALLIBS\IRRLICHT\PRJ\DEBUG\COCTREETRIANGLESELECTOR.OBJ
E:\PROJECTS DATA\2512GAME\KIDBUU\CHRISTMASGAME\EXTERNALLIBS\IRRLICHT\PRJ\DEBUG\CSCENECOLLISIONMANAGER.OBJ
E:\PROJECTS DATA\2512GAME\KIDBUU\CHRISTMASGAME\EXTERNALLIBS\IRRLICHT\PRJ\DEBUG\CTERRAINTRIANGLESELECTOR.OBJ
E:\PROJECTS DATA\2512GAME\KIDBUU\CHRISTMASGAME\EXTERNALLIBS\IRRLICHT\PRJ\DEBUG\CTRIANGLEBBSELECTOR.OBJ
E:\PROJECTS DATA\2512GAME\KIDBUU\CHRISTMASGAME\EXTERNALLIBS\IRRLICHT\PRJ\DEBUG\CTRIANGLESELECTOR.OBJ
E:\PROJECTS DATA\2512GAME\KIDBUU\CHRISTMASGAME\EXTERNALLIBS\IRRLICHT\PRJ\DEBUG\CSCENELOADERIRR.OBJ
E:\PROJECTS DATA\2512GAME\KIDBUU\CHRISTMASGAME\EXTERNALLIBS\IRRLICHT\PRJ\DEBUG\CSCENEMANAGER.OBJ
E:\PROJECTS DATA\2512GAME\KIDBUU\CHRISTMASGAME\EXTERNALLIBS\IRRLICHT\PRJ\DEBUG\C3DSMESHFILELOADER.OBJ
E:\PROJECTS DATA\2512GAME\KIDBUU\CHRISTMASGAME\EXTERNALLIBS\IRRLICHT\PRJ\DEBUG\CANIMATEDMESHHALFLIFE.OBJ
E:\PROJECTS DATA\2512GAME\KIDBUU\CHRISTMASGAME\EXTERNALLIBS\IRRLICHT\PRJ\DEBUG\CANIMATEDMESHMD2.OBJ
E:\PROJECTS DATA\2512GAME\KIDBUU\CHRISTMASGAME\EXTERNALLIBS\IRRLICHT\PRJ\DEBUG\CXMLREADER.OBJ
E:\PROJECTS DATA\2512GAME\KIDBUU\CHRISTMASGAME\EXTERNALLIBS\IRRLICHT\PRJ\DEBUG\CXMLWRITER.OBJ
E:\PROJECTS DATA\2512GAME\KIDBUU\CHRISTMASGAME\EXTERNALLIBS\IRRLICHT\PRJ\DEBUG\CZIPREADER.OBJ
E:\PROJECTS DATA\2512GAME\KIDBUU\CHRISTMASGAME\EXTERNALLIBS\IRRLICHT\PRJ\DEBUG\IRRXML.OBJ
E:\PROJECTS DATA\2512GAME\KIDBUU\CHRISTMASGAME\EXTERNALLIBS\IRRLICHT\PRJ\DEBUG\CLOGGER.OBJ
E:\PROJECTS DATA\2512GAME\KIDBUU\CHRISTMASGAME\EXTERNALLIBS\IRRLICHT\PRJ\DEBUG\COSOPERATOR.OBJ
E:\PROJECTS DATA\2512GAME\KIDBUU\CHRISTMASGAME\EXTERNALLIBS\IRRLICHT\PRJ\DEBUG\CIRRDEVICECONSOLE.OBJ
E:\PROJECTS DATA\2512GAME\KIDBUU\CHRISTMASGAME\EXTERNALLIBS\IRRLICHT\PRJ\DEBUG\CIRRDEVICEFB.OBJ
E:\PROJECTS DATA\2512GAME\KIDBUU\CHRISTMASGAME\EXTERNALLIBS\IRRLICHT\PRJ\DEBUG\CIRRDEVICELINUX.OBJ
E:\PROJECTS DATA\2512GAME\KIDBUU\CHRISTMASGAME\EXTERNALLIBS\IRRLICHT\PRJ\DEBUG\CIRRDEVICESDL.OBJ
E:\PROJECTS DATA\2512GAME\KIDBUU\CHRISTMASGAME\EXTERNALLIBS\IRRLICHT\PRJ\DEBUG\CIRRDEVICESTUB.OBJ
E:\PROJECTS DATA\2512GAME\KIDBUU\CHRISTMASGAME\EXTERNALLIBS\IRRLICHT\PRJ\DEBUG\CIRRDEVICEWIN32.OBJ
E:\PROJECTS DATA\2512GAME\KIDBUU\CHRISTMASGAME\EXTERNALLIBS\IRRLICHT\PRJ\DEBUG\CIRRDEVICEWINCE.OBJ
E:\PROJECTS DATA\2512GAME\KIDBUU\CHRISTMASGAME\EXTERNALLIBS\IRRLICHT\PRJ\DEBUG\IRRLICHT.OBJ
E:\PROJECTS DATA\2512GAME\KIDBUU\CHRISTMASGAME\EXTERNALLIBS\IRRLICHT\PRJ\DEBUG\OS.OBJ
E:\PROJECTS DATA\2512GAME\KIDBUU\CHRISTMASGAME\EXTERNALLIBS\IRRLICHT\PRJ\DEBUG\CSCENENODEANIMATORCAMERAFPS.OBJ
E:\PROJECTS DATA\2512GAME\KIDBUU\CHRISTMASGAME\EXTERNALLIBS\IRRLICHT\PRJ\DEBUG\CSCENENODEANIMATORCAMERAMAYA.OBJ
E:\PROJECTS DATA\2512GAME\KIDBUU\CHRISTMASGAME\EXTERNALLIBS\IRRLICHT\PRJ\DEBUG\CSCENENODEANIMATORCOLLISIONRESPONSE.OBJ
E:\PROJECTS DATA\2512GAME\KIDBUU\CHRISTMASGAME\EXTERNALLIBS\IRRLICHT\PRJ\DEBUG\CSCENENODEANIMATORDELETE.OBJ
E:\PROJECTS DATA\2512GAME\KIDBUU\CHRISTMASGAME\EXTERNALLIBS\IRRLICHT\PRJ\DEBUG\CSCENENODEANIMATORFLYCIRCLE.OBJ
E:\PROJECTS DATA\2512GAME\KIDBUU\CHRISTMASGAME\EXTERNALLIBS\IRRLICHT\PRJ\DEBUG\CGUISPINBOX.OBJ
E:\PROJECTS DATA\2512GAME\KIDBUU\CHRISTMASGAME\EXTERNALLIBS\IRRLICHT\PRJ\DEBUG\CGUISPRITEBANK.OBJ
E:\PROJECTS DATA\2512GAME\KIDBUU\CHRISTMASGAME\EXTERNALLIBS\IRRLICHT\PRJ\DEBUG\CGUISTATICTEXT.OBJ
E:\PROJECTS DATA\2512GAME\KIDBUU\CHRISTMASGAME\EXTERNALLIBS\IRRLICHT\PRJ\DEBUG\CGUITABCONTROL.OBJ
E:\PROJECTS DATA\2512GAME\KIDBUU\CHRISTMASGAME\EXTERNALLIBS\IRRLICHT\PRJ\DEBUG\CGUITABLE.OBJ
E:\PROJECTS DATA\2512GAME\KIDBUU\CHRISTMASGAME\EXTERNALLIBS\IRRLICHT\PRJ\DEBUG\CGUITOOLBAR.OBJ
E:\PROJECTS DATA\2512GAME\KIDBUU\CHRISTMASGAME\EXTERNALLIBS\IRRLICHT\PRJ\DEBUG\CGUITREEVIEW.OBJ
E:\PROJECTS DATA\2512GAME\KIDBUU\CHRISTMASGAME\EXTERNALLIBS\IRRLICHT\PRJ\DEBUG\CGUIWINDOW.OBJ
E:\PROJECTS DATA\2512GAME\KIDBUU\CHRISTMASGAME\EXTERNALLIBS\IRRLICHT\PRJ\DEBUG\CATTRIBUTES.OBJ
E:\PROJECTS DATA\2512GAME\KIDBUU\CHRISTMASGAME\EXTERNALLIBS\IRRLICHT\PRJ\DEBUG\CFILELIST.OBJ
E:\PROJECTS DATA\2512GAME\KIDBUU\CHRISTMASGAME\EXTERNALLIBS\IRRLICHT\PRJ\DEBUG\CFILESYSTEM.OBJ
E:\PROJECTS DATA\2512GAME\KIDBUU\CHRISTMASGAME\EXTERNALLIBS\IRRLICHT\PRJ\DEBUG\CLIMITREADFILE.OBJ
E:\PROJECTS DATA\2512GAME\KIDBUU\CHRISTMASGAME\EXTERNALLIBS\IRRLICHT\PRJ\DEBUG\CMEMORYFILE.OBJ
E:\PROJECTS DATA\2512GAME\KIDBUU\CHRISTMASGAME\EXTERNALLIBS\IRRLICHT\PRJ\DEBUG\CMOUNTPOINTREADER.OBJ
E:\PROJECTS DATA\2512GAME\KIDBUU\CHRISTMASGAME\EXTERNALLIBS\IRRLICHT\PRJ\DEBUG\CNPKREADER.OBJ
E:\PROJECTS DATA\2512GAME\KIDBUU\CHRISTMASGAME\EXTERNALLIBS\IRRLICHT\PRJ\DEBUG\CPAKREADER.OBJ
E:\PROJECTS DATA\2512GAME\KIDBUU\CHRISTMASGAME\EXTERNALLIBS\IRRLICHT\PRJ\DEBUG\CREADFILE.OBJ
E:\PROJECTS DATA\2512GAME\KIDBUU\CHRISTMASGAME\EXTERNALLIBS\IRRLICHT\PRJ\DEBUG\CTARREADER.OBJ
E:\PROJECTS DATA\2512GAME\KIDBUU\CHRISTMASGAME\EXTERNALLIBS\IRRLICHT\PRJ\DEBUG\CWADREADER.OBJ
E:\PROJECTS DATA\2512GAME\KIDBUU\CHRISTMASGAME\EXTERNALLIBS\IRRLICHT\PRJ\DEBUG\CWRITEFILE.OBJ
E:\PROJECTS DATA\2512GAME\KIDBUU\CHRISTMASGAME\EXTERNALLIBS\IRRLICHT\PRJ\DEBUG\CDEFAULTGUIELEMENTFACTORY.OBJ
E:\PROJECTS DATA\2512GAME\KIDBUU\CHRISTMASGAME\EXTERNALLIBS\IRRLICHT\PRJ\DEBUG\CGUIBUTTON.OBJ
E:\PROJECTS DATA\2512GAME\KIDBUU\CHRISTMASGAME\EXTERNALLIBS\IRRLICHT\PRJ\DEBUG\CGUICHECKBOX.OBJ
E:\PROJECTS DATA\2512GAME\KIDBUU\CHRISTMASGAME\EXTERNALLIBS\IRRLICHT\PRJ\DEBUG\CGUICOLORSELECTDIALOG.OBJ
E:\PROJECTS DATA\2512GAME\KIDBUU\CHRISTMASGAME\EXTERNALLIBS\IRRLICHT\PRJ\DEBUG\CGUICOMBOBOX.OBJ
E:\PROJECTS DATA\2512GAME\KIDBUU\CHRISTMASGAME\EXTERNALLIBS\IRRLICHT\PRJ\DEBUG\CGUICONTEXTMENU.OBJ
E:\PROJECTS DATA\2512GAME\KIDBUU\CHRISTMASGAME\EXTERNALLIBS\IRRLICHT\PRJ\DEBUG\CGUIEDITBOX.OBJ
E:\PROJECTS DATA\2512GAME\KIDBUU\CHRISTMASGAME\EXTERNALLIBS\IRRLICHT\PRJ\DEBUG\CGUIENVIRONMENT.OBJ
E:\PROJECTS DATA\2512GAME\KIDBUU\CHRISTMASGAME\EXTERNALLIBS\IRRLICHT\PRJ\DEBUG\CGUIFILEOPENDIALOG.OBJ
E:\PROJECTS DATA\2512GAME\KIDBUU\CHRISTMASGAME\EXTERNALLIBS\IRRLICHT\PRJ\DEBUG\CGUIFONT.OBJ
E:\PROJECTS DATA\2512GAME\KIDBUU\CHRISTMASGAME\EXTERNALLIBS\IRRLICHT\PRJ\DEBUG\CGUIIMAGE.OBJ
E:\PROJECTS DATA\2512GAME\KIDBUU\CHRISTMASGAME\EXTERNALLIBS\IRRLICHT\PRJ\DEBUG\CGUIIMAGELIST.OBJ
E:\PROJECTS DATA\2512GAME\KIDBUU\CHRISTMASGAME\EXTERNALLIBS\IRRLICHT\PRJ\DEBUG\CGUIINOUTFADER.OBJ
E:\PROJECTS DATA\2512GAME\KIDBUU\CHRISTMASGAME\EXTERNALLIBS\IRRLICHT\PRJ\DEBUG\CGUILISTBOX.OBJ
E:\PROJECTS DATA\2512GAME\KIDBUU\CHRISTMASGAME\EXTERNALLIBS\IRRLICHT\PRJ\DEBUG\CGUIMENU.OBJ
E:\PROJECTS DATA\2512GAME\KIDBUU\CHRISTMASGAME\EXTERNALLIBS\IRRLICHT\PRJ\DEBUG\CGUIMESHVIEWER.OBJ
E:\PROJECTS DATA\2512GAME\KIDBUU\CHRISTMASGAME\EXTERNALLIBS\IRRLICHT\PRJ\DEBUG\CGUIMESSAGEBOX.OBJ
E:\PROJECTS DATA\2512GAME\KIDBUU\CHRISTMASGAME\EXTERNALLIBS\IRRLICHT\PRJ\DEBUG\CGUIMODALSCREEN.OBJ
E:\PROJECTS DATA\2512GAME\KIDBUU\CHRISTMASGAME\EXTERNALLIBS\IRRLICHT\PRJ\DEBUG\CGUISCROLLBAR.OBJ
E:\PROJECTS DATA\2512GAME\KIDBUU\CHRISTMASGAME\EXTERNALLIBS\IRRLICHT\PRJ\DEBUG\CGUISKIN.OBJ
E:\PROJECTS DATA\2512GAME\KIDBUU\CHRISTMASGAME\EXTERNALLIBS\IRRLICHT\PRJ\DEBUG\AESCRYPT.OBJ
E:\PROJECTS DATA\2512GAME\KIDBUU\CHRISTMASGAME\EXTERNALLIBS\IRRLICHT\PRJ\DEBUG\AESKEY.OBJ
E:\PROJECTS DATA\2512GAME\KIDBUU\CHRISTMASGAME\EXTERNALLIBS\IRRLICHT\PRJ\DEBUG\AESTAB.OBJ
E:\PROJECTS DATA\2512GAME\KIDBUU\CHRISTMASGAME\EXTERNALLIBS\IRRLICHT\PRJ\DEBUG\FILEENC.OBJ
E:\PROJECTS DATA\2512GAME\KIDBUU\CHRISTMASGAME\EXTERNALLIBS\IRRLICHT\PRJ\DEBUG\HMAC.OBJ
E:\PROJECTS DATA\2512GAME\KIDBUU\CHRISTMASGAME\EXTERNALLIBS\IRRLICHT\PRJ\DEBUG\PRNG.OBJ
E:\PROJECTS DATA\2512GAME\KIDBUU\CHRISTMASGAME\EXTERNALLIBS\IRRLICHT\PRJ\DEBUG\PWD2KEY.OBJ
E:\PROJECTS DATA\2512GAME\KIDBUU\CHRISTMASGAME\EXTERNALLIBS\IRRLICHT\PRJ\DEBUG\SHA1.OBJ
E:\PROJECTS DATA\2512GAME\KIDBUU\CHRISTMASGAME\EXTERNALLIBS\IRRLICHT\PRJ\DEBUG\SHA2.OBJ
E:\PROJECTS DATA\2512GAME\KIDBUU\CHRISTMASGAME\EXTERNALLIBS\IRRLICHT\PRJ\DEBUG\VC110.PDB
E:\PROJECTS DATA\2512GAME\KIDBUU\CHRISTMASGAME\EXTERNALLIBS\IRRLICHT\PRJ\DEBUG\PNGWIO.OBJ
E:\PROJECTS DATA\2512GAME\KIDBUU\CHRISTMASGAME\EXTERNALLIBS\IRRLICHT\PRJ\DEBUG\PNGWRITE.OBJ
E:\PROJECTS DATA\2512GAME\KIDBUU\CHRISTMASGAME\EXTERNALLIBS\IRRLICHT\PRJ\DEBUG\PNGWTRAN.OBJ
E:\PROJECTS DATA\2512GAME\KIDBUU\CHRISTMASGAME\EXTERNALLIBS\IRRLICHT\PRJ\DEBUG\PNGWUTIL.OBJ
E:\PROJECTS DATA\2512GAME\KIDBUU\CHRISTMASGAME\EXTERNALLIBS\IRRLICHT\PRJ\DEBUG\LZMADEC.OBJ
E:\PROJECTS DATA\2512GAME\KIDBUU\CHRISTMASGAME\EXTERNALLIBS\IRRLICHT\PRJ\DEBUG\ADLER32.OBJ
E:\PROJECTS DATA\2512GAME\KIDBUU\CHRISTMASGAME\EXTERNALLIBS\IRRLICHT\PRJ\DEBUG\COMPRESS.OBJ
E:\PROJECTS DATA\2512GAME\KIDBUU\CHRISTMASGAME\EXTERNALLIBS\IRRLICHT\PRJ\DEBUG\CRC32.OBJ
E:\PROJECTS DATA\2512GAME\KIDBUU\CHRISTMASGAME\EXTERNALLIBS\IRRLICHT\PRJ\DEBUG\DEFLATE.OBJ
E:\PROJECTS DATA\2512GAME\KIDBUU\CHRISTMASGAME\EXTERNALLIBS\IRRLICHT\PRJ\DEBUG\GZCLOSE.OBJ
E:\PROJECTS DATA\2512GAME\KIDBUU\CHRISTMASGAME\EXTERNALLIBS\IRRLICHT\PRJ\DEBUG\GZLIB.OBJ
E:\PROJECTS DATA\2512GAME\KIDBUU\CHRISTMASGAME\EXTERNALLIBS\IRRLICHT\PRJ\DEBUG\GZREAD.OBJ
E:\PROJECTS DATA\2512GAME\KIDBUU\CHRISTMASGAME\EXTERNALLIBS\IRRLICHT\PRJ\DEBUG\GZWRITE.OBJ
E:\PROJECTS DATA\2512GAME\KIDBUU\CHRISTMASGAME\EXTERNALLIBS\IRRLICHT\PRJ\DEBUG\INFBACK.OBJ
E:\PROJECTS DATA\2512GAME\KIDBUU\CHRISTMASGAME\EXTERNALLIBS\IRRLICHT\PRJ\DEBUG\INFFAST.OBJ
E:\PROJECTS DATA\2512GAME\KIDBUU\CHRISTMASGAME\EXTERNALLIBS\IRRLICHT\PRJ\DEBUG\INFLATE.OBJ
E:\PROJECTS DATA\2512GAME\KIDBUU\CHRISTMASGAME\EXTERNALLIBS\IRRLICHT\PRJ\DEBUG\INFTREES.OBJ
E:\PROJECTS DATA\2512GAME\KIDBUU\CHRISTMASGAME\EXTERNALLIBS\IRRLICHT\PRJ\DEBUG\TREES.OBJ
E:\PROJECTS DATA\2512GAME\KIDBUU\CHRISTMASGAME\EXTERNALLIBS\IRRLICHT\PRJ\DEBUG\UNCOMPR.OBJ
E:\PROJECTS DATA\2512GAME\KIDBUU\CHRISTMASGAME\EXTERNALLIBS\IRRLICHT\PRJ\DEBUG\ZUTIL.OBJ
E:\PROJECTS DATA\2512GAME\KIDBUU\CHRISTMASGAME\EXTERNALLIBS\IRRLICHT\PRJ\DEBUG\RDRLE.OBJ
E:\PROJECTS DATA\2512GAME\KIDBUU\CHRISTMASGAME\EXTERNALLIBS\IRRLICHT\PRJ\DEBUG\RDSWITCH.OBJ
E:\PROJECTS DATA\2512GAME\KIDBUU\CHRISTMASGAME\EXTERNALLIBS\IRRLICHT\PRJ\DEBUG\RDTARGA.OBJ
E:\PROJECTS DATA\2512GAME\KIDBUU\CHRISTMASGAME\EXTERNALLIBS\IRRLICHT\PRJ\DEBUG\TRANSUPP.OBJ
E:\PROJECTS DATA\2512GAME\KIDBUU\CHRISTMASGAME\EXTERNALLIBS\IRRLICHT\PRJ\DEBUG\WRBMP.OBJ
E:\PROJECTS DATA\2512GAME\KIDBUU\CHRISTMASGAME\EXTERNALLIBS\IRRLICHT\PRJ\DEBUG\WRGIF.OBJ
E:\PROJECTS DATA\2512GAME\KIDBUU\CHRISTMASGAME\EXTERNALLIBS\IRRLICHT\PRJ\DEBUG\WRPPM.OBJ
E:\PROJECTS DATA\2512GAME\KIDBUU\CHRISTMASGAME\EXTERNALLIBS\IRRLICHT\PRJ\DEBUG\WRRLE.OBJ
E:\PROJECTS DATA\2512GAME\KIDBUU\CHRISTMASGAME\EXTERNALLIBS\IRRLICHT\PRJ\DEBUG\WRTARGA.OBJ
E:\PROJECTS DATA\2512GAME\KIDBUU\CHRISTMASGAME\EXTERNALLIBS\IRRLICHT\PRJ\DEBUG\PNG.OBJ
E:\PROJECTS DATA\2512GAME\KIDBUU\CHRISTMASGAME\EXTERNALLIBS\IRRLICHT\PRJ\DEBUG\PNGERROR.OBJ
E:\PROJECTS DATA\2512GAME\KIDBUU\CHRISTMASGAME\EXTERNALLIBS\IRRLICHT\PRJ\DEBUG\PNGGET.OBJ
E:\PROJECTS DATA\2512GAME\KIDBUU\CHRISTMASGAME\EXTERNALLIBS\IRRLICHT\PRJ\DEBUG\PNGMEM.OBJ
E:\PROJECTS DATA\2512GAME\KIDBUU\CHRISTMASGAME\EXTERNALLIBS\IRRLICHT\PRJ\DEBUG\PNGPREAD.OBJ
E:\PROJECTS DATA\2512GAME\KIDBUU\CHRISTMASGAME\EXTERNALLIBS\IRRLICHT\PRJ\DEBUG\PNGREAD.OBJ
E:\PROJECTS DATA\2512GAME\KIDBUU\CHRISTMASGAME\EXTERNALLIBS\IRRLICHT\PRJ\DEBUG\PNGRIO.OBJ
E:\PROJECTS DATA\2512GAME\KIDBUU\CHRISTMASGAME\EXTERNALLIBS\IRRLICHT\PRJ\DEBUG\PNGRTRAN.OBJ
E:\PROJECTS DATA\2512GAME\KIDBUU\CHRISTMASGAME\EXTERNALLIBS\IRRLICHT\PRJ\DEBUG\PNGRUTIL.OBJ
E:\PROJECTS DATA\2512GAME\KIDBUU\CHRISTMASGAME\EXTERNALLIBS\IRRLICHT\PRJ\DEBUG\PNGSET.OBJ
E:\PROJECTS DATA\2512GAME\KIDBUU\CHRISTMASGAME\EXTERNALLIBS\IRRLICHT\PRJ\DEBUG\PNGTRANS.OBJ
E:\PROJECTS DATA\2512GAME\KIDBUU\CHRISTMASGAME\EXTERNALLIBS\IRRLICHT\PRJ\DEBUG\JDMERGE.OBJ
E:\PROJECTS DATA\2512GAME\KIDBUU\CHRISTMASGAME\EXTERNALLIBS\IRRLICHT\PRJ\DEBUG\JDPOSTCT.OBJ
E:\PROJECTS DATA\2512GAME\KIDBUU\CHRISTMASGAME\EXTERNALLIBS\IRRLICHT\PRJ\DEBUG\JDSAMPLE.OBJ
E:\PROJECTS DATA\2512GAME\KIDBUU\CHRISTMASGAME\EXTERNALLIBS\IRRLICHT\PRJ\DEBUG\JDTRANS.OBJ
E:\PROJECTS DATA\2512GAME\KIDBUU\CHRISTMASGAME\EXTERNALLIBS\IRRLICHT\PRJ\DEBUG\JERROR.OBJ
E:\PROJECTS DATA\2512GAME\KIDBUU\CHRISTMASGAME\EXTERNALLIBS\IRRLICHT\PRJ\DEBUG\JFDCTFLT.OBJ
E:\PROJECTS DATA\2512GAME\KIDBUU\CHRISTMASGAME\EXTERNALLIBS\IRRLICHT\PRJ\DEBUG\JFDCTFST.OBJ
E:\PROJECTS DATA\2512GAME\KIDBUU\CHRISTMASGAME\EXTERNALLIBS\IRRLICHT\PRJ\DEBUG\JFDCTINT.OBJ
E:\PROJECTS DATA\2512GAME\KIDBUU\CHRISTMASGAME\EXTERNALLIBS\IRRLICHT\PRJ\DEBUG\JIDCTFLT.OBJ
E:\PROJECTS DATA\2512GAME\KIDBUU\CHRISTMASGAME\EXTERNALLIBS\IRRLICHT\PRJ\DEBUG\JIDCTFST.OBJ
E:\PROJECTS DATA\2512GAME\KIDBUU\CHRISTMASGAME\EXTERNALLIBS\IRRLICHT\PRJ\DEBUG\JIDCTINT.OBJ
E:\PROJECTS DATA\2512GAME\KIDBUU\CHRISTMASGAME\EXTERNALLIBS\IRRLICHT\PRJ\DEBUG\JMEMMGR.OBJ
E:\PROJECTS DATA\2512GAME\KIDBUU\CHRISTMASGAME\EXTERNALLIBS\IRRLICHT\PRJ\DEBUG\JMEMNAME.OBJ
E:\PROJECTS DATA\2512GAME\KIDBUU\CHRISTMASGAME\EXTERNALLIBS\IRRLICHT\PRJ\DEBUG\JQUANT1.OBJ
E:\PROJECTS DATA\2512GAME\KIDBUU\CHRISTMASGAME\EXTERNALLIBS\IRRLICHT\PRJ\DEBUG\JQUANT2.OBJ
E:\PROJECTS DATA\2512GAME\KIDBUU\CHRISTMASGAME\EXTERNALLIBS\IRRLICHT\PRJ\DEBUG\JUTILS.OBJ
E:\PROJECTS DATA\2512GAME\KIDBUU\CHRISTMASGAME\EXTERNALLIBS\IRRLICHT\PRJ\DEBUG\RDBMP.OBJ
E:\PROJECTS DATA\2512GAME\KIDBUU\CHRISTMASGAME\EXTERNALLIBS\IRRLICHT\PRJ\DEBUG\RDCOLMAP.OBJ
E:\PROJECTS DATA\2512GAME\KIDBUU\CHRISTMASGAME\EXTERNALLIBS\IRRLICHT\PRJ\DEBUG\RDGIF.OBJ
E:\PROJECTS DATA\2512GAME\KIDBUU\CHRISTMASGAME\EXTERNALLIBS\IRRLICHT\PRJ\DEBUG\RDPPM.OBJ
E:\PROJECTS DATA\2512GAME\KIDBUU\CHRISTMASGAME\EXTERNALLIBS\IRRLICHT\PRJ\DEBUG\JCMARKER.OBJ
E:\PROJECTS DATA\2512GAME\KIDBUU\CHRISTMASGAME\EXTERNALLIBS\IRRLICHT\PRJ\DEBUG\JCMASTER.OBJ
E:\PROJECTS DATA\2512GAME\KIDBUU\CHRISTMASGAME\EXTERNALLIBS\IRRLICHT\PRJ\DEBUG\JCOMAPI.OBJ
E:\PROJECTS DATA\2512GAME\KIDBUU\CHRISTMASGAME\EXTERNALLIBS\IRRLICHT\PRJ\DEBUG\JCPARAM.OBJ
E:\PROJECTS DATA\2512GAME\KIDBUU\CHRISTMASGAME\EXTERNALLIBS\IRRLICHT\PRJ\DEBUG\JCPREPCT.OBJ
E:\PROJECTS DATA\2512GAME\KIDBUU\CHRISTMASGAME\EXTERNALLIBS\IRRLICHT\PRJ\DEBUG\JCSAMPLE.OBJ
E:\PROJECTS DATA\2512GAME\KIDBUU\CHRISTMASGAME\EXTERNALLIBS\IRRLICHT\PRJ\DEBUG\JCTRANS.OBJ
E:\PROJECTS DATA\2512GAME\KIDBUU\CHRISTMASGAME\EXTERNALLIBS\IRRLICHT\PRJ\DEBUG\JDAPIMIN.OBJ
E:\PROJECTS DATA\2512GAME\KIDBUU\CHRISTMASGAME\EXTERNALLIBS\IRRLICHT\PRJ\DEBUG\JDAPISTD.OBJ
E:\PROJECTS DATA\2512GAME\KIDBUU\CHRISTMASGAME\EXTERNALLIBS\IRRLICHT\PRJ\DEBUG\JDARITH.OBJ
E:\PROJECTS DATA\2512GAME\KIDBUU\CHRISTMASGAME\EXTERNALLIBS\IRRLICHT\PRJ\DEBUG\JDATADST.OBJ
E:\PROJECTS DATA\2512GAME\KIDBUU\CHRISTMASGAME\EXTERNALLIBS\IRRLICHT\PRJ\DEBUG\JDATASRC.OBJ
E:\PROJECTS DATA\2512GAME\KIDBUU\CHRISTMASGAME\EXTERNALLIBS\IRRLICHT\PRJ\DEBUG\JDCOEFCT.OBJ
E:\PROJECTS DATA\2512GAME\KIDBUU\CHRISTMASGAME\EXTERNALLIBS\IRRLICHT\PRJ\DEBUG\JDCOLOR.OBJ
E:\PROJECTS DATA\2512GAME\KIDBUU\CHRISTMASGAME\EXTERNALLIBS\IRRLICHT\PRJ\DEBUG\JDDCTMGR.OBJ
E:\PROJECTS DATA\2512GAME\KIDBUU\CHRISTMASGAME\EXTERNALLIBS\IRRLICHT\PRJ\DEBUG\JDHUFF.OBJ
E:\PROJECTS DATA\2512GAME\KIDBUU\CHRISTMASGAME\EXTERNALLIBS\IRRLICHT\PRJ\DEBUG\JDINPUT.OBJ
E:\PROJECTS DATA\2512GAME\KIDBUU\CHRISTMASGAME\EXTERNALLIBS\IRRLICHT\PRJ\DEBUG\JDMAINCT.OBJ
E:\PROJECTS DATA\2512GAME\KIDBUU\CHRISTMASGAME\EXTERNALLIBS\IRRLICHT\PRJ\DEBUG\JDMARKER.OBJ
E:\PROJECTS DATA\2512GAME\KIDBUU\CHRISTMASGAME\EXTERNALLIBS\IRRLICHT\PRJ\DEBUG\JDMASTER.OBJ
E:\PROJECTS DATA\2512GAME\KIDBUU\CHRISTMASGAME\EXTERNALLIBS\IRRLICHT\PRJ\DEBUG\BLOCKSORT.OBJ
E:\PROJECTS DATA\2512GAME\KIDBUU\CHRISTMASGAME\EXTERNALLIBS\IRRLICHT\PRJ\DEBUG\BZCOMPRESS.OBJ
E:\PROJECTS DATA\2512GAME\KIDBUU\CHRISTMASGAME\EXTERNALLIBS\IRRLICHT\PRJ\DEBUG\BZIP2.OBJ
E:\PROJECTS DATA\2512GAME\KIDBUU\CHRISTMASGAME\EXTERNALLIBS\IRRLICHT\PRJ\DEBUG\BZLIB.OBJ
E:\PROJECTS DATA\2512GAME\KIDBUU\CHRISTMASGAME\EXTERNALLIBS\IRRLICHT\PRJ\DEBUG\CRCTABLE.OBJ
E:\PROJECTS DATA\2512GAME\KIDBUU\CHRISTMASGAME\EXTERNALLIBS\IRRLICHT\PRJ\DEBUG\DECOMPRESS.OBJ
E:\PROJECTS DATA\2512GAME\KIDBUU\CHRISTMASGAME\EXTERNALLIBS\IRRLICHT\PRJ\DEBUG\DLLTEST.OBJ
E:\PROJECTS DATA\2512GAME\KIDBUU\CHRISTMASGAME\EXTERNALLIBS\IRRLICHT\PRJ\DEBUG\HUFFMAN.OBJ
E:\PROJECTS DATA\2512GAME\KIDBUU\CHRISTMASGAME\EXTERNALLIBS\IRRLICHT\PRJ\DEBUG\RANDTABLE.OBJ
E:\PROJECTS DATA\2512GAME\KIDBUU\CHRISTMASGAME\EXTERNALLIBS\IRRLICHT\PRJ\DEBUG\CDJPEG.OBJ
E:\PROJECTS DATA\2512GAME\KIDBUU\CHRISTMASGAME\EXTERNALLIBS\IRRLICHT\PRJ\DEBUG\JARICOM.OBJ
E:\PROJECTS DATA\2512GAME\KIDBUU\CHRISTMASGAME\EXTERNALLIBS\IRRLICHT\PRJ\DEBUG\JCAPIMIN.OBJ
E:\PROJECTS DATA\2512GAME\KIDBUU\CHRISTMASGAME\EXTERNALLIBS\IRRLICHT\PRJ\DEBUG\JCAPISTD.OBJ
E:\PROJECTS DATA\2512GAME\KIDBUU\CHRISTMASGAME\EXTERNALLIBS\IRRLICHT\PRJ\DEBUG\JCARITH.OBJ
E:\PROJECTS DATA\2512GAME\KIDBUU\CHRISTMASGAME\EXTERNALLIBS\IRRLICHT\PRJ\DEBUG\JCCOEFCT.OBJ
E:\PROJECTS DATA\2512GAME\KIDBUU\CHRISTMASGAME\EXTERNALLIBS\IRRLICHT\PRJ\DEBUG\JCCOLOR.OBJ
E:\PROJECTS DATA\2512GAME\KIDBUU\CHRISTMASGAME\EXTERNALLIBS\IRRLICHT\PRJ\DEBUG\JCDCTMGR.OBJ
E:\PROJECTS DATA\2512GAME\KIDBUU\CHRISTMASGAME\EXTERNALLIBS\IRRLICHT\PRJ\DEBUG\JCHUFF.OBJ
E:\PROJECTS DATA\2512GAME\KIDBUU\CHRISTMASGAME\EXTERNALLIBS\IRRLICHT\PRJ\DEBUG\JCINIT.OBJ
E:\PROJECTS DATA\2512GAME\KIDBUU\CHRISTMASGAME\EXTERNALLIBS\IRRLICHT\PRJ\DEBUG\JCMAINCT.OBJ
E:\PROJECTS DATA\THEFIRST\EXTERNALLIBS\IRRLICHT\PRJ\DEBUG\COPENGLDRIVER.OBJ
E:\PROJECTS DATA\THEFIRST\EXTERNALLIBS\IRRLICHT\PRJ\DEBUG\COPENGLEXTENSIONHANDLER.OBJ
E:\PROJECTS DATA\THEFIRST\EXTERNALLIBS\IRRLICHT\PRJ\DEBUG\COPENGLNORMALMAPRENDERER.OBJ
E:\PROJECTS DATA\THEFIRST\EXTERNALLIBS\IRRLICHT\PRJ\DEBUG\COPENGLPARALLAXMAPRENDERER.OBJ
E:\PROJECTS DATA\THEFIRST\EXTERNALLIBS\IRRLICHT\PRJ\DEBUG\COPENGLSHADERMATERIALRENDERER.OBJ
E:\PROJECTS DATA\THEFIRST\EXTERNALLIBS\IRRLICHT\PRJ\DEBUG\COPENGLSLMATERIALRENDERER.OBJ
E:\PROJECTS DATA\THEFIRST\EXTERNALLIBS\IRRLICHT\PRJ\DEBUG\COPENGLTEXTURE.OBJ
E:\PROJECTS DATA\THEFIRST\EXTERNALLIBS\IRRLICHT\PRJ\DEBUG\CSOFTWAREDRIVER.OBJ
E:\PROJECTS DATA\THEFIRST\EXTERNALLIBS\IRRLICHT\PRJ\DEBUG\CSOFTWARETEXTURE.OBJ
E:\PROJECTS DATA\THEFIRST\EXTERNALLIBS\IRRLICHT\PRJ\DEBUG\CTRFLAT.OBJ
E:\PROJECTS DATA\THEFIRST\EXTERNALLIBS\IRRLICHT\PRJ\DEBUG\CTRFLATWIRE.OBJ
E:\PROJECTS DATA\THEFIRST\EXTERNALLIBS\IRRLICHT\PRJ\DEBUG\CTRGOURAUD.OBJ
E:\PROJECTS DATA\THEFIRST\EXTERNALLIBS\IRRLICHT\PRJ\DEBUG\CTRGOURAUDWIRE.OBJ
E:\PROJECTS DATA\THEFIRST\EXTERNALLIBS\IRRLICHT\PRJ\DEBUG\CTRTEXTUREFLAT.OBJ
E:\PROJECTS DATA\THEFIRST\EXTERNALLIBS\IRRLICHT\PRJ\DEBUG\CTRTEXTUREFLATWIRE.OBJ
E:\PROJECTS DATA\THEFIRST\EXTERNALLIBS\IRRLICHT\PRJ\DEBUG\CTRTEXTUREGOURAUD.OBJ
E:\PROJECTS DATA\THEFIRST\EXTERNALLIBS\IRRLICHT\PRJ\DEBUG\CTRTEXTUREGOURAUDADD.OBJ
E:\PROJECTS DATA\THEFIRST\EXTERNALLIBS\IRRLICHT\PRJ\DEBUG\CTRTEXTUREGOURAUDALPHANOZ.OBJ
E:\PROJECTS DATA\THEFIRST\EXTERNALLIBS\IRRLICHT\PRJ\DEBUG\CTRTEXTUREGOURAUDWIRE.OBJ
E:\PROJECTS DATA\THEFIRST\EXTERNALLIBS\IRRLICHT\PRJ\DEBUG\CZBUFFER.OBJ
E:\PROJECTS DATA\THEFIRST\EXTERNALLIBS\IRRLICHT\PRJ\DEBUG\CIMAGE.OBJ
E:\PROJECTS DATA\THEFIRST\EXTERNALLIBS\IRRLICHT\PRJ\DEBUG\CNULLDRIVER.OBJ
E:\PROJECTS DATA\THEFIRST\EXTERNALLIBS\IRRLICHT\PRJ\DEBUG\CIMAGELOADERBMP.OBJ
E:\PROJECTS DATA\THEFIRST\EXTERNALLIBS\IRRLICHT\PRJ\DEBUG\CIMAGELOADERDDS.OBJ
E:\PROJECTS DATA\THEFIRST\EXTERNALLIBS\IRRLICHT\PRJ\DEBUG\CIMAGELOADERJPG.OBJ
E:\PROJECTS DATA\THEFIRST\EXTERNALLIBS\IRRLICHT\PRJ\DEBUG\CIMAGELOADERPCX.OBJ
E:\PROJECTS DATA\THEFIRST\EXTERNALLIBS\IRRLICHT\PRJ\DEBUG\CIMAGELOADERPNG.OBJ
E:\PROJECTS DATA\THEFIRST\EXTERNALLIBS\IRRLICHT\PRJ\DEBUG\CIMAGELOADERPPM.OBJ
E:\PROJECTS DATA\THEFIRST\EXTERNALLIBS\IRRLICHT\PRJ\DEBUG\CIMAGELOADERPSD.OBJ
E:\PROJECTS DATA\THEFIRST\EXTERNALLIBS\IRRLICHT\PRJ\DEBUG\CIMAGELOADERRGB.OBJ
E:\PROJECTS DATA\THEFIRST\EXTERNALLIBS\IRRLICHT\PRJ\DEBUG\CIMAGELOADERTGA.OBJ
E:\PROJECTS DATA\THEFIRST\EXTERNALLIBS\IRRLICHT\PRJ\DEBUG\CIMAGELOADERWAL.OBJ
E:\PROJECTS DATA\THEFIRST\EXTERNALLIBS\IRRLICHT\PRJ\DEBUG\CIMAGEWRITERBMP.OBJ
E:\PROJECTS DATA\THEFIRST\EXTERNALLIBS\IRRLICHT\PRJ\DEBUG\CIMAGEWRITERJPG.OBJ
E:\PROJECTS DATA\THEFIRST\EXTERNALLIBS\IRRLICHT\PRJ\DEBUG\CIMAGEWRITERPCX.OBJ
E:\PROJECTS DATA\THEFIRST\EXTERNALLIBS\IRRLICHT\PRJ\DEBUG\CIMAGEWRITERPNG.OBJ
E:\PROJECTS DATA\THEFIRST\EXTERNALLIBS\IRRLICHT\PRJ\DEBUG\CIMAGEWRITERPPM.OBJ
E:\PROJECTS DATA\THEFIRST\EXTERNALLIBS\IRRLICHT\PRJ\DEBUG\CIMAGEWRITERPSD.OBJ
E:\PROJECTS DATA\THEFIRST\EXTERNALLIBS\IRRLICHT\PRJ\DEBUG\CIMAGEWRITERTGA.OBJ
E:\PROJECTS DATA\THEFIRST\EXTERNALLIBS\IRRLICHT\PRJ\DEBUG\COPENGLCGMATERIALRENDERER.OBJ
E:\PROJECTS DATA\THEFIRST\EXTERNALLIBS\IRRLICHT\PRJ\DEBUG\CTRTEXTURELIGHTMAP2_M4.OBJ
E:\PROJECTS DATA\THEFIRST\EXTERNALLIBS\IRRLICHT\PRJ\DEBUG\CTRTEXTURELIGHTMAPGOURAUD2_M4.OBJ
E:\PROJECTS DATA\THEFIRST\EXTERNALLIBS\IRRLICHT\PRJ\DEBUG\CTRTEXTUREWIRE2.OBJ
E:\PROJECTS DATA\THEFIRST\EXTERNALLIBS\IRRLICHT\PRJ\DEBUG\IBURNINGSHADER.OBJ
E:\PROJECTS DATA\THEFIRST\EXTERNALLIBS\IRRLICHT\PRJ\DEBUG\CCGMATERIALRENDERER.OBJ
E:\PROJECTS DATA\THEFIRST\EXTERNALLIBS\IRRLICHT\PRJ\DEBUG\CVIDEOMODELIST.OBJ
E:\PROJECTS DATA\THEFIRST\EXTERNALLIBS\IRRLICHT\PRJ\DEBUG\CD3D8DRIVER.OBJ
E:\PROJECTS DATA\THEFIRST\EXTERNALLIBS\IRRLICHT\PRJ\DEBUG\CD3D8NORMALMAPRENDERER.OBJ
E:\PROJECTS DATA\THEFIRST\EXTERNALLIBS\IRRLICHT\PRJ\DEBUG\CD3D8PARALLAXMAPRENDERER.OBJ
E:\PROJECTS DATA\THEFIRST\EXTERNALLIBS\IRRLICHT\PRJ\DEBUG\CD3D8SHADERMATERIALRENDERER.OBJ
E:\PROJECTS DATA\THEFIRST\EXTERNALLIBS\IRRLICHT\PRJ\DEBUG\CD3D8TEXTURE.OBJ
E:\PROJECTS DATA\THEFIRST\EXTERNALLIBS\IRRLICHT\PRJ\DEBUG\CD3D9CGMATERIALRENDERER.OBJ
E:\PROJECTS DATA\THEFIRST\EXTERNALLIBS\IRRLICHT\PRJ\DEBUG\CD3D9DRIVER.OBJ
E:\PROJECTS DATA\THEFIRST\EXTERNALLIBS\IRRLICHT\PRJ\DEBUG\CD3D9HLSLMATERIALRENDERER.OBJ
E:\PROJECTS DATA\THEFIRST\EXTERNALLIBS\IRRLICHT\PRJ\DEBUG\CD3D9NORMALMAPRENDERER.OBJ
E:\PROJECTS DATA\THEFIRST\EXTERNALLIBS\IRRLICHT\PRJ\DEBUG\CD3D9PARALLAXMAPRENDERER.OBJ
E:\PROJECTS DATA\THEFIRST\EXTERNALLIBS\IRRLICHT\PRJ\DEBUG\CD3D9SHADERMATERIALRENDERER.OBJ
E:\PROJECTS DATA\THEFIRST\EXTERNALLIBS\IRRLICHT\PRJ\DEBUG\CD3D9TEXTURE.OBJ
E:\PROJECTS DATA\THEFIRST\EXTERNALLIBS\IRRLICHT\PRJ\DEBUG\CCOLORCONVERTER.OBJ
E:\PROJECTS DATA\THEFIRST\EXTERNALLIBS\IRRLICHT\PRJ\DEBUG\CFPSCOUNTER.OBJ
E:\PROJECTS DATA\THEFIRST\EXTERNALLIBS\IRRLICHT\PRJ\DEBUG\CDEPTHBUFFER.OBJ
E:\PROJECTS DATA\THEFIRST\EXTERNALLIBS\IRRLICHT\PRJ\DEBUG\CSOFTWAREDRIVER2.OBJ
E:\PROJECTS DATA\THEFIRST\EXTERNALLIBS\IRRLICHT\PRJ\DEBUG\CSOFTWARETEXTURE2.OBJ
E:\PROJECTS DATA\THEFIRST\EXTERNALLIBS\IRRLICHT\PRJ\DEBUG\CTRGOURAUD2.OBJ
E:\PROJECTS DATA\THEFIRST\EXTERNALLIBS\IRRLICHT\PRJ\DEBUG\CTRGOURAUDALPHA2.OBJ
E:\PROJECTS DATA\THEFIRST\EXTERNALLIBS\IRRLICHT\PRJ\DEBUG\CTRGOURAUDALPHANOZ2.OBJ
E:\PROJECTS DATA\THEFIRST\EXTERNALLIBS\IRRLICHT\PRJ\DEBUG\CTRNORMALMAP.OBJ
E:\PROJECTS DATA\THEFIRST\EXTERNALLIBS\IRRLICHT\PRJ\DEBUG\CTRSTENCILSHADOW.OBJ
E:\PROJECTS DATA\THEFIRST\EXTERNALLIBS\IRRLICHT\PRJ\DEBUG\CTRTEXTUREBLEND.OBJ
E:\PROJECTS DATA\THEFIRST\EXTERNALLIBS\IRRLICHT\PRJ\DEBUG\CTRTEXTUREDETAILMAP2.OBJ
E:\PROJECTS DATA\THEFIRST\EXTERNALLIBS\IRRLICHT\PRJ\DEBUG\CTRTEXTUREGOURAUD2.OBJ
E:\PROJECTS DATA\THEFIRST\EXTERNALLIBS\IRRLICHT\PRJ\DEBUG\CTRTEXTUREGOURAUDADD2.OBJ
E:\PROJECTS DATA\THEFIRST\EXTERNALLIBS\IRRLICHT\PRJ\DEBUG\CTRTEXTUREGOURAUDADDNOZ2.OBJ
E:\PROJECTS DATA\THEFIRST\EXTERNALLIBS\IRRLICHT\PRJ\DEBUG\CTRTEXTUREGOURAUDALPHA.OBJ
E:\PROJECTS DATA\THEFIRST\EXTERNALLIBS\IRRLICHT\PRJ\DEBUG\CTRTEXTUREGOURAUDNOZ.OBJ
E:\PROJECTS DATA\THEFIRST\EXTERNALLIBS\IRRLICHT\PRJ\DEBUG\CTRTEXTUREGOURAUDNOZ2.OBJ
E:\PROJECTS DATA\THEFIRST\EXTERNALLIBS\IRRLICHT\PRJ\DEBUG\CTRTEXTUREGOURAUDVERTEXALPHA2.OBJ
E:\PROJECTS DATA\THEFIRST\EXTERNALLIBS\IRRLICHT\PRJ\DEBUG\CTRTEXTURELIGHTMAP2_ADD.OBJ
E:\PROJECTS DATA\THEFIRST\EXTERNALLIBS\IRRLICHT\PRJ\DEBUG\CTRTEXTURELIGHTMAP2_M1.OBJ
E:\PROJECTS DATA\THEFIRST\EXTERNALLIBS\IRRLICHT\PRJ\DEBUG\CTRTEXTURELIGHTMAP2_M2.OBJ
E:\PROJECTS DATA\THEFIRST\EXTERNALLIBS\IRRLICHT\PRJ\DEBUG\CDUMMYTRANSFORMATIONSCENENODE.OBJ
E:\PROJECTS DATA\THEFIRST\EXTERNALLIBS\IRRLICHT\PRJ\DEBUG\CEMPTYSCENENODE.OBJ
E:\PROJECTS DATA\THEFIRST\EXTERNALLIBS\IRRLICHT\PRJ\DEBUG\CLIGHTSCENENODE.OBJ
E:\PROJECTS DATA\THEFIRST\EXTERNALLIBS\IRRLICHT\PRJ\DEBUG\CMESHSCENENODE.OBJ
E:\PROJECTS DATA\THEFIRST\EXTERNALLIBS\IRRLICHT\PRJ\DEBUG\COCTREESCENENODE.OBJ
E:\PROJECTS DATA\THEFIRST\EXTERNALLIBS\IRRLICHT\PRJ\DEBUG\CQUAKE3SHADERSCENENODE.OBJ
E:\PROJECTS DATA\THEFIRST\EXTERNALLIBS\IRRLICHT\PRJ\DEBUG\CSHADOWVOLUMESCENENODE.OBJ
E:\PROJECTS DATA\THEFIRST\EXTERNALLIBS\IRRLICHT\PRJ\DEBUG\CSKYBOXSCENENODE.OBJ
E:\PROJECTS DATA\THEFIRST\EXTERNALLIBS\IRRLICHT\PRJ\DEBUG\CSKYDOMESCENENODE.OBJ
E:\PROJECTS DATA\THEFIRST\EXTERNALLIBS\IRRLICHT\PRJ\DEBUG\CSPHERESCENENODE.OBJ
E:\PROJECTS DATA\THEFIRST\EXTERNALLIBS\IRRLICHT\PRJ\DEBUG\CTERRAINSCENENODE.OBJ
E:\PROJECTS DATA\THEFIRST\EXTERNALLIBS\IRRLICHT\PRJ\DEBUG\CTEXTSCENENODE.OBJ
E:\PROJECTS DATA\THEFIRST\EXTERNALLIBS\IRRLICHT\PRJ\DEBUG\CVOLUMELIGHTSCENENODE.OBJ
E:\PROJECTS DATA\THEFIRST\EXTERNALLIBS\IRRLICHT\PRJ\DEBUG\CWATERSURFACESCENENODE.OBJ
E:\PROJECTS DATA\THEFIRST\EXTERNALLIBS\IRRLICHT\PRJ\DEBUG\CCOLLADAMESHWRITER.OBJ
E:\PROJECTS DATA\THEFIRST\EXTERNALLIBS\IRRLICHT\PRJ\DEBUG\CIRRMESHWRITER.OBJ
E:\PROJECTS DATA\THEFIRST\EXTERNALLIBS\IRRLICHT\PRJ\DEBUG\COBJMESHWRITER.OBJ
E:\PROJECTS DATA\THEFIRST\EXTERNALLIBS\IRRLICHT\PRJ\DEBUG\CPLYMESHWRITER.OBJ
E:\PROJECTS DATA\THEFIRST\EXTERNALLIBS\IRRLICHT\PRJ\DEBUG\CSTLMESHWRITER.OBJ
E:\PROJECTS DATA\THEFIRST\EXTERNALLIBS\IRRLICHT\PRJ\DEBUG\CBURNINGSHADER_RASTER_REFERENCE.OBJ
E:\PROJECTS DATA\THEFIRST\EXTERNALLIBS\IRRLICHT\PRJ\DEBUG\CSTLMESHFILELOADER.OBJ
E:\PROJECTS DATA\THEFIRST\EXTERNALLIBS\IRRLICHT\PRJ\DEBUG\CXMESHFILELOADER.OBJ
E:\PROJECTS DATA\THEFIRST\EXTERNALLIBS\IRRLICHT\PRJ\DEBUG\CPARTICLEANIMATEDMESHSCENENODEEMITTER.OBJ
E:\PROJECTS DATA\THEFIRST\EXTERNALLIBS\IRRLICHT\PRJ\DEBUG\CPARTICLEATTRACTIONAFFECTOR.OBJ
E:\PROJECTS DATA\THEFIRST\EXTERNALLIBS\IRRLICHT\PRJ\DEBUG\CPARTICLEBOXEMITTER.OBJ
E:\PROJECTS DATA\THEFIRST\EXTERNALLIBS\IRRLICHT\PRJ\DEBUG\CPARTICLECYLINDEREMITTER.OBJ
E:\PROJECTS DATA\THEFIRST\EXTERNALLIBS\IRRLICHT\PRJ\DEBUG\CPARTICLEFADEOUTAFFECTOR.OBJ
E:\PROJECTS DATA\THEFIRST\EXTERNALLIBS\IRRLICHT\PRJ\DEBUG\CPARTICLEGRAVITYAFFECTOR.OBJ
E:\PROJECTS DATA\THEFIRST\EXTERNALLIBS\IRRLICHT\PRJ\DEBUG\CPARTICLEMESHEMITTER.OBJ
E:\PROJECTS DATA\THEFIRST\EXTERNALLIBS\IRRLICHT\PRJ\DEBUG\CPARTICLEPOINTEMITTER.OBJ
E:\PROJECTS DATA\THEFIRST\EXTERNALLIBS\IRRLICHT\PRJ\DEBUG\CPARTICLERINGEMITTER.OBJ
E:\PROJECTS DATA\THEFIRST\EXTERNALLIBS\IRRLICHT\PRJ\DEBUG\CPARTICLEROTATIONAFFECTOR.OBJ
E:\PROJECTS DATA\THEFIRST\EXTERNALLIBS\IRRLICHT\PRJ\DEBUG\CPARTICLESCALEAFFECTOR.OBJ
E:\PROJECTS DATA\THEFIRST\EXTERNALLIBS\IRRLICHT\PRJ\DEBUG\CPARTICLESPHEREEMITTER.OBJ
E:\PROJECTS DATA\THEFIRST\EXTERNALLIBS\IRRLICHT\PRJ\DEBUG\CPARTICLESYSTEMSCENENODE.OBJ
E:\PROJECTS DATA\THEFIRST\EXTERNALLIBS\IRRLICHT\PRJ\DEBUG\CANIMATEDMESHSCENENODE.OBJ
E:\PROJECTS DATA\THEFIRST\EXTERNALLIBS\IRRLICHT\PRJ\DEBUG\CBILLBOARDSCENENODE.OBJ
E:\PROJECTS DATA\THEFIRST\EXTERNALLIBS\IRRLICHT\PRJ\DEBUG\CBONESCENENODE.OBJ
E:\PROJECTS DATA\THEFIRST\EXTERNALLIBS\IRRLICHT\PRJ\DEBUG\CCAMERASCENENODE.OBJ
E:\PROJECTS DATA\THEFIRST\EXTERNALLIBS\IRRLICHT\PRJ\DEBUG\CCUBESCENENODE.OBJ
E:\PROJECTS DATA\THEFIRST\EXTERNALLIBS\IRRLICHT\PRJ\DEBUG\CANIMATEDMESHMD3.OBJ
E:\PROJECTS DATA\THEFIRST\EXTERNALLIBS\IRRLICHT\PRJ\DEBUG\CB3DMESHFILELOADER.OBJ
E:\PROJECTS DATA\THEFIRST\EXTERNALLIBS\IRRLICHT\PRJ\DEBUG\CBSPMESHFILELOADER.OBJ
E:\PROJECTS DATA\THEFIRST\EXTERNALLIBS\IRRLICHT\PRJ\DEBUG\CCOLLADAFILELOADER.OBJ
E:\PROJECTS DATA\THEFIRST\EXTERNALLIBS\IRRLICHT\PRJ\DEBUG\CCSMLOADER.OBJ
E:\PROJECTS DATA\THEFIRST\EXTERNALLIBS\IRRLICHT\PRJ\DEBUG\CDMFLOADER.OBJ
E:\PROJECTS DATA\THEFIRST\EXTERNALLIBS\IRRLICHT\PRJ\DEBUG\CIRRMESHFILELOADER.OBJ
E:\PROJECTS DATA\THEFIRST\EXTERNALLIBS\IRRLICHT\PRJ\DEBUG\CLMTSMESHFILELOADER.OBJ
E:\PROJECTS DATA\THEFIRST\EXTERNALLIBS\IRRLICHT\PRJ\DEBUG\CLWOMESHFILELOADER.OBJ
E:\PROJECTS DATA\THEFIRST\EXTERNALLIBS\IRRLICHT\PRJ\DEBUG\CMD2MESHFILELOADER.OBJ
E:\PROJECTS DATA\THEFIRST\EXTERNALLIBS\IRRLICHT\PRJ\DEBUG\CMD3MESHFILELOADER.OBJ
E:\PROJECTS DATA\THEFIRST\EXTERNALLIBS\IRRLICHT\PRJ\DEBUG\CMS3DMESHFILELOADER.OBJ
E:\PROJECTS DATA\THEFIRST\EXTERNALLIBS\IRRLICHT\PRJ\DEBUG\CMY3DMESHFILELOADER.OBJ
E:\PROJECTS DATA\THEFIRST\EXTERNALLIBS\IRRLICHT\PRJ\DEBUG\COBJMESHFILELOADER.OBJ
E:\PROJECTS DATA\THEFIRST\EXTERNALLIBS\IRRLICHT\PRJ\DEBUG\COCTLOADER.OBJ
E:\PROJECTS DATA\THEFIRST\EXTERNALLIBS\IRRLICHT\PRJ\DEBUG\COGREMESHFILELOADER.OBJ
E:\PROJECTS DATA\THEFIRST\EXTERNALLIBS\IRRLICHT\PRJ\DEBUG\CPLYMESHFILELOADER.OBJ
E:\PROJECTS DATA\THEFIRST\EXTERNALLIBS\IRRLICHT\PRJ\DEBUG\CQ3LEVELMESH.OBJ
E:\PROJECTS DATA\THEFIRST\EXTERNALLIBS\IRRLICHT\PRJ\DEBUG\CSKINNEDMESH.OBJ
E:\PROJECTS DATA\THEFIRST\EXTERNALLIBS\IRRLICHT\PRJ\DEBUG\CSMFMESHFILELOADER.OBJ
E:\PROJECTS DATA\THEFIRST\EXTERNALLIBS\IRRLICHT\PRJ\DEBUG\CSCENENODEANIMATORFLYSTRAIGHT.OBJ
E:\PROJECTS DATA\THEFIRST\EXTERNALLIBS\IRRLICHT\PRJ\DEBUG\CSCENENODEANIMATORFOLLOWSPLINE.OBJ
E:\PROJECTS DATA\THEFIRST\EXTERNALLIBS\IRRLICHT\PRJ\DEBUG\CSCENENODEANIMATORROTATION.OBJ
E:\PROJECTS DATA\THEFIRST\EXTERNALLIBS\IRRLICHT\PRJ\DEBUG\CSCENENODEANIMATORTEXTURE.OBJ
E:\PROJECTS DATA\THEFIRST\EXTERNALLIBS\IRRLICHT\PRJ\DEBUG\CDEFAULTSCENENODEANIMATORFACTORY.OBJ
E:\PROJECTS DATA\THEFIRST\EXTERNALLIBS\IRRLICHT\PRJ\DEBUG\CDEFAULTSCENENODEFACTORY.OBJ
E:\PROJECTS DATA\THEFIRST\EXTERNALLIBS\IRRLICHT\PRJ\DEBUG\CGEOMETRYCREATOR.OBJ
E:\PROJECTS DATA\THEFIRST\EXTERNALLIBS\IRRLICHT\PRJ\DEBUG\CMESHCACHE.OBJ
E:\PROJECTS DATA\THEFIRST\EXTERNALLIBS\IRRLICHT\PRJ\DEBUG\CMESHMANIPULATOR.OBJ
E:\PROJECTS DATA\THEFIRST\EXTERNALLIBS\IRRLICHT\PRJ\DEBUG\CMETATRIANGLESELECTOR.OBJ
E:\PROJECTS DATA\THEFIRST\EXTERNALLIBS\IRRLICHT\PRJ\DEBUG\COCTREETRIANGLESELECTOR.OBJ
E:\PROJECTS DATA\THEFIRST\EXTERNALLIBS\IRRLICHT\PRJ\DEBUG\CSCENECOLLISIONMANAGER.OBJ
E:\PROJECTS DATA\THEFIRST\EXTERNALLIBS\IRRLICHT\PRJ\DEBUG\CTERRAINTRIANGLESELECTOR.OBJ
E:\PROJECTS DATA\THEFIRST\EXTERNALLIBS\IRRLICHT\PRJ\DEBUG\CTRIANGLEBBSELECTOR.OBJ
E:\PROJECTS DATA\THEFIRST\EXTERNALLIBS\IRRLICHT\PRJ\DEBUG\CTRIANGLESELECTOR.OBJ
E:\PROJECTS DATA\THEFIRST\EXTERNALLIBS\IRRLICHT\PRJ\DEBUG\CSCENELOADERIRR.OBJ
E:\PROJECTS DATA\THEFIRST\EXTERNALLIBS\IRRLICHT\PRJ\DEBUG\CSCENEMANAGER.OBJ
E:\PROJECTS DATA\THEFIRST\EXTERNALLIBS\IRRLICHT\PRJ\DEBUG\C3DSMESHFILELOADER.OBJ
E:\PROJECTS DATA\THEFIRST\EXTERNALLIBS\IRRLICHT\PRJ\DEBUG\CANIMATEDMESHHALFLIFE.OBJ
E:\PROJECTS DATA\THEFIRST\EXTERNALLIBS\IRRLICHT\PRJ\DEBUG\CANIMATEDMESHMD2.OBJ
E:\PROJECTS DATA\THEFIRST\EXTERNALLIBS\IRRLICHT\PRJ\DEBUG\CXMLREADER.OBJ
E:\PROJECTS DATA\THEFIRST\EXTERNALLIBS\IRRLICHT\PRJ\DEBUG\CXMLWRITER.OBJ
E:\PROJECTS DATA\THEFIRST\EXTERNALLIBS\IRRLICHT\PRJ\DEBUG\CZIPREADER.OBJ
E:\PROJECTS DATA\THEFIRST\EXTERNALLIBS\IRRLICHT\PRJ\DEBUG\IRRXML.OBJ
E:\PROJECTS DATA\THEFIRST\EXTERNALLIBS\IRRLICHT\PRJ\DEBUG\CLOGGER.OBJ
E:\PROJECTS DATA\THEFIRST\EXTERNALLIBS\IRRLICHT\PRJ\DEBUG\COSOPERATOR.OBJ
E:\PROJECTS DATA\THEFIRST\EXTERNALLIBS\IRRLICHT\PRJ\DEBUG\CIRRDEVICECONSOLE.OBJ
E:\PROJECTS DATA\THEFIRST\EXTERNALLIBS\IRRLICHT\PRJ\DEBUG\CIRRDEVICEFB.OBJ
E:\PROJECTS DATA\THEFIRST\EXTERNALLIBS\IRRLICHT\PRJ\DEBUG\CIRRDEVICELINUX.OBJ
E:\PROJECTS DATA\THEFIRST\EXTERNALLIBS\IRRLICHT\PRJ\DEBUG\CIRRDEVICESDL.OBJ
E:\PROJECTS DATA\THEFIRST\EXTERNALLIBS\IRRLICHT\PRJ\DEBUG\CIRRDEVICESTUB.OBJ
E:\PROJECTS DATA\THEFIRST\EXTERNALLIBS\IRRLICHT\PRJ\DEBUG\CIRRDEVICEWIN32.OBJ
E:\PROJECTS DATA\THEFIRST\EXTERNALLIBS\IRRLICHT\PRJ\DEBUG\CIRRDEVICEWINCE.OBJ
E:\PROJECTS DATA\THEFIRST\EXTERNALLIBS\IRRLICHT\PRJ\DEBUG\IRRLICHT.OBJ
E:\PROJECTS DATA\THEFIRST\EXTERNALLIBS\IRRLICHT\PRJ\DEBUG\OS.OBJ
E:\PROJECTS DATA\THEFIRST\EXTERNALLIBS\IRRLICHT\PRJ\DEBUG\CSCENENODEANIMATORCAMERAFPS.OBJ
E:\PROJECTS DATA\THEFIRST\EXTERNALLIBS\IRRLICHT\PRJ\DEBUG\CSCENENODEANIMATORCAMERAMAYA.OBJ
E:\PROJECTS DATA\THEFIRST\EXTERNALLIBS\IRRLICHT\PRJ\DEBUG\CSCENENODEANIMATORCOLLISIONRESPONSE.OBJ
E:\PROJECTS DATA\THEFIRST\EXTERNALLIBS\IRRLICHT\PRJ\DEBUG\CSCENENODEANIMATORDELETE.OBJ
E:\PROJECTS DATA\THEFIRST\EXTERNALLIBS\IRRLICHT\PRJ\DEBUG\CSCENENODEANIMATORFLYCIRCLE.OBJ
E:\PROJECTS DATA\THEFIRST\EXTERNALLIBS\IRRLICHT\PRJ\DEBUG\CGUISPINBOX.OBJ
E:\PROJECTS DATA\THEFIRST\EXTERNALLIBS\IRRLICHT\PRJ\DEBUG\CGUISPRITEBANK.OBJ
E:\PROJECTS DATA\THEFIRST\EXTERNALLIBS\IRRLICHT\PRJ\DEBUG\CGUISTATICTEXT.OBJ
E:\PROJECTS DATA\THEFIRST\EXTERNALLIBS\IRRLICHT\PRJ\DEBUG\CGUITABCONTROL.OBJ
E:\PROJECTS DATA\THEFIRST\EXTERNALLIBS\IRRLICHT\PRJ\DEBUG\CGUITABLE.OBJ
E:\PROJECTS DATA\THEFIRST\EXTERNALLIBS\IRRLICHT\PRJ\DEBUG\CGUITOOLBAR.OBJ
E:\PROJECTS DATA\THEFIRST\EXTERNALLIBS\IRRLICHT\PRJ\DEBUG\CGUITREEVIEW.OBJ
E:\PROJECTS DATA\THEFIRST\EXTERNALLIBS\IRRLICHT\PRJ\DEBUG\CGUIWINDOW.OBJ
E:\PROJECTS DATA\THEFIRST\EXTERNALLIBS\IRRLICHT\PRJ\DEBUG\CATTRIBUTES.OBJ
E:\PROJECTS DATA\THEFIRST\EXTERNALLIBS\IRRLICHT\PRJ\DEBUG\CFILELIST.OBJ
E:\PROJECTS DATA\THEFIRST\EXTERNALLIBS\IRRLICHT\PRJ\DEBUG\CFILESYSTEM.OBJ
E:\PROJECTS DATA\THEFIRST\EXTERNALLIBS\IRRLICHT\PRJ\DEBUG\CLIMITREADFILE.OBJ
E:\PROJECTS DATA\THEFIRST\EXTERNALLIBS\IRRLICHT\PRJ\DEBUG\CMEMORYFILE.OBJ
E:\PROJECTS DATA\THEFIRST\EXTERNALLIBS\IRRLICHT\PRJ\DEBUG\CMOUNTPOINTREADER.OBJ
E:\PROJECTS DATA\THEFIRST\EXTERNALLIBS\IRRLICHT\PRJ\DEBUG\CNPKREADER.OBJ
E:\PROJECTS DATA\THEFIRST\EXTERNALLIBS\IRRLICHT\PRJ\DEBUG\CPAKREADER.OBJ
E:\PROJECTS DATA\THEFIRST\EXTERNALLIBS\IRRLICHT\PRJ\DEBUG\CREADFILE.OBJ
E:\PROJECTS DATA\THEFIRST\EXTERNALLIBS\IRRLICHT\PRJ\DEBUG\CTARREADER.OBJ
E:\PROJECTS DATA\THEFIRST\EXTERNALLIBS\IRRLICHT\PRJ\DEBUG\CWADREADER.OBJ
E:\PROJECTS DATA\THEFIRST\EXTERNALLIBS\IRRLICHT\PRJ\DEBUG\CWRITEFILE.OBJ
E:\PROJECTS DATA\THEFIRST\EXTERNALLIBS\IRRLICHT\PRJ\DEBUG\CDEFAULTGUIELEMENTFACTORY.OBJ
E:\PROJECTS DATA\THEFIRST\EXTERNALLIBS\IRRLICHT\PRJ\DEBUG\CGUIBUTTON.OBJ
E:\PROJECTS DATA\THEFIRST\EXTERNALLIBS\IRRLICHT\PRJ\DEBUG\CGUICHECKBOX.OBJ
E:\PROJECTS DATA\THEFIRST\EXTERNALLIBS\IRRLICHT\PRJ\DEBUG\CGUICOLORSELECTDIALOG.OBJ
E:\PROJECTS DATA\THEFIRST\EXTERNALLIBS\IRRLICHT\PRJ\DEBUG\CGUICOMBOBOX.OBJ
E:\PROJECTS DATA\THEFIRST\EXTERNALLIBS\IRRLICHT\PRJ\DEBUG\CGUICONTEXTMENU.OBJ
E:\PROJECTS DATA\THEFIRST\EXTERNALLIBS\IRRLICHT\PRJ\DEBUG\CGUIEDITBOX.OBJ
E:\PROJECTS DATA\THEFIRST\EXTERNALLIBS\IRRLICHT\PRJ\DEBUG\CGUIENVIRONMENT.OBJ
E:\PROJECTS DATA\THEFIRST\EXTERNALLIBS\IRRLICHT\PRJ\DEBUG\CGUIFILEOPENDIALOG.OBJ
E:\PROJECTS DATA\THEFIRST\EXTERNALLIBS\IRRLICHT\PRJ\DEBUG\CGUIFONT.OBJ
E:\PROJECTS DATA\THEFIRST\EXTERNALLIBS\IRRLICHT\PRJ\DEBUG\CGUIIMAGE.OBJ
E:\PROJECTS DATA\THEFIRST\EXTERNALLIBS\IRRLICHT\PRJ\DEBUG\CGUIIMAGELIST.OBJ
E:\PROJECTS DATA\THEFIRST\EXTERNALLIBS\IRRLICHT\PRJ\DEBUG\CGUIINOUTFADER.OBJ
E:\PROJECTS DATA\THEFIRST\EXTERNALLIBS\IRRLICHT\PRJ\DEBUG\CGUILISTBOX.OBJ
E:\PROJECTS DATA\THEFIRST\EXTERNALLIBS\IRRLICHT\PRJ\DEBUG\CGUIMENU.OBJ
E:\PROJECTS DATA\THEFIRST\EXTERNALLIBS\IRRLICHT\PRJ\DEBUG\CGUIMESHVIEWER.OBJ
E:\PROJECTS DATA\THEFIRST\EXTERNALLIBS\IRRLICHT\PRJ\DEBUG\CGUIMESSAGEBOX.OBJ
E:\PROJECTS DATA\THEFIRST\EXTERNALLIBS\IRRLICHT\PRJ\DEBUG\CGUIMODALSCREEN.OBJ
E:\PROJECTS DATA\THEFIRST\EXTERNALLIBS\IRRLICHT\PRJ\DEBUG\CGUISCROLLBAR.OBJ
E:\PROJECTS DATA\THEFIRST\EXTERNALLIBS\IRRLICHT\PRJ\DEBUG\CGUISKIN.OBJ
E:\PROJECTS DATA\THEFIRST\EXTERNALLIBS\IRRLICHT\PRJ\DEBUG\AESCRYPT.OBJ
E:\PROJECTS DATA\THEFIRST\EXTERNALLIBS\IRRLICHT\PRJ\DEBUG\AESKEY.OBJ
E:\PROJECTS DATA\THEFIRST\EXTERNALLIBS\IRRLICHT\PRJ\DEBUG\AESTAB.OBJ
E:\PROJECTS DATA\THEFIRST\EXTERNALLIBS\IRRLICHT\PRJ\DEBUG\FILEENC.OBJ
E:\PROJECTS DATA\THEFIRST\EXTERNALLIBS\IRRLICHT\PRJ\DEBUG\HMAC.OBJ
E:\PROJECTS DATA\THEFIRST\EXTERNALLIBS\IRRLICHT\PRJ\DEBUG\PRNG.OBJ
E:\PROJECTS DATA\THEFIRST\EXTERNALLIBS\IRRLICHT\PRJ\DEBUG\PWD2KEY.OBJ
E:\PROJECTS DATA\THEFIRST\EXTERNALLIBS\IRRLICHT\PRJ\DEBUG\SHA1.OBJ
E:\PROJECTS DATA\THEFIRST\EXTERNALLIBS\IRRLICHT\PRJ\DEBUG\SHA2.OBJ
E:\PROJECTS DATA\THEFIRST\EXTERNALLIBS\IRRLICHT\PRJ\DEBUG\VC110.PDB
E:\PROJECTS DATA\THEFIRST\EXTERNALLIBS\IRRLICHT\PRJ\DEBUG\PNGWIO.OBJ
E:\PROJECTS DATA\THEFIRST\EXTERNALLIBS\IRRLICHT\PRJ\DEBUG\PNGWRITE.OBJ
E:\PROJECTS DATA\THEFIRST\EXTERNALLIBS\IRRLICHT\PRJ\DEBUG\PNGWTRAN.OBJ
E:\PROJECTS DATA\THEFIRST\EXTERNALLIBS\IRRLICHT\PRJ\DEBUG\PNGWUTIL.OBJ
E:\PROJECTS DATA\THEFIRST\EXTERNALLIBS\IRRLICHT\PRJ\DEBUG\LZMADEC.OBJ
E:\PROJECTS DATA\THEFIRST\EXTERNALLIBS\IRRLICHT\PRJ\DEBUG\ADLER32.OBJ
E:\PROJECTS DATA\THEFIRST\EXTERNALLIBS\IRRLICHT\PRJ\DEBUG\COMPRESS.OBJ
E:\PROJECTS DATA\THEFIRST\EXTERNALLIBS\IRRLICHT\PRJ\DEBUG\CRC32.OBJ
E:\PROJECTS DATA\THEFIRST\EXTERNALLIBS\IRRLICHT\PRJ\DEBUG\DEFLATE.OBJ
E:\PROJECTS DATA\THEFIRST\EXTERNALLIBS\IRRLICHT\PRJ\DEBUG\GZCLOSE.OBJ
E:\PROJECTS DATA\THEFIRST\EXTERNALLIBS\IRRLICHT\PRJ\DEBUG\GZLIB.OBJ
E:\PROJECTS DATA\THEFIRST\EXTERNALLIBS\IRRLICHT\PRJ\DEBUG\GZREAD.OBJ
E:\PROJECTS DATA\THEFIRST\EXTERNALLIBS\IRRLICHT\PRJ\DEBUG\GZWRITE.OBJ
E:\PROJECTS DATA\THEFIRST\EXTERNALLIBS\IRRLICHT\PRJ\DEBUG\INFBACK.OBJ
E:\PROJECTS DATA\THEFIRST\EXTERNALLIBS\IRRLICHT\PRJ\DEBUG\INFFAST.OBJ
E:\PROJECTS DATA\THEFIRST\EXTERNALLIBS\IRRLICHT\PRJ\DEBUG\INFLATE.OBJ
E:\PROJECTS DATA\THEFIRST\EXTERNALLIBS\IRRLICHT\PRJ\DEBUG\INFTREES.OBJ
E:\PROJECTS DATA\THEFIRST\EXTERNALLIBS\IRRLICHT\PRJ\DEBUG\TREES.OBJ
E:\PROJECTS DATA\THEFIRST\EXTERNALLIBS\IRRLICHT\PRJ\DEBUG\UNCOMPR.OBJ
E:\PROJECTS DATA\THEFIRST\EXTERNALLIBS\IRRLICHT\PRJ\DEBUG\ZUTIL.OBJ
E:\PROJECTS DATA\THEFIRST\EXTERNALLIBS\IRRLICHT\PRJ\DEBUG\RDRLE.OBJ
E:\PROJECTS DATA\THEFIRST\EXTERNALLIBS\IRRLICHT\PRJ\DEBUG\RDSWITCH.OBJ
E:\PROJECTS DATA\THEFIRST\EXTERNALLIBS\IRRLICHT\PRJ\DEBUG\RDTARGA.OBJ
E:\PROJECTS DATA\THEFIRST\EXTERNALLIBS\IRRLICHT\PRJ\DEBUG\TRANSUPP.OBJ
E:\PROJECTS DATA\THEFIRST\EXTERNALLIBS\IRRLICHT\PRJ\DEBUG\WRBMP.OBJ
E:\PROJECTS DATA\THEFIRST\EXTERNALLIBS\IRRLICHT\PRJ\DEBUG\WRGIF.OBJ
E:\PROJECTS DATA\THEFIRST\EXTERNALLIBS\IRRLICHT\PRJ\DEBUG\WRPPM.OBJ
E:\PROJECTS DATA\THEFIRST\EXTERNALLIBS\IRRLICHT\PRJ\DEBUG\WRRLE.OBJ
E:\PROJECTS DATA\THEFIRST\EXTERNALLIBS\IRRLICHT\PRJ\DEBUG\WRTARGA.OBJ
E:\PROJECTS DATA\THEFIRST\EXTERNALLIBS\IRRLICHT\PRJ\DEBUG\PNG.OBJ
E:\PROJECTS DATA\THEFIRST\EXTERNALLIBS\IRRLICHT\PRJ\DEBUG\PNGERROR.OBJ
E:\PROJECTS DATA\THEFIRST\EXTERNALLIBS\IRRLICHT\PRJ\DEBUG\PNGGET.OBJ
E:\PROJECTS DATA\THEFIRST\EXTERNALLIBS\IRRLICHT\PRJ\DEBUG\PNGMEM.OBJ
E:\PROJECTS DATA\THEFIRST\EXTERNALLIBS\IRRLICHT\PRJ\DEBUG\PNGPREAD.OBJ
E:\PROJECTS DATA\THEFIRST\EXTERNALLIBS\IRRLICHT\PRJ\DEBUG\PNGREAD.OBJ
E:\PROJECTS DATA\THEFIRST\EXTERNALLIBS\IRRLICHT\PRJ\DEBUG\PNGRIO.OBJ
E:\PROJECTS DATA\THEFIRST\EXTERNALLIBS\IRRLICHT\PRJ\DEBUG\PNGRTRAN.OBJ
E:\PROJECTS DATA\THEFIRST\EXTERNALLIBS\IRRLICHT\PRJ\DEBUG\PNGRUTIL.OBJ
E:\PROJECTS DATA\THEFIRST\EXTERNALLIBS\IRRLICHT\PRJ\DEBUG\PNGSET.OBJ
E:\PROJECTS DATA\THEFIRST\EXTERNALLIBS\IRRLICHT\PRJ\DEBUG\PNGTRANS.OBJ
E:\PROJECTS DATA\THEFIRST\EXTERNALLIBS\IRRLICHT\PRJ\DEBUG\JDMERGE.OBJ
E:\PROJECTS DATA\THEFIRST\EXTERNALLIBS\IRRLICHT\PRJ\DEBUG\JDPOSTCT.OBJ
E:\PROJECTS DATA\THEFIRST\EXTERNALLIBS\IRRLICHT\PRJ\DEBUG\JDSAMPLE.OBJ
E:\PROJECTS DATA\THEFIRST\EXTERNALLIBS\IRRLICHT\PRJ\DEBUG\JDTRANS.OBJ
E:\PROJECTS DATA\THEFIRST\EXTERNALLIBS\IRRLICHT\PRJ\DEBUG\JERROR.OBJ
E:\PROJECTS DATA\THEFIRST\EXTERNALLIBS\IRRLICHT\PRJ\DEBUG\JFDCTFLT.OBJ
E:\PROJECTS DATA\THEFIRST\EXTERNALLIBS\IRRLICHT\PRJ\DEBUG\JFDCTFST.OBJ
E:\PROJECTS DATA\THEFIRST\EXTERNALLIBS\IRRLICHT\PRJ\DEBUG\JFDCTINT.OBJ
E:\PROJECTS DATA\THEFIRST\EXTERNALLIBS\IRRLICHT\PRJ\DEBUG\JIDCTFLT.OBJ
E:\PROJECTS DATA\THEFIRST\EXTERNALLIBS\IRRLICHT\PRJ\DEBUG\JIDCTFST.OBJ
E:\PROJECTS DATA\THEFIRST\EXTERNALLIBS\IRRLICHT\PRJ\DEBUG\JIDCTINT.OBJ
E:\PROJECTS DATA\THEFIRST\EXTERNALLIBS\IRRLICHT\PRJ\DEBUG\JMEMMGR.OBJ
E:\PROJECTS DATA\THEFIRST\EXTERNALLIBS\IRRLICHT\PRJ\DEBUG\JMEMNAME.OBJ
E:\PROJECTS DATA\THEFIRST\EXTERNALLIBS\IRRLICHT\PRJ\DEBUG\JQUANT1.OBJ
E:\PROJECTS DATA\THEFIRST\EXTERNALLIBS\IRRLICHT\PRJ\DEBUG\JQUANT2.OBJ
E:\PROJECTS DATA\THEFIRST\EXTERNALLIBS\IRRLICHT\PRJ\DEBUG\JUTILS.OBJ
E:\PROJECTS DATA\THEFIRST\EXTERNALLIBS\IRRLICHT\PRJ\DEBUG\RDBMP.OBJ
E:\PROJECTS DATA\THEFIRST\EXTERNALLIBS\IRRLICHT\PRJ\DEBUG\RDCOLMAP.OBJ
E:\PROJECTS DATA\THEFIRST\EXTERNALLIBS\IRRLICHT\PRJ\DEBUG\RDGIF.OBJ
E:\PROJECTS DATA\THEFIRST\EXTERNALLIBS\IRRLICHT\PRJ\DEBUG\RDPPM.OBJ
E:\PROJECTS DATA\THEFIRST\EXTERNALLIBS\IRRLICHT\PRJ\DEBUG\JCMARKER.OBJ
E:\PROJECTS DATA\THEFIRST\EXTERNALLIBS\IRRLICHT\PRJ\DEBUG\JCMASTER.OBJ
E:\PROJECTS DATA\THEFIRST\EXTERNALLIBS\IRRLICHT\PRJ\DEBUG\JCOMAPI.OBJ
E:\PROJECTS DATA\THEFIRST\EXTERNALLIBS\IRRLICHT\PRJ\DEBUG\JCPARAM.OBJ
E:\PROJECTS DATA\THEFIRST\EXTERNALLIBS\IRRLICHT\PRJ\DEBUG\JCPREPCT.OBJ
E:\PROJECTS DATA\THEFIRST\EXTERNALLIBS\IRRLICHT\PRJ\DEBUG\JCSAMPLE.OBJ
E:\PROJECTS DATA\THEFIRST\EXTERNALLIBS\IRRLICHT\PRJ\DEBUG\JCTRANS.OBJ
E:\PROJECTS DATA\THEFIRST\EXTERNALLIBS\IRRLICHT\PRJ\DEBUG\JDAPIMIN.OBJ
E:\PROJECTS DATA\THEFIRST\EXTERNALLIBS\IRRLICHT\PRJ\DEBUG\JDAPISTD.OBJ
E:\PROJECTS DATA\THEFIRST\EXTERNALLIBS\IRRLICHT\PRJ\DEBUG\JDARITH.OBJ
E:\PROJECTS DATA\THEFIRST\EXTERNALLIBS\IRRLICHT\PRJ\DEBUG\JDATADST.OBJ
E:\PROJECTS DATA\THEFIRST\EXTERNALLIBS\IRRLICHT\PRJ\DEBUG\JDATASRC.OBJ
E:\PROJECTS DATA\THEFIRST\EXTERNALLIBS\IRRLICHT\PRJ\DEBUG\JDCOEFCT.OBJ
E:\PROJECTS DATA\THEFIRST\EXTERNALLIBS\IRRLICHT\PRJ\DEBUG\JDCOLOR.OBJ
E:\PROJECTS DATA\THEFIRST\EXTERNALLIBS\IRRLICHT\PRJ\DEBUG\JDDCTMGR.OBJ
E:\PROJECTS DATA\THEFIRST\EXTERNALLIBS\IRRLICHT\PRJ\DEBUG\JDHUFF.OBJ
E:\PROJECTS DATA\THEFIRST\EXTERNALLIBS\IRRLICHT\PRJ\DEBUG\JDINPUT.OBJ
E:\PROJECTS DATA\THEFIRST\EXTERNALLIBS\IRRLICHT\PRJ\DEBUG\JDMAINCT.OBJ
E:\PROJECTS DATA\THEFIRST\EXTERNALLIBS\IRRLICHT\PRJ\DEBUG\JDMARKER.OBJ
E:\PROJECTS DATA\THEFIRST\EXTERNALLIBS\IRRLICHT\PRJ\DEBUG\JDMASTER.OBJ
E:\PROJECTS DATA\THEFIRST\EXTERNALLIBS\IRRLICHT\PRJ\DEBUG\BLOCKSORT.OBJ
E:\PROJECTS DATA\THEFIRST\EXTERNALLIBS\IRRLICHT\PRJ\DEBUG\BZCOMPRESS.OBJ
E:\PROJECTS DATA\THEFIRST\EXTERNALLIBS\IRRLICHT\PRJ\DEBUG\BZIP2.OBJ
E:\PROJECTS DATA\THEFIRST\EXTERNALLIBS\IRRLICHT\PRJ\DEBUG\BZLIB.OBJ
E:\PROJECTS DATA\THEFIRST\EXTERNALLIBS\IRRLICHT\PRJ\DEBUG\CRCTABLE.OBJ
E:\PROJECTS DATA\THEFIRST\EXTERNALLIBS\IRRLICHT\PRJ\DEBUG\DECOMPRESS.OBJ
E:\PROJECTS DATA\THEFIRST\EXTERNALLIBS\IRRLICHT\PRJ\DEBUG\DLLTEST.OBJ
E:\PROJECTS DATA\THEFIRST\EXTERNALLIBS\IRRLICHT\PRJ\DEBUG\HUFFMAN.OBJ
E:\PROJECTS DATA\THEFIRST\EXTERNALLIBS\IRRLICHT\PRJ\DEBUG\RANDTABLE.OBJ
E:\PROJECTS DATA\THEFIRST\EXTERNALLIBS\IRRLICHT\PRJ\DEBUG\CDJPEG.OBJ
E:\PROJECTS DATA\THEFIRST\EXTERNALLIBS\IRRLICHT\PRJ\DEBUG\JARICOM.OBJ
E:\PROJECTS DATA\THEFIRST\EXTERNALLIBS\IRRLICHT\PRJ\DEBUG\JCAPIMIN.OBJ
E:\PROJECTS DATA\THEFIRST\EXTERNALLIBS\IRRLICHT\PRJ\DEBUG\JCAPISTD.OBJ
E:\PROJECTS DATA\THEFIRST\EXTERNALLIBS\IRRLICHT\PRJ\DEBUG\JCARITH.OBJ
E:\PROJECTS DATA\THEFIRST\EXTERNALLIBS\IRRLICHT\PRJ\DEBUG\JCCOEFCT.OBJ
E:\PROJECTS DATA\THEFIRST\EXTERNALLIBS\IRRLICHT\PRJ\DEBUG\JCCOLOR.OBJ
E:\PROJECTS DATA\THEFIRST\EXTERNALLIBS\IRRLICHT\PRJ\DEBUG\JCDCTMGR.OBJ
E:\PROJECTS DATA\THEFIRST\EXTERNALLIBS\IRRLICHT\PRJ\DEBUG\JCHUFF.OBJ
E:\PROJECTS DATA\THEFIRST\EXTERNALLIBS\IRRLICHT\PRJ\DEBUG\JCINIT.OBJ
E:\PROJECTS DATA\THEFIRST\EXTERNALLIBS\IRRLICHT\PRJ\DEBUG\JCMAINCT.OBJ
E:\PROJECTS DATA\2512GAME\KIDBUU\CHRISTMASGAME\PRJ\DEBUG\IRRLITCH.LIB
E:\PROJECTS DATA\THEFIRST\PRJ\DEBUG\IRRLITCH.LIB
E:\Projects Data\TheFirst\ExternalLibs\irrLicht\prj\Debug\adler32.obj
E:\Projects Data\TheFirst\ExternalLibs\irrLicht\prj\Debug\aescrypt.obj
E:\Projects Data\TheFirst\ExternalLibs\irrLicht\prj\Debug\aeskey.obj
E:\Projects Data\TheFirst\ExternalLibs\irrLicht\prj\Debug\aestab.obj
E:\Projects Data\TheFirst\ExternalLibs\irrLicht\prj\Debug\blocksort.obj
E:\Projects Data\TheFirst\ExternalLibs\irrLicht\prj\Debug\bzcompress.obj
E:\Projects Data\TheFirst\ExternalLibs\irrLicht\prj\Debug\bzip2.obj
E:\Projects Data\TheFirst\ExternalLibs\irrLicht\prj\Debug\bzlib.obj
E:\Projects Data\TheFirst\ExternalLibs\irrLicht\prj\Debug\C3DSMeshFileLoader.obj
E:\Projects Data\TheFirst\ExternalLibs\irrLicht\prj\Debug\CAnimatedMeshHalfLife.obj
E:\Projects Data\TheFirst\ExternalLibs\irrLicht\prj\Debug\CAnimatedMeshMD2.obj
E:\Projects Data\TheFirst\ExternalLibs\irrLicht\prj\Debug\CAnimatedMeshMD3.obj
E:\Projects Data\TheFirst\ExternalLibs\irrLicht\prj\Debug\CAnimatedMeshSceneNode.obj
E:\Projects Data\TheFirst\ExternalLibs\irrLicht\prj\Debug\CAttributes.obj
E:\Projects Data\TheFirst\ExternalLibs\irrLicht\prj\Debug\CB3DMeshFileLoader.obj
E:\Projects Data\TheFirst\ExternalLibs\irrLicht\prj\Debug\CBillboardSceneNode.obj
E:\Projects Data\TheFirst\ExternalLibs\irrLicht\prj\Debug\CBoneSceneNode.obj
E:\Projects Data\TheFirst\ExternalLibs\irrLicht\prj\Debug\CBSPMeshFileLoader.obj
E:\Projects Data\TheFirst\ExternalLibs\irrLicht\prj\Debug\CBurningShader_Raster_Reference.obj
E:\Projects Data\TheFirst\ExternalLibs\irrLicht\prj\Debug\CCameraSceneNode.obj
E:\Projects Data\TheFirst\ExternalLibs\irrLicht\prj\Debug\CCgMaterialRenderer.obj
E:\Projects Data\TheFirst\ExternalLibs\irrLicht\prj\Debug\CColladaFileLoader.obj
E:\Projects Data\TheFirst\ExternalLibs\irrLicht\prj\Debug\CColladaMeshWriter.obj
E:\Projects Data\TheFirst\ExternalLibs\irrLicht\prj\Debug\CColorConverter.obj
E:\Projects Data\TheFirst\ExternalLibs\irrLicht\prj\Debug\CCSMLoader.obj
E:\Projects Data\TheFirst\ExternalLibs\irrLicht\prj\Debug\CCubeSceneNode.obj
E:\Projects Data\TheFirst\ExternalLibs\irrLicht\prj\Debug\CD3D8Driver.obj
E:\Projects Data\TheFirst\ExternalLibs\irrLicht\prj\Debug\CD3D8NormalMapRenderer.obj
E:\Projects Data\TheFirst\ExternalLibs\irrLicht\prj\Debug\CD3D8ParallaxMapRenderer.obj
E:\Projects Data\TheFirst\ExternalLibs\irrLicht\prj\Debug\CD3D8ShaderMaterialRenderer.obj
E:\Projects Data\TheFirst\ExternalLibs\irrLicht\prj\Debug\CD3D8Texture.obj
E:\Projects Data\TheFirst\ExternalLibs\irrLicht\prj\Debug\CD3D9CgMaterialRenderer.obj
E:\Projects Data\TheFirst\ExternalLibs\irrLicht\prj\Debug\CD3D9Driver.obj
E:\Projects Data\TheFirst\ExternalLibs\irrLicht\prj\Debug\CD3D9HLSLMaterialRenderer.obj
E:\Projects Data\TheFirst\ExternalLibs\irrLicht\prj\Debug\CD3D9NormalMapRenderer.obj
E:\Projects Data\TheFirst\ExternalLibs\irrLicht\prj\Debug\CD3D9ParallaxMapRenderer.obj
E:\Projects Data\TheFirst\ExternalLibs\irrLicht\prj\Debug\CD3D9ShaderMaterialRenderer.obj
E:\Projects Data\TheFirst\ExternalLibs\irrLicht\prj\Debug\CD3D9Texture.obj
E:\Projects Data\TheFirst\ExternalLibs\irrLicht\prj\Debug\CDefaultGUIElementFactory.obj
E:\Projects Data\TheFirst\ExternalLibs\irrLicht\prj\Debug\CDefaultSceneNodeAnimatorFactory.obj
E:\Projects Data\TheFirst\ExternalLibs\irrLicht\prj\Debug\CDefaultSceneNodeFactory.obj
E:\Projects Data\TheFirst\ExternalLibs\irrLicht\prj\Debug\CDepthBuffer.obj
E:\Projects Data\TheFirst\ExternalLibs\irrLicht\prj\Debug\cdjpeg.obj
E:\Projects Data\TheFirst\ExternalLibs\irrLicht\prj\Debug\CDMFLoader.obj
E:\Projects Data\TheFirst\ExternalLibs\irrLicht\prj\Debug\CDummyTransformationSceneNode.obj
E:\Projects Data\TheFirst\ExternalLibs\irrLicht\prj\Debug\CEmptySceneNode.obj
E:\Projects Data\TheFirst\ExternalLibs\irrLicht\prj\Debug\CFileList.obj
E:\Projects Data\TheFirst\ExternalLibs\irrLicht\prj\Debug\CFileSystem.obj
E:\Projects Data\TheFirst\ExternalLibs\irrLicht\prj\Debug\CFPSCounter.obj
E:\Projects Data\TheFirst\ExternalLibs\irrLicht\prj\Debug\CGeometryCreator.obj
E:\Projects Data\TheFirst\ExternalLibs\irrLicht\prj\Debug\CGUIButton.obj
E:\Projects Data\TheFirst\ExternalLibs\irrLicht\prj\Debug\CGUICheckBox.obj
E:\Projects Data\TheFirst\ExternalLibs\irrLicht\prj\Debug\CGUIColorSelectDialog.obj
E:\Projects Data\TheFirst\ExternalLibs\irrLicht\prj\Debug\CGUIComboBox.obj
E:\Projects Data\TheFirst\ExternalLibs\irrLicht\prj\Debug\CGUIContextMenu.obj
E:\Projects Data\TheFirst\ExternalLibs\irrLicht\prj\Debug\CGUIEditBox.obj
E:\Projects Data\TheFirst\ExternalLibs\irrLicht\prj\Debug\CGUIEnvironment.obj
E:\Projects Data\TheFirst\ExternalLibs\irrLicht\prj\Debug\CGUIFileOpenDialog.obj
E:\Projects Data\TheFirst\ExternalLibs\irrLicht\prj\Debug\CGUIFont.obj
E:\Projects Data\TheFirst\ExternalLibs\irrLicht\prj\Debug\CGUIImage.obj
E:\Projects Data\TheFirst\ExternalLibs\irrLicht\prj\Debug\CGUIImageList.obj
E:\Projects Data\TheFirst\ExternalLibs\irrLicht\prj\Debug\CGUIInOutFader.obj
E:\Projects Data\TheFirst\ExternalLibs\irrLicht\prj\Debug\CGUIListBox.obj
E:\Projects Data\TheFirst\ExternalLibs\irrLicht\prj\Debug\CGUIMenu.obj
E:\Projects Data\TheFirst\ExternalLibs\irrLicht\prj\Debug\CGUIMeshViewer.obj
E:\Projects Data\TheFirst\ExternalLibs\irrLicht\prj\Debug\CGUIMessageBox.obj
E:\Projects Data\TheFirst\ExternalLibs\irrLicht\prj\Debug\CGUIModalScreen.obj
E:\Projects Data\TheFirst\ExternalLibs\irrLicht\prj\Debug\CGUIScrollBar.obj
E:\Projects Data\TheFirst\ExternalLibs\irrLicht\prj\Debug\CGUISkin.obj
E:\Projects Data\TheFirst\ExternalLibs\irrLicht\prj\Debug\CGUISpinBox.obj
E:\Projects Data\TheFirst\ExternalLibs\irrLicht\prj\Debug\CGUISpriteBank.obj
E:\Projects Data\TheFirst\ExternalLibs\irrLicht\prj\Debug\CGUIStaticText.obj
E:\Projects Data\TheFirst\ExternalLibs\irrLicht\prj\Debug\CGUITabControl.obj
E:\Projects Data\TheFirst\ExternalLibs\irrLicht\prj\Debug\CGUITable.obj
E:\Projects Data\TheFirst\ExternalLibs\irrLicht\prj\Debug\CGUIToolBar.obj
E:\Projects Data\TheFirst\ExternalLibs\irrLicht\prj\Debug\CGUITreeView.obj
E:\Projects Data\TheFirst\ExternalLibs\irrLicht\prj\Debug\CGUIWindow.obj
E:\Projects Data\TheFirst\ExternalLibs\irrLicht\prj\Debug\CImage.obj
E:\Projects Data\TheFirst\ExternalLibs\irrLicht\prj\Debug\CImageLoaderBMP.obj
E:\Projects Data\TheFirst\ExternalLibs\irrLicht\prj\Debug\CImageLoaderDDS.obj
E:\Projects Data\TheFirst\ExternalLibs\irrLicht\prj\Debug\CImageLoaderJPG.obj
E:\Projects Data\TheFirst\ExternalLibs\irrLicht\prj\Debug\CImageLoaderPCX.obj
E:\Projects Data\TheFirst\ExternalLibs\irrLicht\prj\Debug\CImageLoaderPNG.obj
E:\Projects Data\TheFirst\ExternalLibs\irrLicht\prj\Debug\CImageLoaderPPM.obj
E:\Projects Data\TheFirst\ExternalLibs\irrLicht\prj\Debug\CImageLoaderPSD.obj
E:\Projects Data\TheFirst\ExternalLibs\irrLicht\prj\Debug\CImageLoaderRGB.obj
E:\Projects Data\TheFirst\ExternalLibs\irrLicht\prj\Debug\CImageLoaderTGA.obj
E:\Projects Data\TheFirst\ExternalLibs\irrLicht\prj\Debug\CImageLoaderWAL.obj
E:\Projects Data\TheFirst\ExternalLibs\irrLicht\prj\Debug\CImageWriterBMP.obj
E:\Projects Data\TheFirst\ExternalLibs\irrLicht\prj\Debug\CImageWriterJPG.obj
E:\Projects Data\TheFirst\ExternalLibs\irrLicht\prj\Debug\CImageWriterPCX.obj
E:\Projects Data\TheFirst\ExternalLibs\irrLicht\prj\Debug\CImageWriterPNG.obj
E:\Projects Data\TheFirst\ExternalLibs\irrLicht\prj\Debug\CImageWriterPPM.obj
E:\Projects Data\TheFirst\ExternalLibs\irrLicht\prj\Debug\CImageWriterPSD.obj
E:\Projects Data\TheFirst\ExternalLibs\irrLicht\prj\Debug\CImageWriterTGA.obj
E:\Projects Data\TheFirst\ExternalLibs\irrLicht\prj\Debug\CIrrDeviceConsole.obj
E:\Projects Data\TheFirst\ExternalLibs\irrLicht\prj\Debug\CIrrDeviceFB.obj
E:\Projects Data\TheFirst\ExternalLibs\irrLicht\prj\Debug\CIrrDeviceLinux.obj
E:\Projects Data\TheFirst\ExternalLibs\irrLicht\prj\Debug\CIrrDeviceSDL.obj
E:\Projects Data\TheFirst\ExternalLibs\irrLicht\prj\Debug\CIrrDeviceStub.obj
E:\Projects Data\TheFirst\ExternalLibs\irrLicht\prj\Debug\CIrrDeviceWin32.obj
E:\Projects Data\TheFirst\ExternalLibs\irrLicht\prj\Debug\CIrrDeviceWinCE.obj
E:\Projects Data\TheFirst\ExternalLibs\irrLicht\prj\Debug\CIrrMeshFileLoader.obj
E:\Projects Data\TheFirst\ExternalLibs\irrLicht\prj\Debug\CIrrMeshWriter.obj
E:\Projects Data\TheFirst\ExternalLibs\irrLicht\prj\Debug\CLightSceneNode.obj
E:\Projects Data\TheFirst\ExternalLibs\irrLicht\prj\Debug\CLimitReadFile.obj
E:\Projects Data\TheFirst\ExternalLibs\irrLicht\prj\Debug\CLMTSMeshFileLoader.obj
E:\Projects Data\TheFirst\ExternalLibs\irrLicht\prj\Debug\CLogger.obj
E:\Projects Data\TheFirst\ExternalLibs\irrLicht\prj\Debug\CLWOMeshFileLoader.obj
E:\Projects Data\TheFirst\ExternalLibs\irrLicht\prj\Debug\CMD2MeshFileLoader.obj
E:\Projects Data\TheFirst\ExternalLibs\irrLicht\prj\Debug\CMD3MeshFileLoader.obj
E:\Projects Data\TheFirst\ExternalLibs\irrLicht\prj\Debug\CMemoryFile.obj
E:\Projects Data\TheFirst\ExternalLibs\irrLicht\prj\Debug\CMeshCache.obj
E:\Projects Data\TheFirst\ExternalLibs\irrLicht\prj\Debug\CMeshManipulator.obj
E:\Projects Data\TheFirst\ExternalLibs\irrLicht\prj\Debug\CMeshSceneNode.obj
E:\Projects Data\TheFirst\ExternalLibs\irrLicht\prj\Debug\CMetaTriangleSelector.obj
E:\Projects Data\TheFirst\ExternalLibs\irrLicht\prj\Debug\CMountPointReader.obj
E:\Projects Data\TheFirst\ExternalLibs\irrLicht\prj\Debug\CMS3DMeshFileLoader.obj
E:\Projects Data\TheFirst\ExternalLibs\irrLicht\prj\Debug\CMY3DMeshFileLoader.obj
E:\Projects Data\TheFirst\ExternalLibs\irrLicht\prj\Debug\CNPKReader.obj
E:\Projects Data\TheFirst\ExternalLibs\irrLicht\prj\Debug\CNullDriver.obj
E:\Projects Data\TheFirst\ExternalLibs\irrLicht\prj\Debug\COBJMeshFileLoader.obj
E:\Projects Data\TheFirst\ExternalLibs\irrLicht\prj\Debug\COBJMeshWriter.obj
E:\Projects Data\TheFirst\ExternalLibs\irrLicht\prj\Debug\COCTLoader.obj
E:\Projects Data\TheFirst\ExternalLibs\irrLicht\prj\Debug\COctreeSceneNode.obj
E:\Projects Data\TheFirst\ExternalLibs\irrLicht\prj\Debug\COctreeTriangleSelector.obj
E:\Projects Data\TheFirst\ExternalLibs\irrLicht\prj\Debug\COgreMeshFileLoader.obj
E:\Projects Data\TheFirst\ExternalLibs\irrLicht\prj\Debug\compress.obj
E:\Projects Data\TheFirst\ExternalLibs\irrLicht\prj\Debug\COpenGLCgMaterialRenderer.obj
E:\Projects Data\TheFirst\ExternalLibs\irrLicht\prj\Debug\COpenGLDriver.obj
E:\Projects Data\TheFirst\ExternalLibs\irrLicht\prj\Debug\COpenGLExtensionHandler.obj
E:\Projects Data\TheFirst\ExternalLibs\irrLicht\prj\Debug\COpenGLNormalMapRenderer.obj
E:\Projects Data\TheFirst\ExternalLibs\irrLicht\prj\Debug\COpenGLParallaxMapRenderer.obj
E:\Projects Data\TheFirst\ExternalLibs\irrLicht\prj\Debug\COpenGLShaderMaterialRenderer.obj
E:\Projects Data\TheFirst\ExternalLibs\irrLicht\prj\Debug\COpenGLSLMaterialRenderer.obj
E:\Projects Data\TheFirst\ExternalLibs\irrLicht\prj\Debug\COpenGLTexture.obj
E:\Projects Data\TheFirst\ExternalLibs\irrLicht\prj\Debug\COSOperator.obj
E:\Projects Data\TheFirst\ExternalLibs\irrLicht\prj\Debug\CPakReader.obj
E:\Projects Data\TheFirst\ExternalLibs\irrLicht\prj\Debug\CParticleAnimatedMeshSceneNodeEmitter.obj
E:\Projects Data\TheFirst\ExternalLibs\irrLicht\prj\Debug\CParticleAttractionAffector.obj
E:\Projects Data\TheFirst\ExternalLibs\irrLicht\prj\Debug\CParticleBoxEmitter.obj
E:\Projects Data\TheFirst\ExternalLibs\irrLicht\prj\Debug\CParticleCylinderEmitter.obj
E:\Projects Data\TheFirst\ExternalLibs\irrLicht\prj\Debug\CParticleFadeOutAffector.obj
E:\Projects Data\TheFirst\ExternalLibs\irrLicht\prj\Debug\CParticleGravityAffector.obj
E:\Projects Data\TheFirst\ExternalLibs\irrLicht\prj\Debug\CParticleMeshEmitter.obj
E:\Projects Data\TheFirst\ExternalLibs\irrLicht\prj\Debug\CParticlePointEmitter.obj
E:\Projects Data\TheFirst\ExternalLibs\irrLicht\prj\Debug\CParticleRingEmitter.obj
E:\Projects Data\TheFirst\ExternalLibs\irrLicht\prj\Debug\CParticleRotationAffector.obj
E:\Projects Data\TheFirst\ExternalLibs\irrLicht\prj\Debug\CParticleScaleAffector.obj
E:\Projects Data\TheFirst\ExternalLibs\irrLicht\prj\Debug\CParticleSphereEmitter.obj
E:\Projects Data\TheFirst\ExternalLibs\irrLicht\prj\Debug\CParticleSystemSceneNode.obj
E:\Projects Data\TheFirst\ExternalLibs\irrLicht\prj\Debug\CPLYMeshFileLoader.obj
E:\Projects Data\TheFirst\ExternalLibs\irrLicht\prj\Debug\CPLYMeshWriter.obj
E:\Projects Data\TheFirst\ExternalLibs\irrLicht\prj\Debug\CQ3LevelMesh.obj
E:\Projects Data\TheFirst\ExternalLibs\irrLicht\prj\Debug\CQuake3ShaderSceneNode.obj
E:\Projects Data\TheFirst\ExternalLibs\irrLicht\prj\Debug\crc32.obj
E:\Projects Data\TheFirst\ExternalLibs\irrLicht\prj\Debug\crctable.obj
E:\Projects Data\TheFirst\ExternalLibs\irrLicht\prj\Debug\CReadFile.obj
E:\Projects Data\TheFirst\ExternalLibs\irrLicht\prj\Debug\CSceneCollisionManager.obj
E:\Projects Data\TheFirst\ExternalLibs\irrLicht\prj\Debug\CSceneLoaderIrr.obj
E:\Projects Data\TheFirst\ExternalLibs\irrLicht\prj\Debug\CSceneManager.obj
E:\Projects Data\TheFirst\ExternalLibs\irrLicht\prj\Debug\CSceneNodeAnimatorCameraFPS.obj
E:\Projects Data\TheFirst\ExternalLibs\irrLicht\prj\Debug\CSceneNodeAnimatorCameraMaya.obj
E:\Projects Data\TheFirst\ExternalLibs\irrLicht\prj\Debug\CSceneNodeAnimatorCollisionResponse.obj
E:\Projects Data\TheFirst\ExternalLibs\irrLicht\prj\Debug\CSceneNodeAnimatorDelete.obj
E:\Projects Data\TheFirst\ExternalLibs\irrLicht\prj\Debug\CSceneNodeAnimatorFlyCircle.obj
E:\Projects Data\TheFirst\ExternalLibs\irrLicht\prj\Debug\CSceneNodeAnimatorFlyStraight.obj
E:\Projects Data\TheFirst\ExternalLibs\irrLicht\prj\Debug\CSceneNodeAnimatorFollowSpline.obj
E:\Projects Data\TheFirst\ExternalLibs\irrLicht\prj\Debug\CSceneNodeAnimatorRotation.obj
E:\Projects Data\TheFirst\ExternalLibs\irrLicht\prj\Debug\CSceneNodeAnimatorTexture.obj
E:\Projects Data\TheFirst\ExternalLibs\irrLicht\prj\Debug\CShadowVolumeSceneNode.obj
E:\Projects Data\TheFirst\ExternalLibs\irrLicht\prj\Debug\CSkinnedMesh.obj
E:\Projects Data\TheFirst\ExternalLibs\irrLicht\prj\Debug\CSkyBoxSceneNode.obj
E:\Projects Data\TheFirst\ExternalLibs\irrLicht\prj\Debug\CSkyDomeSceneNode.obj
E:\Projects Data\TheFirst\ExternalLibs\irrLicht\prj\Debug\CSMFMeshFileLoader.obj
E:\Projects Data\TheFirst\ExternalLibs\irrLicht\prj\Debug\CSoftwareDriver.obj
E:\Projects Data\TheFirst\ExternalLibs\irrLicht\prj\Debug\CSoftwareDriver2.obj
E:\Projects Data\TheFirst\ExternalLibs\irrLicht\prj\Debug\CSoftwareTexture.obj
E:\Projects Data\TheFirst\ExternalLibs\irrLicht\prj\Debug\CSoftwareTexture2.obj
E:\Projects Data\TheFirst\ExternalLibs\irrLicht\prj\Debug\CSphereSceneNode.obj
E:\Projects Data\TheFirst\ExternalLibs\irrLicht\prj\Debug\CSTLMeshFileLoader.obj
E:\Projects Data\TheFirst\ExternalLibs\irrLicht\prj\Debug\CSTLMeshWriter.obj
E:\Projects Data\TheFirst\ExternalLibs\irrLicht\prj\Debug\CTarReader.obj
E:\Projects Data\TheFirst\ExternalLibs\irrLicht\prj\Debug\CTerrainSceneNode.obj
E:\Projects Data\TheFirst\ExternalLibs\irrLicht\prj\Debug\CTerrainTriangleSelector.obj
E:\Projects Data\TheFirst\ExternalLibs\irrLicht\prj\Debug\CTextSceneNode.obj
E:\Projects Data\TheFirst\ExternalLibs\irrLicht\prj\Debug\CTRFlat.obj
E:\Projects Data\TheFirst\ExternalLibs\irrLicht\prj\Debug\CTRFlatWire.obj
E:\Projects Data\TheFirst\ExternalLibs\irrLicht\prj\Debug\CTRGouraud.obj
E:\Projects Data\TheFirst\ExternalLibs\irrLicht\prj\Debug\CTRGouraud2.obj
E:\Projects Data\TheFirst\ExternalLibs\irrLicht\prj\Debug\CTRGouraudAlpha2.obj
E:\Projects Data\TheFirst\ExternalLibs\irrLicht\prj\Debug\CTRGouraudAlphaNoZ2.obj
E:\Projects Data\TheFirst\ExternalLibs\irrLicht\prj\Debug\CTRGouraudWire.obj
E:\Projects Data\TheFirst\ExternalLibs\irrLicht\prj\Debug\CTriangleBBSelector.obj
E:\Projects Data\TheFirst\ExternalLibs\irrLicht\prj\Debug\CTriangleSelector.obj
E:\Projects Data\TheFirst\ExternalLibs\irrLicht\prj\Debug\CTRNormalMap.obj
E:\Projects Data\TheFirst\ExternalLibs\irrLicht\prj\Debug\CTRStencilShadow.obj
E:\Projects Data\TheFirst\ExternalLibs\irrLicht\prj\Debug\CTRTextureBlend.obj
E:\Projects Data\TheFirst\ExternalLibs\irrLicht\prj\Debug\CTRTextureDetailMap2.obj
E:\Projects Data\TheFirst\ExternalLibs\irrLicht\prj\Debug\CTRTextureFlat.obj
E:\Projects Data\TheFirst\ExternalLibs\irrLicht\prj\Debug\CTRTextureFlatWire.obj
E:\Projects Data\TheFirst\ExternalLibs\irrLicht\prj\Debug\CTRTextureGouraud.obj
E:\Projects Data\TheFirst\ExternalLibs\irrLicht\prj\Debug\CTRTextureGouraud2.obj
E:\Projects Data\TheFirst\ExternalLibs\irrLicht\prj\Debug\CTRTextureGouraudAdd.obj
E:\Projects Data\TheFirst\ExternalLibs\irrLicht\prj\Debug\CTRTextureGouraudAdd2.obj
E:\Projects Data\TheFirst\ExternalLibs\irrLicht\prj\Debug\CTRTextureGouraudAddNoZ2.obj
E:\Projects Data\TheFirst\ExternalLibs\irrLicht\prj\Debug\CTRTextureGouraudAlpha.obj
E:\Projects Data\TheFirst\ExternalLibs\irrLicht\prj\Debug\CTRTextureGouraudAlphaNoZ.obj
E:\Projects Data\TheFirst\ExternalLibs\irrLicht\prj\Debug\CTRTextureGouraudNoZ.obj
E:\Projects Data\TheFirst\ExternalLibs\irrLicht\prj\Debug\CTRTextureGouraudNoZ2.obj
E:\Projects Data\TheFirst\ExternalLibs\irrLicht\prj\Debug\CTRTextureGouraudVertexAlpha2.obj
E:\Projects Data\TheFirst\ExternalLibs\irrLicht\prj\Debug\CTRTextureGouraudWire.obj
E:\Projects Data\TheFirst\ExternalLibs\irrLicht\prj\Debug\CTRTextureLightMap2_Add.obj
E:\Projects Data\TheFirst\ExternalLibs\irrLicht\prj\Debug\CTRTextureLightMap2_M1.obj
E:\Projects Data\TheFirst\ExternalLibs\irrLicht\prj\Debug\CTRTextureLightMap2_M2.obj
E:\Projects Data\TheFirst\ExternalLibs\irrLicht\prj\Debug\CTRTextureLightMap2_M4.obj
E:\Projects Data\TheFirst\ExternalLibs\irrLicht\prj\Debug\CTRTextureLightMapGouraud2_M4.obj
E:\Projects Data\TheFirst\ExternalLibs\irrLicht\prj\Debug\CTRTextureWire2.obj
E:\Projects Data\TheFirst\ExternalLibs\irrLicht\prj\Debug\CVideoModeList.obj
E:\Projects Data\TheFirst\ExternalLibs\irrLicht\prj\Debug\CVolumeLightSceneNode.obj
E:\Projects Data\TheFirst\ExternalLibs\irrLicht\prj\Debug\CWADReader.obj
E:\Projects Data\TheFirst\ExternalLibs\irrLicht\prj\Debug\CWaterSurfaceSceneNode.obj
E:\Projects Data\TheFirst\ExternalLibs\irrLicht\prj\Debug\CWriteFile.obj
E:\Projects Data\TheFirst\ExternalLibs\irrLicht\prj\Debug\CXMeshFileLoader.obj
E:\Projects Data\TheFirst\ExternalLibs\irrLicht\prj\Debug\CXMLReader.obj
E:\Projects Data\TheFirst\ExternalLibs\irrLicht\prj\Debug\CXMLWriter.obj
E:\Projects Data\TheFirst\ExternalLibs\irrLicht\prj\Debug\CZBuffer.obj
E:\Projects Data\TheFirst\ExternalLibs\irrLicht\prj\Debug\CZipReader.obj
E:\Projects Data\TheFirst\ExternalLibs\irrLicht\prj\Debug\decompress.obj
E:\Projects Data\TheFirst\ExternalLibs\irrLicht\prj\Debug\deflate.obj
E:\Projects Data\TheFirst\ExternalLibs\irrLicht\prj\Debug\dlltest.obj
E:\Projects Data\TheFirst\ExternalLibs\irrLicht\prj\Debug\fileenc.obj
E:\Projects Data\TheFirst\ExternalLibs\irrLicht\prj\Debug\gzclose.obj
E:\Projects Data\TheFirst\ExternalLibs\irrLicht\prj\Debug\gzlib.obj
E:\Projects Data\TheFirst\ExternalLibs\irrLicht\prj\Debug\gzread.obj
E:\Projects Data\TheFirst\ExternalLibs\irrLicht\prj\Debug\gzwrite.obj
E:\Projects Data\TheFirst\ExternalLibs\irrLicht\prj\Debug\hmac.obj
E:\Projects Data\TheFirst\ExternalLibs\irrLicht\prj\Debug\huffman.obj
E:\Projects Data\TheFirst\ExternalLibs\irrLicht\prj\Debug\IBurningShader.obj
E:\Projects Data\TheFirst\ExternalLibs\irrLicht\prj\Debug\infback.obj
E:\Projects Data\TheFirst\ExternalLibs\irrLicht\prj\Debug\inffast.obj
E:\Projects Data\TheFirst\ExternalLibs\irrLicht\prj\Debug\inflate.obj
E:\Projects Data\TheFirst\ExternalLibs\irrLicht\prj\Debug\inftrees.obj
E:\Projects Data\TheFirst\ExternalLibs\irrLicht\prj\Debug\Irrlicht.obj
E:\Projects Data\TheFirst\ExternalLibs\irrLicht\prj\Debug\irrXML.obj
E:\Projects Data\TheFirst\ExternalLibs\irrLicht\prj\Debug\jaricom.obj
E:\Projects Data\TheFirst\ExternalLibs\irrLicht\prj\Debug\jcapimin.obj
E:\Projects Data\TheFirst\ExternalLibs\irrLicht\prj\Debug\jcapistd.obj
E:\Projects Data\TheFirst\ExternalLibs\irrLicht\prj\Debug\jcarith.obj
E:\Projects Data\TheFirst\ExternalLibs\irrLicht\prj\Debug\jccoefct.obj
E:\Projects Data\TheFirst\ExternalLibs\irrLicht\prj\Debug\jccolor.obj
E:\Projects Data\TheFirst\ExternalLibs\irrLicht\prj\Debug\jcdctmgr.obj
E:\Projects Data\TheFirst\ExternalLibs\irrLicht\prj\Debug\jchuff.obj
E:\Projects Data\TheFirst\ExternalLibs\irrLicht\prj\Debug\jcinit.obj
E:\Projects Data\TheFirst\ExternalLibs\irrLicht\prj\Debug\jcmainct.obj
E:\Projects Data\TheFirst\ExternalLibs\irrLicht\prj\Debug\jcmarker.obj
E:\Projects Data\TheFirst\ExternalLibs\irrLicht\prj\Debug\jcmaster.obj
E:\Projects Data\TheFirst\ExternalLibs\irrLicht\prj\Debug\jcomapi.obj
E:\Projects Data\TheFirst\ExternalLibs\irrLicht\prj\Debug\jcparam.obj
E:\Projects Data\TheFirst\ExternalLibs\irrLicht\prj\Debug\jcprepct.obj
E:\Projects Data\TheFirst\ExternalLibs\irrLicht\prj\Debug\jcsample.obj
E:\Projects Data\TheFirst\ExternalLibs\irrLicht\prj\Debug\jctrans.obj
E:\Projects Data\TheFirst\ExternalLibs\irrLicht\prj\Debug\jdapimin.obj
E:\Projects Data\TheFirst\ExternalLibs\irrLicht\prj\Debug\jdapistd.obj
E:\Projects Data\TheFirst\ExternalLibs\irrLicht\prj\Debug\jdarith.obj
E:\Projects Data\TheFirst\ExternalLibs\irrLicht\prj\Debug\jdatadst.obj
E:\Projects Data\TheFirst\ExternalLibs\irrLicht\prj\Debug\jdatasrc.obj
E:\Projects Data\TheFirst\ExternalLibs\irrLicht\prj\Debug\jdcoefct.obj
E:\Projects Data\TheFirst\ExternalLibs\irrLicht\prj\Debug\jdcolor.obj
E:\Projects Data\TheFirst\ExternalLibs\irrLicht\prj\Debug\jddctmgr.obj
E:\Projects Data\TheFirst\ExternalLibs\irrLicht\prj\Debug\jdhuff.obj
E:\Projects Data\TheFirst\ExternalLibs\irrLicht\prj\Debug\jdinput.obj
E:\Projects Data\TheFirst\ExternalLibs\irrLicht\prj\Debug\jdmainct.obj
E:\Projects Data\TheFirst\ExternalLibs\irrLicht\prj\Debug\jdmarker.obj
E:\Projects Data\TheFirst\ExternalLibs\irrLicht\prj\Debug\jdmaster.obj
E:\Projects Data\TheFirst\ExternalLibs\irrLicht\prj\Debug\jdmerge.obj
E:\Projects Data\TheFirst\ExternalLibs\irrLicht\prj\Debug\jdpostct.obj
E:\Projects Data\TheFirst\ExternalLibs\irrLicht\prj\Debug\jdsample.obj
E:\Projects Data\TheFirst\ExternalLibs\irrLicht\prj\Debug\jdtrans.obj
E:\Projects Data\TheFirst\ExternalLibs\irrLicht\prj\Debug\jerror.obj
E:\Projects Data\TheFirst\ExternalLibs\irrLicht\prj\Debug\jfdctflt.obj
E:\Projects Data\TheFirst\ExternalLibs\irrLicht\prj\Debug\jfdctfst.obj
E:\Projects Data\TheFirst\ExternalLibs\irrLicht\prj\Debug\jfdctint.obj
E:\Projects Data\TheFirst\ExternalLibs\irrLicht\prj\Debug\jidctflt.obj
E:\Projects Data\TheFirst\ExternalLibs\irrLicht\prj\Debug\jidctfst.obj
E:\Projects Data\TheFirst\ExternalLibs\irrLicht\prj\Debug\jidctint.obj
E:\Projects Data\TheFirst\ExternalLibs\irrLicht\prj\Debug\jmemmgr.obj
E:\Projects Data\TheFirst\ExternalLibs\irrLicht\prj\Debug\jmemname.obj
E:\Projects Data\TheFirst\ExternalLibs\irrLicht\prj\Debug\jquant1.obj
E:\Projects Data\TheFirst\ExternalLibs\irrLicht\prj\Debug\jquant2.obj
E:\Projects Data\TheFirst\ExternalLibs\irrLicht\prj\Debug\jutils.obj
E:\Projects Data\TheFirst\ExternalLibs\irrLicht\prj\Debug\LzmaDec.obj
E:\Projects Data\TheFirst\ExternalLibs\irrLicht\prj\Debug\os.obj
E:\Projects Data\TheFirst\ExternalLibs\irrLicht\prj\Debug\png.obj
E:\Projects Data\TheFirst\ExternalLibs\irrLicht\prj\Debug\pngerror.obj
E:\Projects Data\TheFirst\ExternalLibs\irrLicht\prj\Debug\pngget.obj
E:\Projects Data\TheFirst\ExternalLibs\irrLicht\prj\Debug\pngmem.obj
E:\Projects Data\TheFirst\ExternalLibs\irrLicht\prj\Debug\pngpread.obj
E:\Projects Data\TheFirst\ExternalLibs\irrLicht\prj\Debug\pngread.obj
E:\Projects Data\TheFirst\ExternalLibs\irrLicht\prj\Debug\pngrio.obj
E:\Projects Data\TheFirst\ExternalLibs\irrLicht\prj\Debug\pngrtran.obj
E:\Projects Data\TheFirst\ExternalLibs\irrLicht\prj\Debug\pngrutil.obj
E:\Projects Data\TheFirst\ExternalLibs\irrLicht\prj\Debug\pngset.obj
E:\Projects Data\TheFirst\ExternalLibs\irrLicht\prj\Debug\pngtrans.obj
E:\Projects Data\TheFirst\ExternalLibs\irrLicht\prj\Debug\pngwio.obj
E:\Projects Data\TheFirst\ExternalLibs\irrLicht\prj\Debug\pngwrite.obj
E:\Projects Data\TheFirst\ExternalLibs\irrLicht\prj\Debug\pngwtran.obj
E:\Projects Data\TheFirst\ExternalLibs\irrLicht\prj\Debug\pngwutil.obj
E:\Projects Data\TheFirst\ExternalLibs\irrLicht\prj\Debug\prng.obj
E:\Projects Data\TheFirst\ExternalLibs\irrLicht\prj\Debug\pwd2key.obj
E:\Projects Data\TheFirst\ExternalLibs\irrLicht\prj\Debug\randtable.obj
E:\Projects Data\TheFirst\ExternalLibs\irrLicht\prj\Debug\rdbmp.obj
E:\Projects Data\TheFirst\ExternalLibs\irrLicht\prj\Debug\rdcolmap.obj
E:\Projects Data\TheFirst\ExternalLibs\irrLicht\prj\Debug\rdgif.obj
E:\Projects Data\TheFirst\ExternalLibs\irrLicht\prj\Debug\rdppm.obj
E:\Projects Data\TheFirst\ExternalLibs\irrLicht\prj\Debug\rdrle.obj
E:\Projects Data\TheFirst\ExternalLibs\irrLicht\prj\Debug\rdswitch.obj
E:\Projects Data\TheFirst\ExternalLibs\irrLicht\prj\Debug\rdtarga.obj
E:\Projects Data\TheFirst\ExternalLibs\irrLicht\prj\Debug\sha1.obj
E:\Projects Data\TheFirst\ExternalLibs\irrLicht\prj\Debug\sha2.obj
E:\Projects Data\TheFirst\ExternalLibs\irrLicht\prj\Debug\transupp.obj
E:\Projects Data\TheFirst\ExternalLibs\irrLicht\prj\Debug\trees.obj
E:\Projects Data\TheFirst\ExternalLibs\irrLicht\prj\Debug\uncompr.obj
E:\Projects Data\TheFirst\ExternalLibs\irrLicht\prj\Debug\wrbmp.obj
E:\Projects Data\TheFirst\ExternalLibs\irrLicht\prj\Debug\wrgif.obj
E:\Projects Data\TheFirst\ExternalLibs\irrLicht\prj\Debug\wrppm.obj
E:\Projects Data\TheFirst\ExternalLibs\irrLicht\prj\Debug\wrrle.obj
E:\Projects Data\TheFirst\ExternalLibs\irrLicht\prj\Debug\wrtarga.obj
E:\Projects Data\TheFirst\ExternalLibs\irrLicht\prj\Debug\zutil.obj
E:\Projects Data\TheFirst\ExternalLibs\irrLicht\prj\Debug\cl.command.1.tlog
E:\Projects Data\TheFirst\ExternalLibs\irrLicht\prj\Debug\CL.read.1.tlog
E:\Projects Data\TheFirst\ExternalLibs\irrLicht\prj\Debug\CL.write.1.tlog
E:\Projects Data\TheFirst\ExternalLibs\irrLicht\prj\Debug\Lib-link.read.1.tlog
E:\Projects Data\TheFirst\ExternalLibs\irrLicht\prj\Debug\Lib-link.write.1.tlog
E:\Projects Data\TheFirst\ExternalLibs\irrLicht\prj\Debug\lib.command.1.tlog
E:\Projects Data\TheFirst\ExternalLibs\irrLicht\prj\Debug\vc110.idb
E:\Projects Data\TheFirst\ExternalLibs\irrLicht\prj\Debug\vc110.pdb
E:\Projects Data\TheFirst\prj\Debug\irrLitch.lib
